DEBUG:   Getting filename match for iagno-3.36.3-1.x86_64.rpm
DEBUG:   Exploding tree for iagno
DEBUG:   Processing iagno-3.36.3-1.x86_64.rpm with appdata
DEBUG:   Running asb_plugin_process() from appdata
INFO:    Upstream contact <arnaud.bonatti@gmail.com>
WARNING: Unable to currently map Fedora license 'null' to SPDX
DEBUG:   Running asb_plugin_process_app() from desktop
DEBUG:   Running asb_plugin_process_app() from font
DEBUG:   Running asb_plugin_process_app() from gettext
DEBUG:   Running asb_plugin_process_app() from hardcoded
DEBUG:   Auto-adding kudo UserDocs for org.gnome.Reversi
DEBUG:   Running asb_plugin_process_app() from icon
DEBUG:   Saved icon ./tmp/icons/64x64/org.gnome.Reversi.png
DEBUG:   Saved icon ./tmp/icons/128x128/org.gnome.Reversi.png
<components version="1.0">
  <component type="desktop">
    <id>org.gnome.Reversi</id>
    <pkgname>iagno</pkgname>
    <translation type="gettext">iagno</translation>
    <name>GNOME Reversi</name>
    <summary>Dominate the board in a classic reversi game, or play the reversed variant</summary>
    <developer_name>The GNOME Project</developer_name>
    <description><p>Reversi is a two-player strategy game, played on an 8 by 8 board. Players use tiles that are dark on one side and light on the other.</p><p>The object of reversi is to flip your opponent’s tiles to your color, while your opponent is trying to flip your tiles to his own color. Opponent’s tiles are flipped when trapped between an already placed tile of your color and the tile you add. Who finishes with more tiles wins!</p><p>GNOME Reversi allows you to play both a classic reversi game, and the reversed variant, where the goal is to finish with less tile than your opponent.</p></description>
    <icon type="cached" height="128" width="128">128x128/org.gnome.Reversi.png</icon>
    <icon type="cached" height="64" width="64">64x64/org.gnome.Reversi.png</icon>
    <categories>
      <category>BoardGame</category>
      <category>Game</category>
    </categories>
    <keywords>
      <keyword>othello</keyword>
      <keyword>reversi</keyword>
    </keywords>
    <kudos>
      <kudo>HiDpiIcon</kudo>
      <kudo>HiDpiIcon</kudo>
      <kudo>HighContrast</kudo>
      <kudo>ModernToolkit</kudo>
      <kudo>UserDocs</kudo>
      <kudo>UserDocs</kudo>
    </kudos>
    <project_license>GPL-3.0+</project_license>
    <url type="bugtracker">https://gitlab.gnome.org/GNOME/iagno/issues</url>
    <url type="donation">https://www.gnome.org/friends/</url>
    <url type="homepage">https://wiki.gnome.org/Apps/Reversi</url>
    <url type="translate">https://wiki.gnome.org/TranslationProject</url>
    <project_group>GNOME</project_group>
    <screenshots>
      <screenshot type="default">
        <caption>A GNOME Reversi game preview</caption>
        <image type="source">https://people.gnome.org/~mcatanzaro/iagno.png</image>
      </screenshot>
    </screenshots>
    <content_rating type="oars-1.1">
      <content_attribute id="violence-cartoon">none</content_attribute>
      <content_attribute id="violence-fantasy">none</content_attribute>
      <content_attribute id="violence-realistic">none</content_attribute>
      <content_attribute id="violence-bloodshed">none</content_attribute>
      <content_attribute id="violence-sexual">none</content_attribute>
      <content_attribute id="violence-desecration">none</content_attribute>
      <content_attribute id="violence-slavery">none</content_attribute>
      <content_attribute id="violence-worship">none</content_attribute>
      <content_attribute id="drugs-alcohol">none</content_attribute>
      <content_attribute id="drugs-narcotics">none</content_attribute>
      <content_attribute id="drugs-tobacco">none</content_attribute>
      <content_attribute id="sex-nudity">none</content_attribute>
      <content_attribute id="sex-themes">none</content_attribute>
      <content_attribute id="sex-homosexuality">none</content_attribute>
      <content_attribute id="sex-prostitution">none</content_attribute>
      <content_attribute id="sex-adultery">none</content_attribute>
      <content_attribute id="sex-appearance">none</content_attribute>
      <content_attribute id="language-profanity">none</content_attribute>
      <content_attribute id="language-humor">none</content_attribute>
      <content_attribute id="language-discrimination">none</content_attribute>
      <content_attribute id="social-chat">none</content_attribute>
      <content_attribute id="social-info">none</content_attribute>
      <content_attribute id="social-audio">none</content_attribute>
      <content_attribute id="social-location">none</content_attribute>
      <content_attribute id="social-contacts">none</content_attribute>
      <content_attribute id="money-purchasing">none</content_attribute>
      <content_attribute id="money-gambling">none</content_attribute>
    </content_rating>
    <releases>
      <release type="stable" timestamp="1590796800" urgency="medium" version="3.36.3"/>
      <release type="development" timestamp="1581724800" urgency="low" version="3.35.91"/>
    </releases>
    <provides>
      <dbus type="session">org.gnome.Reversi</dbus>
      <id>org.gnome.iagno.desktop</id>
    </provides>
    <launchable type="desktop-id">org.gnome.Reversi.desktop</launchable>
  </component>
</components>

