DEBUG:   Getting filename match for ibus-table-1.9.25-1.x86_64.rpm
DEBUG:   Exploding tree for ibus-table
DEBUG:   Processing ibus-table-1.9.25-1.x86_64.rpm with appdata
DEBUG:   Running asb_plugin_process() from appdata
INFO:    Upstream contact <mfabian@redhat.com>
WARNING: Unable to currently map Fedora license 'null' to SPDX
DEBUG:   Running asb_plugin_process_app() from desktop
DEBUG:   Running asb_plugin_process_app() from font
DEBUG:   Running asb_plugin_process_app() from gettext
DEBUG:   Running asb_plugin_process_app() from hardcoded
DEBUG:   Running asb_plugin_process_app() from icon
<components version="1.0">
  <component type="inputmethod">
    <id>table.xml</id>
    <pkgname>ibus-table</pkgname>
    <translation type="gettext">ibus-table</translation>
    <name>Ibus Table</name>
    <summary>Table based input method</summary>
    <developer_name>Mike FABIAN</developer_name>
    <description><p>Ibus-table is an input method framework for table-based input methods.  Mostly it is used for Chinese input methods such as ZhengMa, WuBi, ErBi, CangJie, ….  But some tables for other languages are available as well.</p></description>
    <project_license>LGPL-2.1+</project_license>
    <url type="bugtracker">https://github.com/kaio/ibus-table/issues</url>
    <url type="help">https://kaio.github.io/ibus-table/documentation.html</url>
    <url type="homepage">https://kaio.github.io/ibus-table/</url>
    <releases>
      <release timestamp="1581465600" urgency="medium" version="1.9.25">
        <description><p>This new stable release includes these changes:</p><ul><li>Fix crash when changing some options using the menu or the floating panel (Resolves: https://github.com/mike-fabian/ibus-table/issues/26)</li><li>Translation updates (pt_PT)</li></ul></description>
      </release>
      <release timestamp="1579651200" urgency="medium" version="1.9.24">
        <description><p>This new stable release includes these changes:</p><ul><li>Fixed two typos in message ids (Thanks to Rafael Fontenelle)</li><li>Translation updates (tr, fr, fa, pt, uk)</li><li>New test cases for ibus-table-others</li></ul></description>
      </release>
      <release timestamp="1578355200" urgency="medium" version="1.9.23">
        <description><p>This new stable release includes these changes:</p><ul><li>Add exist_ok=True in os.makedirs(path, exist_ok=True) to avoid failure due to race condition. Resolves: https://bugzilla.redhat.com/show_bug.cgi?id=1786652</li><li>Move MockEngine classes into a separate file and make test_itb.py runnable standalone</li><li>Add new test case for ibus-table-others-1.3.10 (latex table additions)</li><li>Translation updates for several languages (French at 100% now, Brazilian Portuguese at 100% now, Porguguese (Portugal) new and now at 31.5%)</li></ul></description>
      </release>
      <release timestamp="1576540800" urgency="medium" version="1.9.22">
        <description><p>This new stable release includes these changes:</p><ul><li>Added Turkish translation from Weblate, 100% translated</li><li>Minor translation updates some other languages (Punctuation fixes).</li></ul></description>
      </release>
      <release timestamp="1533254400" urgency="medium" version="1.9.21">
        <description><p>This new stable release includes these changes:</p><ul><li>Migrate IBusConfig to GSettings. Resolves: https://github.com/mike-fabian/ibus-table/issues/4</li><li>Add a test suite</li><li>Add missing tags to ibus-table-createdb.sgml. Resolves: https://github.com/mike-fabian/ibus-table/issues/3</li></ul></description>
      </release>
      <release timestamp="1525305600" urgency="medium" version="1.9.20">
        <description><p>This new stable release includes these changes:</p><ul><li>Draw InputMode text instead of icon into panel on non-Gnome desktops. Resolves: https://github.com/mike-fabian/ibus-table/issues/6</li><li>Make it work with Python2 again</li></ul></description>
      </release>
      <release timestamp="1525046400" urgency="medium" version="1.9.19">
        <description><p>This new stable release includes these changes:</p><ul><li>Sync phrases cache from/to external storage (thanks to heiher).</li><li>Update translations from zanata (cs new)</li></ul></description>
      </release>
      <release timestamp="1501632000" urgency="medium" version="1.9.18">
        <description><p>This new stable release includes these changes:</p><ul><li>Update translations from zanata (pt_BR updated, es new)</li><li>Don't query user database if user define phrase and dynamic adjust are disabled (thanks to heiher)</li><li>Enable hash map based cache for user database enabled (thanks to heiher)</li><li>Import hash map based cache for table database (thanks to heiher)</li><li>Install appstream metadata to /usr/share/metainfo/ (thanks to jbicha)</li><li>Fix some appdata validation issues (thanks to jbicha)</li><li>Fix bug in Unihan_Variants.txt, 著 U+8457 is both simplified *and* traditional Chinese (thanks to heiher)</li></ul></description>
      </release>
      <release timestamp="1496275200" urgency="medium" version="1.9.17">
        <description><p>This new stable release includes these changes:</p><ul><li>Load .desktop file for ibus-setup-table correctly under Gnome Wayland</li><li>Set WM_CLASS of ibus-setup-table correctly</li></ul></description>
      </release>
      <release timestamp="1484611200" urgency="medium" version="1.9.16">
        <description><p>This new stable release includes these changes:</p><ul><li>Avoid running initialization code of ibus_table_location.py when using ibus-table-createdb.</li><li>Make it work on Python 3.6 (Unbreak sqlite on Python 3.6) (Resolves: rhbz#1413580).</li></ul></description>
      </release>
      <release timestamp="1484524800" urgency="medium" version="1.9.15">
        <description><p>This new stable release includes these changes:</p></description>
      </release>
      <release timestamp="1471996800" urgency="medium" version="1.9.14">
        <description><p>This new stable release includes these changes:</p><ul><li>Fix bug in Unihan_Variants.txt, 乾 U+4E7E is both simplified and traditional Chinese (thanks to heiher)</li><li>Update Unihan_Variants.txt from “2015-04-30 Unicode 8.0.0” to “2016-06-01 Unicode 9.0.0”</li><li>Regenerate engine/chinese_variants.py</li><li>Add test case for 乾 to make sure it is detected as both traditional and simplified Chinese</li></ul></description>
      </release>
      <release timestamp="1471910400" urgency="medium" version="1.9.13">
        <description><p>This new stable release includes these changes:</p><ul><li>When ignoring key release events, “False” should be returned, not “True” (Resolves: rhbz#1369514)</li></ul></description>
      </release>
    </releases>
  </component>
</components>

