DEBUG:   Getting filename match for xfce4-appfinder-4.15.0-1.x86_64.rpm
DEBUG:   Exploding tree for xfce4-appfinder
DEBUG:   Processing xfce4-appfinder-4.15.0-1.x86_64.rpm with appdata
DEBUG:   Running asb_plugin_process() from appdata
INFO:    Upstream contact <xfce4-dev@xfce.org>
WARNING: Unable to currently map Fedora license 'null' to SPDX
DEBUG:   Running asb_plugin_process_app() from desktop
DEBUG:   Running asb_plugin_process_app() from font
DEBUG:   Running asb_plugin_process_app() from gettext
DEBUG:   Running asb_plugin_process_app() from hardcoded
DEBUG:   Running asb_plugin_process_app() from icon
DEBUG:   using stock icon edit-find
<components version="1.0">
  <component type="desktop">
    <id>xfce4-appfinder.desktop</id>
    <pkgname>xfce4-appfinder</pkgname>
    <translation type="gettext">xfce4-appfinder</translation>
    <name>Application Finder</name>
    <name xml:lang="am">ፕሮግራም ፈላጊ</name>
    <name xml:lang="ar">مكتشف التطبيقات</name>
    <name xml:lang="ast">Guetador d'aplicaciones</name>
    <name xml:lang="be">Пошук праграм</name>
    <name xml:lang="bg">Търсене на програма</name>
    <name xml:lang="bn">অ্যাপ্লিকেশন অনুসন্ধানকারী</name>
    <name xml:lang="ca">Cercador d'aplicacions</name>
    <name xml:lang="cs">Vyhledávač aplikací</name>
    <name xml:lang="da">Programfinder</name>
    <name xml:lang="de">Anwendungsfinder</name>
    <name xml:lang="el">Εύρεση Εφαρμογών</name>
    <name xml:lang="es">Buscador de aplicaciones</name>
    <name xml:lang="et">Rakenduste leidja</name>
    <name xml:lang="eu">Aplikazio bilatzailea</name>
    <name xml:lang="fi">Sovellusten hakutyökalu</name>
    <name xml:lang="fr">Liste des applications</name>
    <name xml:lang="gl">Buscador de aplicacións</name>
    <name xml:lang="he">מוצא יישומים</name>
    <name xml:lang="hr">Nalaznik programa</name>
    <name xml:lang="hu">Alkalmazáskereső</name>
    <name xml:lang="hy_AM">Յաւելուածների Որոնում</name>
    <name xml:lang="id">Pencari Aplikasi</name>
    <name xml:lang="ie">Trovator de applicationes</name>
    <name xml:lang="is">Forritaleit</name>
    <name xml:lang="it">Trova applicazioni</name>
    <name xml:lang="ja">アプリケーションファインダー</name>
    <name xml:lang="kk">Қолданбаларды табушы</name>
    <name xml:lang="ko">프로그램 탐색기</name>
    <name xml:lang="lt">Programų paieška</name>
    <name xml:lang="lv">Lietotņu meklētājs</name>
    <name xml:lang="ms">Pencari Aplikasi</name>
    <name xml:lang="nb">Programkatalog</name>
    <name xml:lang="nl">Toepassingenzoeker</name>
    <name xml:lang="nn">Programfinnar</name>
    <name xml:lang="oc">Lista de las aplicacions</name>
    <name xml:lang="pa">ਐਪਲੀਕੇਸ਼ਨ ਫਾਈਡਰ</name>
    <name xml:lang="pl">Wyszukiwarka programów</name>
    <name xml:lang="pt">Localizar aplicações</name>
    <name xml:lang="pt_BR">Localizador de aplicativos</name>
    <name xml:lang="ro">Pornire de programe</name>
    <name xml:lang="ru">Поиск приложений</name>
    <name xml:lang="si">යෙදුම් සෙවුම</name>
    <name xml:lang="sk">Vyhľadávač aplikácií</name>
    <name xml:lang="sl">Iskalec aplikacije</name>
    <name xml:lang="sq">Gjetës Zbatimesh</name>
    <name xml:lang="sr">Проналазач програма</name>
    <name xml:lang="sv">Programstartare</name>
    <name xml:lang="te">అనువర్తన శోధకం</name>
    <name xml:lang="th">เครื่องมือค้นหาโปรแกรม</name>
    <name xml:lang="tr">Uygulama Bulucu</name>
    <name xml:lang="ug">پروگرامما ئىزدىگۈ</name>
    <name xml:lang="uk">Пошук встановлених програм</name>
    <name xml:lang="ur">اطلاقیہ تلاش کار</name>
    <name xml:lang="ur_PK">اطلاقیہ تلاش کار</name>
    <name xml:lang="zh_CN">应用程序查找器</name>
    <name xml:lang="zh_HK">應用程式協尋器</name>
    <name xml:lang="zh_TW">應用程式協尋器</name>
    <summary>Application to quickly run applications and commands</summary>
    <summary xml:lang="ar">برنامج لتشغيل التطبيقات واﻷوامر بسرعة</summary>
    <summary xml:lang="ast">Alcuentra y llanza aplicaciones instalaes nel to sistema</summary>
    <summary xml:lang="be">Праграма для хуткага запуску праграм і загадаў</summary>
    <summary xml:lang="bg">Приложение за бързо стартиране на програми и команди</summary>
    <summary xml:lang="bn">আপনার সিস্টেমে ইনস্টলকৃত অ্যাপ্লিকেশন খুঁজে বের করে চালু করুন</summary>
    <summary xml:lang="ca">Aplicació per executar ràpidament aplicacions i ordres</summary>
    <summary xml:lang="cs">Aplikace pro rychlé spouštění aplikací a příkazů</summary>
    <summary xml:lang="da">Program til hurtigt at køre programmer og kommandoer</summary>
    <summary xml:lang="de">Anwendung zur schnellen Ausführung von Anwendungen und Befehlen</summary>
    <summary xml:lang="el">Εφαρμογή για γρήγορη εκτέλεση εφαρμογών και εντολών</summary>
    <summary xml:lang="en_GB">Find and launch applications installed on your system</summary>
    <summary xml:lang="es">Aplicación para ejecutar rápidamente aplicaciones y comandos</summary>
    <summary xml:lang="et">Rakendus, mille abil saad kiiretsi käivitada teisi rakendusi ja käske</summary>
    <summary xml:lang="eu">Bilatu eta abiarazi sisteman instalatutako aplikazioak</summary>
    <summary xml:lang="fi">Sovellus sovellusten ja komentojen nopeaan käynnistämiseen</summary>
    <summary xml:lang="fr">Application pour lancer rapidement des programmes et des commandes</summary>
    <summary xml:lang="gl">Aplicación para executar rapidamente aplicacións e ordes</summary>
    <summary xml:lang="he">יישום להפעלה מהירה של יישומים ופקודות</summary>
    <summary xml:lang="hr">Aplikacija za brzo pokretanje aplikacija i naredbi</summary>
    <summary xml:lang="hu">Alkalmazás az alkalmazások és parancsok gyors futtatásához</summary>
    <summary xml:lang="hy_AM">Յաւելուածը դեպի արագ բեռնուող յաւելուածները եւ հրամանները</summary>
    <summary xml:lang="id">Mencari dan menjalankan aplikasi terinstal di sistem anda</summary>
    <summary xml:lang="ie">Un application por lansar rapidmen applicationes e comandes</summary>
    <summary xml:lang="is">Forrit til að flyta fyrir ræsingu annarra forrita og skipana</summary>
    <summary xml:lang="it">Applicazione per eseguire velocemente applicazioni e comandi</summary>
    <summary xml:lang="ja">アプリケーションとコマンドをすばやく実行するためのアプリケーション</summary>
    <summary xml:lang="kk">Қолданбалар және командаларды жылдам жөнелтуге арналған қолданба</summary>
    <summary xml:lang="ko">프로그램과 명령을 빠르게 실행하는 프로그램</summary>
    <summary xml:lang="lt">Programa, skirta greitai paleisti programas ir komandas</summary>
    <summary xml:lang="lv">Atrodiet un izsauciet lietotnes, kas ir instalētas jūsu sistēmā.</summary>
    <summary xml:lang="ms">Aplikasi untuk jalankan aplikasi dan perintah dengan pantas</summary>
    <summary xml:lang="nb">Et program som raskt finner og kjører programmer og kommandoer</summary>
    <summary xml:lang="nl">Toepassing om snel andere toepassingen en opdrachten uit te voeren</summary>
    <summary xml:lang="nn">Finn og køyr alle programma på maskina di</summary>
    <summary xml:lang="oc">Recercar e aviar d'aplicacions installadas sus vòstre sistèma</summary>
    <summary xml:lang="pa">ਆਪਣੇ ਸਿਸਟਮ ਉੱਤੇ ਇੰਸਟਾਲ ਹੋਈਆਂ ਐਪਲੀਕੇਸ਼ਨ ਲੱਭੋ ਤੇ ਚਲਾਓ</summary>
    <summary xml:lang="pl">Program do szybkiego uruchamiania aplikacji i poleceń</summary>
    <summary xml:lang="pt">Aplicação para rapidamente executar aplicações e comandos</summary>
    <summary xml:lang="pt_BR">Aplicativo para executar rapidamente aplicativos e comandos</summary>
    <summary xml:lang="ro">Căutați și porniți programe instalate în sistem</summary>
    <summary xml:lang="ru">Приложение для быстрого запуска программ и команд</summary>
    <summary xml:lang="si">ඔබගේ පද්ධතියේ ස්ථාපනය කර ඇති යෙදුම් සොයා ක්‍රියාත්මක කරන්න</summary>
    <summary xml:lang="sk">Aplikácia slúžiaca na rýchle spustenie aplikácií a príkazov</summary>
    <summary xml:lang="sl">Aplikacija za hiter zagon aplikacij in ukazov</summary>
    <summary xml:lang="sq">Aplikacion për të xhiruar shpejt e shpejt aplikacione dhe urdhra</summary>
    <summary xml:lang="sr">Програм за брзо покретање програма и наредби</summary>
    <summary xml:lang="sv">Program för att snabbt köra program och kommandon</summary>
    <summary xml:lang="te">మీ వ్యవస్థలో స్థాపించబడిన అనువర్తనాలను కనుగొను మరియు ప్రారంభించు</summary>
    <summary xml:lang="th">เครื่องมือสำหรับเรียกโปรแกรมและคำสั่งอย่างเร็ว</summary>
    <summary xml:lang="tr">Uygulamaları ve komutları hızlı bir şekilde çalıştırmak için bir uygulama</summary>
    <summary xml:lang="ug">كومپيۇتېرىڭىزغا ئورنىتىلغان پروگراممىلارنى ئىزدەيدۇ ۋە ئىجرا قىلىدۇ</summary>
    <summary xml:lang="uk">Застосунок для швидкого запуску програм і команд</summary>
    <summary xml:lang="ur">نظام میں نصب اطلاقیے تلاش کریں اور چلائیں</summary>
    <summary xml:lang="ur_PK">نظام میں نصب اطلاقیے تلاش کریں اور چلائیں</summary>
    <summary xml:lang="vi">Tìm và chạy ứng dụng đã cài đặt trên hệ thống của bạn</summary>
    <summary xml:lang="zh_CN">快速运行应用程序和命令的应用程序</summary>
    <summary xml:lang="zh_HK">尋找並啟動系統安裝的應用程式</summary>
    <summary xml:lang="zh_TW">快速執行應用程式與指令的應用程式</summary>
    <description><p>The application finder is a tool to find and launch installed applications on your system and quickly execute commands. It can also be used to quickly add launchers to the Xfce Panel by dragging an item from the view and drop it on the panel.</p></description>
    <description xml:lang="ar"><p>مكتشف التطبيقات أداة لإيجاد وتشغيل التطبيقات المثبتة على نظامك وتنفيذ اﻷوامر بسرعة. يمكن استخدامه أيضاً ﻹضافة مشغلات إلى شريط إكسفس بسرعة عن طريق سحب عنصر من العرض وإفلاته على الشريط.</p></description>
    <description xml:lang="be"><p>Пошук праграм - прылада для хуткага пошуку і запуску ўсталяваных у вашай сістэме праграм і выканання загадаў. Яна таксама можа быць выкарыстана для дадання значкоў запуску на панэль Xfce перацягваннем.</p></description>
    <description xml:lang="bg"><p>Търсачката на приложения е инструмент за намиране и стартиране на инсталирани приложения на вашата система и бързо изпълнение на команди. Той може да се използва и за бързо добавяне на стартери към панела на Xfce, като издърпате елемент от списъка и го пуснете в панела.</p></description>
    <description xml:lang="ca"><p>El cercador d'aplicacions és una eina per trobar i llançar les aplicacions instal·lades al vostre sistema i per a l'execució ràpida d'ordres. També es pot utilitzar per afegir ràpidament llançadors al tauler de Xfce en arrossegar i deixar anar un ítem des de la vista fins al tauler.</p></description>
    <description xml:lang="cs"><p>Vyhledávač aplikací je nástroj pro hledání a spouštění aplikací nainstalovaných v systému a rychlé spouštění příkazů. Také jej lze přetažením a puštěním položky na panel použít k rychlému přidání spouštěčů na panel Xfce.</p></description>
    <description xml:lang="da"><p>Programfinderen er et værktøj til at finde og starte installerede programmer på dit system og hurtigt køre kommandoer. Den kan bruges til hurtigt at tilføje opstartere til Xfce-panelet, ved at trække et element fra visningen og slippe det på panelet.</p></description>
    <description xml:lang="de"><p>Der Anwendungsfinder ist ein Werkzeug, um im System installierte Anwendungen zu finden und zu starten und schnell Befehle auszuführen. Er kann ebenfalls verwendet werden, um schnell Starter zur Xfce-Leiste hinzuzufügen, durch Ziehen aus der Ansicht und Ablegen in der Leiste.</p></description>
    <description xml:lang="el"><p>Ο εντοπισμός εφαρμογών είναι ένα εργαλείο για την εύρεση και εκκίνηση εγκατεστημένων εφαρμογών στο σύστημά σας και την εκτέλεση εντολών γρήγορα. Μπορεί επίσης να χρησιμοποιηθεί για να προσθέσετε γρήγορες εκκινήσεις προγραμμάτων στον Πίνακα Xfce σύροντας ένα στοιχείο από την προβολή και να το ρίξετε στον πίνακα.</p></description>
    <description xml:lang="es"><p>El buscador de aplicaciones es una herramienta para encontrar y ejecutar aplicaciones instaladas en su sistema y ejecutar órdenes rápidamente. También se puede usar para agregar rápidamente lanzadores al panel de Xfce arrastrando un elemento de la vista y soltándolo en el panel.</p></description>
    <description xml:lang="et"><p>Rakenduste leidja on töövahend, mis võimaldab leida ja käivitada sinu süsteemi paigaldatud rakendusi ning samas ka kiiresti käivitada käske. Lohistades kirjeid rakenduste leidja loendist XFCE paneeli saad sa kiiresti lisada paneelidesse uusi käivitajaid.</p></description>
    <description xml:lang="fi"><p>Sovellusten hakutyökalu on työkalu asennettujen sovellusten hakemiseen ja käynnistämistä sekä komentojen nopeaa ajamista varten. Sitä voidaan myös käyttää sovellusten nopeaan lisäämiseen Xfce:n paneeliin vetämällä kohde näkymästä ja pudottamalle se paneeliin.</p></description>
    <description xml:lang="fr"><p>La liste des applications est un outil permettant de rechercher et lancer des applications installées sur votre système, et pour exécuter rapidement des commandes. Elle peut aussi être utilisée pour ajouter rapidement des lanceurs au tableau de bord Xfce par un glisser-déposer.</p></description>
    <description xml:lang="gl"><p>O buscador de aplicacións é unha ferramenta para atopar e iniciar as aplicacións instaladas no sistema e executar ordes rapidamente. Tamén se pode empregar para engadir iniciadores rapidamente ao panel do Xfce arrastrando un elemento da vista e soltándoo no panel.</p></description>
    <description xml:lang="he"><p>מוצא הישומים הוא כלי למציאת והפעלת ישומים מותקנים במערכת שלך ומבצע במהירות פקודות. הוא גם יכול לשמש להוספה מהירה של מפעילים ללוח Xfce בעזרת גרירת פריט מהתצוגה ושיחרורו על הלוח.</p></description>
    <description xml:lang="hr"><p>Nalaznik programa je alat za pronalazak instaliranih programa na sustavu te brzo izvođenje naredbi. Također se može koristiti za dodavanje brzih pokretača na Xfce ploču povlačenjem stavke te ispuštanjem na ploču.</p></description>
    <description xml:lang="hu"><p>Az alkalmazáskereső eszköz a telepített alkalmazások megkeresésére és elindítására, és parancsok gyors végrehajtására szolgál. Arra is használható hogy indítóikonokat tegyen az Xfce panelre az elem a nézetből a panelre történő húzásával.</p></description>
    <description xml:lang="hy_AM"><p>Յաւելուածների որոնիչը գործիք է բեռնուած յաւելուածը գտնելու եւ ձեր համակարգում միացնելու համար,  եւ հրամանները արագ գործարկելու համար։ Նաեւ կարող է արագ աւելացնել թողարկիչներ Xfce Ընտրացանկում քաշելով տարրերը դիտումից եւ գցելով ընտրացանկ։</p></description>
    <description xml:lang="ie"><p>Un trovator de applicationes es un utensile por trovar e lansar applicationes in vor sistema e rapidmen executer comandes. Anc it posse esser usat por adjunter lansatores al panel Xfce rapidmen, tirante un element ex li vise e fante it cader sur li panel.</p></description>
    <description xml:lang="is"><p>Forritaleit er verkfæri til að finna og ræsa forrit og skipanir sem uppsett eru á kerfinu. Það má einnig nota til að bæta forritaræsum í skyndingu á XFCE-skjástikur, með því að draga atriði úr sýn og sleppa þeim á skjástikuna.</p></description>
    <description xml:lang="it"><p>Il trova applicazione è uno strumento per trovare ed avviare le applicazioni installate sul proprio sistema e per eseguire velocemente dei comandi. Può essere usato anche per aggiungere velocemente dei lanciatori al pannello di Xfce, trascinando un elemento dalla visualizzazione sul pannello.</p></description>
    <description xml:lang="ja"><p>アプリケーションファインダーはシステムにインストールされているアプリケーションを検索し起動したり、コマンドを実行するためのツールです。ウィンドウ内のアイテムを Xfce パネルにドラッグアンドドロップすることでランチャーを追加することもできます。</p></description>
    <description xml:lang="kk"><p>Қолданбаларды табушы - бұл жүйеңізде орнатылған қолданбаларды табу және жөнелту, және де командаларды жылдам орындау үшін арналған сайман. Сонымен бірге, оның көмегімен қолданбалар көрінісінен тартып апару арқылы Xfce панеліне жөнелткіштерді қосуға болады.</p></description>
    <description xml:lang="ko"><p>프로그램 검색기는 시스템에 설치한 프로그램을 찾아 실행시키며, 명령을 빠르게 실행 처리하는 도구입니다. 또한 바로 가기 아이콘을 보기 창에서 Xfce 패널로 끌어다 놓는 방식으로 간편하게 추가할 수 있습니다.</p></description>
    <description xml:lang="lt"><p>Programų paieška yra įrankis, skirtas rasti ir paleisti jūsų sistemoje įdiegtas programas bei greitai vykdyti komandas. Jį taip pat galima naudoti, norint pridėti leistukus į Xfce skydelį, tempiant elementą iš rodinio ir numetant jį ant skydelio.</p></description>
    <description xml:lang="ms"><p>Pencari aplikasi ini adalah alat untuk cari dan lancar aplikasi terpasang di dalam sistem anda dan lakukan perintah dengan pantas. Ia juga boleh digunakan untuk menambah pelancar secara pantas ke Panel Xfce dengan menyeret item dari paparan dan lepas ia ke atas panel.</p></description>
    <description xml:lang="nb"><p>Programkatalogen er et verktøy som finner og kjører installerte programmer på systemet ditt. Det kan også kjøre egendefinerte handlinger og legge til hurtigstartere på Xfce-panelet ved å dra elementet fra utlistingen til panelet.</p></description>
    <description xml:lang="nl"><p>De Toepassingenzoeker is een hulpmiddel om geïnstalleerde toepassingen te vinden en te starten, en om snel terminalopdrachten uit te voeren. Hij kan ook worden gebruikt om snel starters toe te voegen aan de Xfce-werkbalk, door een element te verslepen vanuit de weergave naar de werkbalk.</p></description>
    <description xml:lang="pl"><p>Wyszukiwarka programów to narzędzie do odnajdywania i uruchamiania zainstalowanych w systemie programów oraz do szybkiego wykonywania poleceń. Może być także używane do szybkiego dodawania aktywatorów do panelu Xfce poprzez przeniesienie elementu z podglądu i upuszczeniu go na panelu.</p></description>
    <description xml:lang="pt"><p>A aplicação de localizar é uma ferramenta para encontrar e lançar aplicações instaladas no seu sistema e rapidamente executar comandos. Pode ser usada para adicionar rapidamente lançadores ao painel Xfce ao arrastar um item e largá-lo no painel.</p></description>
    <description xml:lang="pt_BR"><p>O localizador de aplicativos é uma ferramenta que encontra e executa aplicativos instalados no seu sistema e rapidamente executa comandos. Também pode ser usado para rapidamente adicionar lançadores no painel do Xfce ao arrastar um item da lista e soltá-lo no painel.</p></description>
    <description xml:lang="ru"><p>Поиск приложений — инструмент для поиска и запуска установленных в вашей системе приложений и для быстрого выполнения команд. Он также может быть использован для быстрого добавления значков запуска на панель Xfce с помощью перетаскивания.</p></description>
    <description xml:lang="sk"><p>Vyhľadávač aplikácií je nástroj na vyhľadanie a spustenie aplikácií nainštalovaných v systéme a na rýchle spustenie príkazov. Možno ho tiež použiť na rýchle pridanie spúšťačov do panela Xfce pretiahnutím položky a jej upustením nad panelom.</p></description>
    <description xml:lang="sl"><p>Iskalnik aplikacij je orodje za iskanje in zagon aplikacij na vašem sistemu in za hitro izvajanje ukazov. Lahko ga uporabite tudi za hitro dodajanje zaganjalnikov v Xfce pult, tako ta povlečete predmet iz pogleda in ga spustite na pult.</p></description>
    <description xml:lang="sq"><p>Gjetësi i aplikacioneve është një mjet për të gjetur dhe nisur aplikacione të instaluar në sistemin tuaj dhe për të ekzekutuar shpejt urdhra. Mund të përdoret edhe për të shtuar shpejt nisës te Paneli i Xfce-së duke e tërhequr një objekt nga pamja dhe duke e hedhur te paneli.</p></description>
    <description xml:lang="sr"><p>Проналазач програма је прибор за претрагу и покретање уграђених програма на склопу и брзо извршавање наредби. Може се користити и за брзо додавање покретача на полицу ИксФЦЕ-а превлачењем ставке са прегледа и спуштањем на полицу.</p></description>
    <description xml:lang="sv"><p>Programstartaren är ett verktyg för att hitta och starta installerade program på datorn och snabbt utföra kommandon. Det kan också användas för att snabbt lägga till programstartare på Xfce-panelen genom att dra ett objekt från vyn och släppa det på panelen.</p></description>
    <description xml:lang="th"><p>เครื่องมือค้นหาโปรแกรมเป็นเครื่องมือสำหรับหาและเรียกทำงานโปรแกรมที่ติดตั้งอยู่ในระบบ และใช้สั่งคำสั่งต่างๆ อย่างเร็ว และยังสามารถใช้เพิ่มปุ่มเรียกโปรแกรมลงในพาเนลของ Xfce ได้ด้วยการลากรายการจากในหน้าต่างไปวางบนพาเนล</p></description>
    <description xml:lang="tr"><p>Uygulama bulma aracı sisteminizde kurulu uygulamaları kolayca bulup çalıştırmak ve komutları işletmek için bir araçtır. Aynı zamanda bir başlatıcıyı panele sürükleyerek Xfce Paneline hızlıca eklemek için de kullanılabilir.</p></description>
    <description xml:lang="uk"><p>Шукач програм є знаряддям для пошуку і запуску встановлених програм у Вашій системі і для швидкого запуску команд. Програму можна також використовувати для швидкого додавання запускачів до панелі Xfce, захоплюючи програми зі списку і переносячи їх на панель.</p></description>
    <description xml:lang="zh_CN"><p>应用程序查找器 是一个用来查找和启动已安装程序的工具,它能快速执行命令。您也可以用它快速添加启动器到 Xfce 面板,只需要将对应项目拖放到面板上即可。</p></description>
    <description xml:lang="zh_TW"><p>應用程式尋找器是一個尋找並啟動在您的系統上已安裝的應用程式，以及快速執行指令的工具。它也可以用以快速新增啟動器到 Xfce 面板，只要從您看得到的地方拖曳項目並在面板上放開按鍵即可。</p></description>
    <icon type="stock">edit-find</icon>
    <categories>
      <category>Utility</category>
    </categories>
    <kudos>
      <kudo>HiDpiIcon</kudo>
      <kudo>HiDpiIcon</kudo>
    </kudos>
    <project_license>GPL-2.0+</project_license>
    <url type="bugtracker">https://bugzilla.xfce.org/</url>
    <url type="help">https://docs.xfce.org/xfce/xfce4-appfinder/start</url>
    <url type="homepage">https://www.xfce.org/</url>
    <project_group>XFCE</project_group>
    <screenshots>
      <screenshot type="default">
        <image type="source">https://docs.xfce.org/_media/xfce/xfce4-appfinder/xfce4-appfinder-expanded.png</image>
      </screenshot>
    </screenshots>
    <provides>
      <binary>xfce4-appfinder</binary>
    </provides>
    <launchable type="desktop-id">xfce4-appfinder.desktop</launchable>
  </component>
</components>

