DEBUG:   Getting filename match for xfce4-clipman-plugin-1.6.1-1.x86_64.rpm
DEBUG:   Exploding tree for xfce4-clipman-plugin
DEBUG:   Processing xfce4-clipman-plugin-1.6.1-1.x86_64.rpm with appdata
DEBUG:   Running asb_plugin_process() from appdata
INFO:    Upstream contact <xfce4-dev@xfce.org>
WARNING: Unable to currently map Fedora license 'null' to SPDX
DEBUG:   Running asb_plugin_process_app() from desktop
DEBUG:   Running asb_plugin_process_app() from font
DEBUG:   Running asb_plugin_process_app() from gettext
DEBUG:   Running asb_plugin_process_app() from hardcoded
DEBUG:   Running asb_plugin_process_app() from icon
DEBUG:   Saved icon ./tmp/icons/64x64/xfce4-clipman.png
DEBUG:   Saved icon ./tmp/icons/128x128/xfce4-clipman.png
<components version="1.0">
  <component type="desktop">
    <id>xfce4-clipman.desktop</id>
    <pkgname>xfce4-clipman-plugin</pkgname>
    <name>Clipman</name>
    <name xml:lang="bg">Мениджър на системния буфер</name>
    <name xml:lang="ca">Gestor del porta-retalls</name>
    <name xml:lang="da">Udklipsholderhåndtering</name>
    <name xml:lang="de">Zwischenablageverwaltung</name>
    <name xml:lang="es">Administrador de portapapeles</name>
    <name xml:lang="fr">Gestionnaire de presse-papiers</name>
    <name xml:lang="gl">Xestor do portapapeis</name>
    <name xml:lang="hu">Vágólapkezelő</name>
    <name xml:lang="it">Gestore degli appunti</name>
    <name xml:lang="ja">クリップボードマネージャー</name>
    <name xml:lang="lt">Iškarpinės tvarkytuvė</name>
    <name xml:lang="nb">Utklippsbehandler</name>
    <name xml:lang="nl">Klembordbeheer</name>
    <name xml:lang="pl">Menedżer schowka</name>
    <name xml:lang="pt">Gestor de área de transferência</name>
    <name xml:lang="pt_BR">Gerenciador da Área de Transferência</name>
    <name xml:lang="ru">Менеджер буфера обмена</name>
    <name xml:lang="sq">Përgjegjës të Papastre</name>
    <name xml:lang="sr">Управник исечака</name>
    <name xml:lang="tr">Pano Yöneticisi</name>
    <name xml:lang="zh_CN">剪贴板管理器</name>
    <name xml:lang="zh_TW">剪貼簿管理程式</name>
    <summary>Clipboard manager</summary>
    <summary xml:lang="bg">Мениджър на системния буфер - автостартиращ файл</summary>
    <summary xml:lang="ca">Fitxer d'inici automàtic del gestor del porta-retalls</summary>
    <summary xml:lang="da">Autostart-fil for udklipsholderhåndtering</summary>
    <summary xml:lang="de">Zwischenablageverwaltung Autostart-Datei</summary>
    <summary xml:lang="es">Archivo de inicio automático del administrador del portapapeles</summary>
    <summary xml:lang="fr">Fichier de démarrage automatique du gestionnaire de presse-papiers</summary>
    <summary xml:lang="gl">Ficheiro de inicio automático do portapapeis</summary>
    <summary xml:lang="it">File di avvio automatico del gestore degli appunti</summary>
    <summary xml:lang="ja">クリップボードマネージャーの自動起動ファイル</summary>
    <summary xml:lang="lt">Iškarpinės tvarkytuvės automatinio paleidimo failas</summary>
    <summary xml:lang="nb">Autostartfil for utklippsbehandler</summary>
    <summary xml:lang="nl">Bestand voor automatische start van Klembordbeheer</summary>
    <summary xml:lang="pl">Plik autostartu Menedżera schowka</summary>
    <summary xml:lang="pt">Ficheiro de arranque automático do gestor de área de transferência</summary>
    <summary xml:lang="pt_BR">Arquivo Automático do Gerenciador da Área de Transferência</summary>
    <summary xml:lang="ru">Файл автозапуска менеджера буфера обмена</summary>
    <summary xml:lang="sq">Kartelë Vetënisjeje Përgjegjësi të Papastre</summary>
    <summary xml:lang="sr">Датотека самопокретања управника исечака</summary>
    <summary xml:lang="tr">Pano Yöneticisi Otomatik Başlatma Dosyası</summary>
    <summary xml:lang="zh_CN">剪贴板管理器自动启动文件</summary>
    <summary xml:lang="zh_TW">剪貼簿管理程式自動啟動檔案</summary>
    <description><p>Clipboard Manager provided as a panel plugin for Xfce and as a standalone application running in the notification area. It keeps a history of text and images of content copied to the clipboard. It also has a feature to execute actions on specific text selection by matching them against regexes.</p></description>
    <description xml:lang="ast"><p>El xestor de cartafueyu apúrrese como un complementu del panel pa Xfce y como aplicación independiente executándose na estaya de notificaciones. Caltien una historia de testu ya semeyes copiada al cartafueyu. Tamién tien una carauterística pa executar les aiciones na esbilla d etestu específicu y concasales colos rexistros.</p></description>
    <description xml:lang="be"><p>Кіраўнік буфера абмену можа быць як убудовай для панэлі Xfce, так і самастойнай праграмай для прасторы апавяшчэнняў. Ён захоўвае гісторыю скапіяваных у буфер абмену тэксту і выяў. Ёсць магчымасць выконваць дзеянні з абраным тэкстам паводле рэгулярных выразаў.</p></description>
    <description xml:lang="bg"><p>Clipboard Manager представлява добавка за панела на Xfce и като самостоятелно приложение работи в областта за уведомяване. Той съхранява историята на текста и изображенията от съдържанието, копирани в системният буфер. Той също така има функция да изпълнява действие по подбор на текст, като го сравнява с регулярен израз.</p></description>
    <description xml:lang="ca"><p>El gestor del porta-retalls es proporciona com a connector de tauler de Xfce i com una aplicació independent que s'executa a l'àrea de notificació. Manté un historial de text i imatges de contingut copiat al porta-retalls. També té una funció per executar accions sobre la selecció d'un text específic, fent-les coincidir amb expressions regulars.</p></description>
    <description xml:lang="cs"><p>Správce schránky poskytovaný jako zásuvný modul panelu pro Xfce a jako samostatná aplikace spuštěná v oznamovací oblasti. Udržuje historii textu a obrázků obsahu zkopírovaného do schránky.  Také má funkci ke spouštění akcí po označení textu odpovídajícímu regulárnímu výrazu.</p></description>
    <description xml:lang="da"><p>Udklipsholderhåndtering tilbydes som et panelplugin til Xfce, og som et enkeltstående program som kører i underretningsområdet. Den bevarer en historik over tekst og billeder fra indhold som er kopieret i udklipsholderen. Den kan også køre handlinger på særligt valgte tekster ved at matche dem mod regulære udtryk.</p></description>
    <description xml:lang="de"><p>Die Zwischenablageverwaltung, bereitgestellt als eine Leistenerweiterung für Xfce und als eine alleinstehende Anwendung, die im Benachrichtigungsfeld läuft. Es enthält einen Verlauf von Text und Bildern vom Inhalt der in die Zwischenablage kopiert wurde. Es hat auch eine Funktion, um Aktionen an bestimmten ausgewählten Texten durch Vergleiche gegen reguläre Ausdrücke auszuführen.</p></description>
    <description xml:lang="el"><p>Ο διαχειριστής προχείρων παρέχεται ως πρόσθετο στο ταμπλό για το Xfce και είναι μια αυτόνομη εφαρμογή που εκτελείται στην περιοχή ειδοποιήσεων. Διατηρεί ιστορικό των κειμένων και εικόνων, του περιεχομένου που αντιγραφικέ στο πρόχειρο. Έχει επίσης μια λειτουργία να εκτελούνται ενέργειες με συγκεκριμένη επιλογή κειμένου με ταίριασμα σε κανονικές εκφράσεις.</p></description>
    <description xml:lang="es"><p>El Gestor del portapapeles provee un complemento para el panel de Xfce y una aplicación que corre en el área de notificaciones. Este mantiene un historial de textos e imágenes copiadas al portapapeles. También posee una funcionalidad para ejecutar acciones en textos específicos a través de expresiones regulares.</p></description>
    <description xml:lang="fr"><p>Le Gestionnaire de presse-papiers fournit un greffon pour le tableau de bord Xfce et une application autonome qui fonctionne dans la zone de notification. Il conserve un historique du texte et des images du contenu copié dans le presse-papiers. Il dispose aussi d’une fonctionnalité pour exécuter des actions sur une sélection de texte spécifique au travers d’expressions régulières.</p></description>
    <description xml:lang="gl"><p>Xestor de portapapeis fornecido como un engadido de panel para o Xfce e como aplicación autónoma que se executa na zona de notificación. Mantén un historial de texto e imaxes de contido copiados no portapapeis. Tamén ten unha función para executar accións sobre a selección de texto específica, combinándoas con expresións regulares.</p></description>
    <description xml:lang="he"><p>מנהל לוח אטיב מסופק כתוסף פאנל ל-Xfce וכתוכנה עצמאית הפועלת באיזור ההודעות. הוא שומר היסטוריה של טקסט ותמונות של תוכן המועתקות ללוח האטיב. יש לו גם מאפיין המאפשר פעולות על בחירת טקסט מסוימת ע"י השוואתן כנגד ביטויים רגולרים.</p></description>
    <description xml:lang="hr"><p>Clipboard Manager odnosno Upravitelj međuspremnikom postoji kao dodatak za ploču ili kao samostalna aplikacija koja se izvodi u području obavijesti. Čuva povijest teksta i slika kopiranih u međuspremnik. Uz to pruža mogućnost izvođenja akcija nad određenim tekstom uspoređujeći ga s regexom.</p></description>
    <description xml:lang="hu"><p>A vágólapkezelőz panelkiegészítőként szállítja az Xfce, és különálló alkalmazásként az értesítési területen. Megjegyzi a vágólapra másolt szövegek és képek előzményeit. Olyan funkciója is van, amely műveleteket végez, ha a szövegkiválasztások reguláris kifejezésekre illeszkednek.</p></description>
    <description xml:lang="hy_AM"><p>Սեղմատախտակի կառավարիչը մատակարարուել է որպէս Xfce֊ի ներդրաւն, եւ որպէս ծանուցումների դաշտում գործող ինքնավար յաւելուած։ Այդ պահում է գրոյթի եւ պատկերների պատմութիւնը սեղմատախտակում պատճէնուած։ Այդ արդէն ունի իւրահատկութիւն յատուկ գրոյթային ընտրութեան գործողութիւնների աշխատեցման, ըստ regex֊ների նմանակումով։</p></description>
    <description xml:lang="id"><p>Manajer Papan Klip disediakan sebagai panel pengaya untuk Xfce dan sebagai aplikasi mandiri yang berjalan di area notifikasi. Ini menyimpan riwayat teks dan gambar konten yang disalin ke papan klip. Ini juga memiliki fitur untuk melakukan tindakan pada pemilihan teks tertentu dengan mencocokkannya dengan regex.</p></description>
    <description xml:lang="is"><p>Klippiborðsstjórinn (Clipboard Manager) er gefinn út sem skjástikuviðbót fyrir XFCE og einnig sem sjálfstætt forrit sem keyrir í tilkynningasvæði kerfisbakkans. Hann heldur utan um feril þeirra texta og myndefnis sem hefur verið afritað á klippispjaldið. Hann er einnig með þann möguleika að keyra ákveðnar aðgerðir á tiltekinn valinn textameð því að bera hann saman við reglulegar segðir (regexes).</p></description>
    <description xml:lang="it"><p>Gestore degli appunti fornito come componente aggiuntivo del pannello di Xfce e come un'applicazione indipendente in esecuzione nell'area di notifica. Mantiene la cronologia dei testi ed immagini copiati negli appunti. Consente anche di eseguire specifiche azioni sui testi in base ad espressioni regolari.</p></description>
    <description xml:lang="ja"><p>クリップボードマネージャーは Xfce 用のパネルプラグインまたは通知エリア内で動作する独立したプリケーションとして提供されています。クリップボードにコピーされた文字列や画像の履歴を記憶し、選択した文字列に対して正規表現がマッチした場合に指定されたアクションを実行できます。</p></description>
    <description xml:lang="kk"><p>Алмасу буфері басқарушысы Xfce үшін панель плагині және хабарламалар аймағындар орындалатын бөлек жеке қолданба ретінде келеді. Ол алмасу буферіне көшірілген құраманың мәтін және суреттер тарихын сақтайды. Сонымен қатар, ол көрсетілген тұрақты өрнектерге сай келетін мәтін табылған кезде белгіленген әрекетттерді орындай алады.</p></description>
    <description xml:lang="ko"><p>클립보드 관리자는 Xfce 패널 플러그인이며, 알림 영역에서 독립적으로 실행하는 형태로 제공합니다. 이 관리자는 텍스트와 이미지 내용을 클립보드에 복사한 상태를 유지해줍니다. 정규표현식에 일치하는 특정 텍스트를 선택하는 기능도 있습니다.</p></description>
    <description xml:lang="lt"><p>Iškarpinės tvarkytuvė pateikiama kaip Xfce skydelio įskiepis bei kaip atskira, pranešimų srityje vykdoma, programa. Ji saugo, į iškarpinę nukopijuoto turinio teksto ir paveikslų, žurnalą. Programoje taip pat yra galimybė, esant tam tikro teksto žymėjimui, vykdyti veiksmus, atitinkančius tam tikrus reguliariuosius reiškinius.</p></description>
    <description xml:lang="ms"><p>Pengurus Papan Keratan disediakan sebagai pemalam panel untuk Xfce dan sebagai aplikasi berdiri-sendiri yang berjalan di dalam kawasan pemberitahuan. Ia menyimpan sejarah teks dan imej kandungan yang disalin ke dalam papan keratan. ia juga mempunyai fitur untuk lakukan tindakan pada pemilihan teks tertentu dengan memadan ia dengan regex.</p></description>
    <description xml:lang="nb"><p>Utklippstavlebehandleren tilbys som et paneltillegg for Xfce og som frittstående program kjørende i varslingsområdet. Det tar vare på historikk og tekst fra bilder og innhold som kopieres til utklippstavlen. Det har også den egenskapen at det utfører handlinger på gitt tekst ved å jamføre dem mot regulære uttrykk.</p></description>
    <description xml:lang="nl"><p>Klembordbeheer als invoegsel voor de werkbalk van Xfce en als een op zichzelf staande toepassing die draait in het meldvak. Hij houdt een geschiedenis bij van tekst en afbeeldingen die zijn gekopieerd naar het klembord. Hij heeft ook een functie waarmee acties kunnen worden uitgevoerd op een bepaalde tekstselectie, door deze af te zetten tegen regexes.</p></description>
    <description xml:lang="pl"><p>Menedżer schowka umieszczony jako wtyczka dla panelu Xfce i jako samodzielna aplikacja działająca w obszarze powiadomień. Przechowuje historię tekstu i obrazów z treści skopiowanych do schowka. Posiada również funkcję do wykonywania czynności na konkretnie wybranym tekście, dopasowując je do wyrażeń regularnych.</p></description>
    <description xml:lang="pt"><p>Gestor da área de transferência fornecido como um plugin para o painel Xfce e como uma aplicação própria inserida na área de notificação. Mantém um histórico de texto e imagens do conteúdo copiado para a área de transferência. Tem também um recurso para executar ações sobre a seleção de texto específico, combinando-as com expressões regulares.</p></description>
    <description xml:lang="pt_BR"><p>Gerenciador Clipboard fornecido como um plugin de painel para o Xfce e como um aplicativo independente em execução na área de notificação. Ele mantém um histórico de texto e imagens de conteúdos copiados para o clipboard. Ele também possui um recurso para executar ações sobre a seleção de texto específico, combinando-os contra expressões regulares</p></description>
    <description xml:lang="ru"><p>Менеджер буфера обмена может быть модулем для панели Xfce и самостоятельным приложением, выполняемым в области уведомления. Менеджер хранит историю копированного в буфер обмена текста и изображений. Имеется возможность выполнения действий над выбранным текстом, удовлетворяющим заданным регулярным выражениям.</p></description>
    <description xml:lang="sk"><p>Správca schránky vo forme zásuvného modulu panela XFCE a ako samostatná aplikácia spustená v informačnej oblasti. Uchováva históriu obsahu textu a obrázkov kopírovaných do schránky. Poskytuje aj možnosť spúšťania akcií na výbere textu, ktorý zodpovedá regulárnym výrazom.</p></description>
    <description xml:lang="sl"><p>Upravljalnik odložišča je na voljo kot vtičnik za Xfce pult ali kot samostojen program, ki  deluje v področju za obvestila. Shranjuje zgodovino tekstovnih in slikovnih vsebin, ki so bile kopirane na odložišče. Ima tudi funkcijo izvajanja dejanj za določen izbor teksta, ob njihovem primerjanju z regularnimi izrazi.</p></description>
    <description xml:lang="sq"><p>Përgjegjës të Papastre dhënë si një shtojcë paneli për Xfce-në dhe si aplikacion më vete që xhiron te zona e njoftimeve. Mban një historik teksti dhe figurash të lëndës së kopjuar te e papastra. Përmban gjithashtu një veçori për të ekzekutuar veprime në rast përzgjedhje teksti të caktuar duke e përputhur këtë me shprehje të rregullta.</p></description>
    <description xml:lang="sr"><p>Управник исечака у виду прикључка полице ИксФЦЕ-а и као самосталан програм који ради у обавештајној области. Бележи садржаје писма и слика умноженог у оставу исечака. Такође, може да извршава дејства над изабраним писмом његовим упоређивањем са регуларним изразима.</p></description>
    <description xml:lang="sv"><p>Urklippshanteraren tillhandahålls som ett panelinsticksprogram och som ett fristående program som körs i meddelandefältet. Det sparar en historik av text och bilder från innehåll som kopierats till urklipp. Det har också en funktion för att utföra åtgärder på specifika textmarkeringar genom att matcha dem mot regexes.</p></description>
    <description xml:lang="th"><p>โปรแกรมจัดการคลิปบอร์ด มีทั้งในรูปปลั๊กอินสำหรับพาเนลของ Xfce และในรูปโปรแกรมโดดที่ทำงานในพื้นที่แจ้งเหตุ โปรแกรมนี้จะเก็บประวัติของเนื้อหาข้อความและรูปภาพที่มีการคัดลอกลงในคลิปบอร์ด นอกจากนี้ ยังสามารถเรียกการกระทำกับข้อความบางรูปแบบที่เลือกได้ โดยตรวจสอบรูปแบบด้วยนิพจน์เรกิวลาร์</p></description>
    <description xml:lang="tr"><p>Geçici Taşıma Panosu Yöneticisi Xfce için bir panel eklentisi olarak ve bildirim alanında kendi başına çalışan bir uygulama olarak sunulmaktadır. Taşıma panosuna kopyalanan metin ve resimlerin geçmişini saklar. Ayrıca belirli metin seçimleri üzerinde onlar düzenli ifadelerle eşleştirip eylemler çalıştırma özelliği de vardır.</p></description>
    <description xml:lang="uk"><p>Менеджер буферу обміну є додатком до панелі Xfce і є також окремою програмою, що вантажиться в область повідомлень панелі. Містить історію набору тексту і малюнків змісту, скопійованих в буфер обміну. Має також можливість запускати дії при специфічному виборі тексту, що відповідає певним критеріям.</p></description>
    <description xml:lang="zh_CN"><p>剪贴板管理器是一个 Xfce 的面板插件，它在通知区域中单独执行。它保留了文字及图片被复制到剪贴板的历史。它也有在被选择的文字符合正则表达式时执行的功能。</p></description>
    <description xml:lang="zh_TW"><p>剪貼簿管理員提供一個 Xfce 的面板插件與在通知區域中單獨執行的應用程式。它保留了文字及圖片被複製到剪貼簿的歷史。它也有被選擇的文字符合正則表達式時可執行的功能。</p></description>
    <icon type="cached" height="128" width="128">128x128/xfce4-clipman.png</icon>
    <icon type="cached" height="64" width="64">64x64/xfce4-clipman.png</icon>
    <categories>
      <category>Utility</category>
    </categories>
    <kudos>
      <kudo>HiDpiIcon</kudo>
    </kudos>
    <project_license>GPL-2.0</project_license>
    <url type="bugtracker">https://bugzilla.xfce.org/</url>
    <url type="help">https://docs.xfce.org/panel-plugins/xfce4-clipman-plugin</url>
    <url type="homepage">https://docs.xfce.org/panel-plugins/xfce4-clipman-plugin</url>
    <project_group>XFCE</project_group>
    <screenshots>
      <screenshot type="default">
        <image type="source">http://docs.xfce.org/_media/extra/clipman/clipman-menu.png</image>
      </screenshot>
    </screenshots>
    <provides>
      <binary>xfce4-clipman</binary>
      <binary>xfce4-clipman-settings</binary>
      <binary>xfce4-popup-clipman</binary>
    </provides>
    <launchable type="desktop-id">xfce4-clipman.desktop</launchable>
  </component>
</components>

