DEBUG:   Getting filename match for cantarell-fonts-0.201-1.x86_64.rpm
DEBUG:   Exploding tree for cantarell-fonts
DEBUG:   Processing cantarell-fonts-0.201-1.x86_64.rpm with appdata
DEBUG:   Running asb_plugin_process() from appdata
WARNING: Unable to currently map Fedora license 'null' to SPDX
DEBUG:   Running asb_plugin_process_app() from desktop
DEBUG:   Running asb_plugin_process_app() from font
WARNING: Failed to get font from ./tmp/cantarell-fonts-0.201-1/usr/share/fonts/cantarell/Cantarell-VF.otf: Font screenshot already exists with hash 14c1e795e29ab94a0bd29a5dc0f59fcd
DEBUG:   Running asb_plugin_process_app() from gettext
DEBUG:   Running asb_plugin_process_app() from hardcoded
DEBUG:   Running asb_plugin_process_app() from icon
DEBUG:   Saved icon ./tmp/icons/64x64/org.gnome.cantarell.png
<components version="1.0">
  <component type="font">
    <id>org.gnome.cantarell</id>
    <pkgname>cantarell-fonts</pkgname>
    <name>Cantarell</name>
    <summary>Humanist sans serif font</summary>
    <description><p>The Cantarell font family is a contemporary Humanist sans serif designed for on-screen reading. The fonts were originally designed by Dave Crossland.</p></description>
    <icon type="cached" height="64" width="64">64x64/org.gnome.cantarell.png</icon>
    <project_license>OFL-1.1</project_license>
    <url type="homepage">https://wiki.gnome.org/Projects/CantarellFonts</url>
    <project_group>GNOME</project_group>
    <screenshots>
      <screenshot type="default">
        <image type="source" height="48" width="640">file:/org.gnome.cantarell-226da5c309d67878a67bf2701f329baa.png</image>
      </screenshot>
      <screenshot>
        <image type="source" height="48" width="640">file:/org.gnome.cantarell-14c1e795e29ab94a0bd29a5dc0f59fcd.png</image>
      </screenshot>
      <screenshot>
        <image type="source" height="48" width="640">file:/org.gnome.cantarell-0cc66870a14648a184097f5194489544.png</image>
      </screenshot>
      <screenshot>
        <image type="source" height="48" width="640">file:/org.gnome.cantarell-b0da77204fda2a61d8164f6d54dba7ee.png</image>
      </screenshot>
      <screenshot>
        <image type="source" height="48" width="640">file:/org.gnome.cantarell-153ce3c31207a4f9f00ca4e445f9ae99.png</image>
      </screenshot>
    </screenshots>
    <provides>
      <font>Cantarell Bold</font>
      <font>Cantarell Extra Bold</font>
      <font>Cantarell Light</font>
      <font>Cantarell Regular</font>
      <font>Cantarell Thin</font>
    </provides>
    <languages>
      <lang>aa</lang>
      <lang>an</lang>
      <lang>ast</lang>
      <lang>av</lang>
      <lang>ay</lang>
      <lang>az-az</lang>
      <lang>ba</lang>
      <lang>be</lang>
      <lang>bg</lang>
      <lang>bi</lang>
      <lang>bin</lang>
      <lang>br</lang>
      <lang>bs</lang>
      <lang>bua</lang>
      <lang>ca</lang>
      <lang>ce</lang>
      <lang>ch</lang>
      <lang>chm</lang>
      <lang>co</lang>
      <lang>crh</lang>
      <lang>cs</lang>
      <lang>csb</lang>
      <lang>cv</lang>
      <lang>cy</lang>
      <lang>da</lang>
      <lang>de</lang>
      <lang>en</lang>
      <lang>eo</lang>
      <lang>es</lang>
      <lang>et</lang>
      <lang>eu</lang>
      <lang>fi</lang>
      <lang>fil</lang>
      <lang>fj</lang>
      <lang>fo</lang>
      <lang>fr</lang>
      <lang>fur</lang>
      <lang>fy</lang>
      <lang>gd</lang>
      <lang>gl</lang>
      <lang>gn</lang>
      <lang>gv</lang>
      <lang>haw</lang>
      <lang>ho</lang>
      <lang>hr</lang>
      <lang>hsb</lang>
      <lang>ht</lang>
      <lang>hu</lang>
      <lang>ia</lang>
      <lang>id</lang>
      <lang>ie</lang>
      <lang>ig</lang>
      <lang>ik</lang>
      <lang>io</lang>
      <lang>is</lang>
      <lang>it</lang>
      <lang>jv</lang>
      <lang>kaa</lang>
      <lang>ki</lang>
      <lang>kj</lang>
      <lang>kk</lang>
      <lang>kl</lang>
      <lang>ku-am</lang>
      <lang>ku-tr</lang>
      <lang>kum</lang>
      <lang>kv</lang>
      <lang>kw</lang>
      <lang>kwm</lang>
      <lang>ky</lang>
      <lang>la</lang>
      <lang>lb</lang>
      <lang>lez</lang>
      <lang>lg</lang>
      <lang>li</lang>
      <lang>lt</lang>
      <lang>lv</lang>
      <lang>mg</lang>
      <lang>mh</lang>
      <lang>mk</lang>
      <lang>mn-mn</lang>
      <lang>mo</lang>
      <lang>ms</lang>
      <lang>mt</lang>
      <lang>na</lang>
      <lang>nb</lang>
      <lang>nds</lang>
      <lang>ng</lang>
      <lang>nl</lang>
      <lang>nn</lang>
      <lang>no</lang>
      <lang>nr</lang>
      <lang>nso</lang>
      <lang>nv</lang>
      <lang>ny</lang>
      <lang>oc</lang>
      <lang>om</lang>
      <lang>os</lang>
      <lang>pap-an</lang>
      <lang>pap-aw</lang>
      <lang>pl</lang>
      <lang>pt</lang>
      <lang>qu</lang>
      <lang>quz</lang>
      <lang>rm</lang>
      <lang>rn</lang>
      <lang>ro</lang>
      <lang>ru</lang>
      <lang>rw</lang>
      <lang>sah</lang>
      <lang>sc</lang>
      <lang>se</lang>
      <lang>sel</lang>
      <lang>sg</lang>
      <lang>sh</lang>
      <lang>sk</lang>
      <lang>sl</lang>
      <lang>sm</lang>
      <lang>sma</lang>
      <lang>smj</lang>
      <lang>smn</lang>
      <lang>sn</lang>
      <lang>so</lang>
      <lang>sq</lang>
      <lang>sr</lang>
      <lang>ss</lang>
      <lang>st</lang>
      <lang>su</lang>
      <lang>sv</lang>
      <lang>sw</lang>
      <lang>tg</lang>
      <lang>tk</lang>
      <lang>tl</lang>
      <lang>tn</lang>
      <lang>to</lang>
      <lang>tr</lang>
      <lang>ts</lang>
      <lang>tt</lang>
      <lang>ty</lang>
      <lang>tyv</lang>
      <lang>uk</lang>
      <lang>uz</lang>
      <lang>vi</lang>
      <lang>vo</lang>
      <lang>vot</lang>
      <lang>wa</lang>
      <lang>wen</lang>
      <lang>wo</lang>
      <lang>xh</lang>
      <lang>yap</lang>
      <lang>za</lang>
      <lang>zu</lang>
    </languages>
  </component>
</components>

