DEBUG:   Getting filename match for hitori-3.36.0-1.x86_64.rpm
DEBUG:   Exploding tree for hitori
DEBUG:   Processing hitori-3.36.0-1.x86_64.rpm with appdata
DEBUG:   Running asb_plugin_process() from appdata
INFO:    Upstream contact <philip@tecnocode.co.uk>
WARNING: Unable to currently map Fedora license 'null' to SPDX
DEBUG:   Running asb_plugin_process_app() from desktop
DEBUG:   Running asb_plugin_process_app() from font
DEBUG:   Running asb_plugin_process_app() from gettext
DEBUG:   Running asb_plugin_process_app() from hardcoded
DEBUG:   Auto-adding kudo UserDocs for org.gnome.Hitori
DEBUG:   Running asb_plugin_process_app() from icon
DEBUG:   Saved icon ./tmp/icons/64x64/org.gnome.Hitori.png
DEBUG:   Saved icon ./tmp/icons/128x128/org.gnome.Hitori.png
<components version="1.0">
  <component type="desktop">
    <id>org.gnome.Hitori</id>
    <pkgname>hitori</pkgname>
    <translation type="gettext">hitori</translation>
    <name>GNOME Hitori</name>
    <summary>Play the Hitori puzzle game</summary>
    <developer_name>The GNOME Project</developer_name>
    <description><p>Hitori is a logic game similar to the popular game of Sudoku.</p><p>You play the game against the clock, aiming to eliminate all the duplicate numbers in each row and column in the fastest time. Multiple sizes of game board are supported, and you can place markers on cells to help work out the solution. If you get stuck, the game can give you a hint.</p></description>
    <icon type="cached" height="128" width="128">128x128/org.gnome.Hitori.png</icon>
    <icon type="cached" height="64" width="64">64x64/org.gnome.Hitori.png</icon>
    <categories>
      <category>Game</category>
      <category>LogicGame</category>
    </categories>
    <keywords>
      <keyword>game</keyword>
      <keyword>grid</keyword>
      <keyword>logic</keyword>
      <keyword>puzzle</keyword>
    </keywords>
    <kudos>
      <kudo>AppMenu</kudo>
      <kudo>HiDpiIcon</kudo>
      <kudo>HighContrast</kudo>
      <kudo>ModernToolkit</kudo>
      <kudo>UserDocs</kudo>
      <kudo>UserDocs</kudo>
    </kudos>
    <project_license>GPL-3.0+ and CC-BY-SA-3.0</project_license>
    <url type="bugtracker">https://gitlab.gnome.org/GNOME/hitori/issues</url>
    <url type="donation">http://www.gnome.org/friends/</url>
    <url type="help">https://help.gnome.org/users/hitori/stable/</url>
    <url type="homepage">https://wiki.gnome.org/Apps/Hitori</url>
    <url type="translate">https://wiki.gnome.org/TranslationProject/LocalisationGuide</url>
    <project_group>GNOME</project_group>
    <screenshots>
      <screenshot type="default">
        <image type="source">https://people.gnome.org/~mcatanzaro/hitori.png</image>
      </screenshot>
    </screenshots>
    <content_rating type="oars-1.0">
      <content_attribute id="violence-cartoon">none</content_attribute>
      <content_attribute id="violence-fantasy">none</content_attribute>
      <content_attribute id="violence-realistic">none</content_attribute>
      <content_attribute id="violence-bloodshed">none</content_attribute>
      <content_attribute id="violence-sexual">none</content_attribute>
      <content_attribute id="drugs-alcohol">none</content_attribute>
      <content_attribute id="drugs-narcotics">none</content_attribute>
      <content_attribute id="drugs-tobacco">none</content_attribute>
      <content_attribute id="sex-nudity">none</content_attribute>
      <content_attribute id="sex-themes">none</content_attribute>
      <content_attribute id="language-profanity">none</content_attribute>
      <content_attribute id="language-humor">none</content_attribute>
      <content_attribute id="language-discrimination">none</content_attribute>
      <content_attribute id="social-chat">none</content_attribute>
      <content_attribute id="social-info">none</content_attribute>
      <content_attribute id="social-audio">none</content_attribute>
      <content_attribute id="social-location">none</content_attribute>
      <content_attribute id="social-contacts">none</content_attribute>
      <content_attribute id="money-purchasing">none</content_attribute>
      <content_attribute id="money-gambling">none</content_attribute>
    </content_rating>
    <releases>
      <release type="stable" timestamp="1583884800" version="3.36.0">
        <description><ul><li>No changes; version bump only.</li></ul></description>
      </release>
      <release type="development" timestamp="1582502400" version="3.35.0">
        <description><ul><li>Allow resizing the window smaller.</li><li>Translation updates.</li></ul></description>
      </release>
      <release type="stable" timestamp="1567382400" version="3.34.0">
        <description><ul><li>Translation updates.</li></ul></description>
      </release>
      <release type="development" timestamp="1566432000" version="3.33.0">
        <description><ul><li>Remember window size and position.</li><li>Support localised (non-Arabic) digits on the game board.</li><li>Add keyboard shortcuts dialogue and improve keyboard shortcuts and mnemonics.</li></ul></description>
      </release>
      <release type="stable" timestamp="1566432000" version="3.32.0"/>
      <release type="development" timestamp="1551657600" version="3.31.92"/>
      <release type="development" timestamp="1550534400" version="3.31.0"/>
      <release type="stable" timestamp="1506902400" version="3.22.4"/>
      <release type="stable" timestamp="1493510400" version="3.22.3"/>
    </releases>
    <provides>
      <binary>hitori</binary>
    </provides>
    <launchable type="desktop-id">org.gnome.Hitori.desktop</launchable>
  </component>
</components>

