DEBUG:   Getting filename match for firewalld-0.8.2-1.x86_64.rpm
DEBUG:   Exploding tree for firewalld
DEBUG:   Processing firewalld-0.8.2-1.x86_64.rpm with appdata
DEBUG:   Running asb_plugin_process() from appdata
INFO:    Upstream contact <twoerner@redhat.com>
WARNING: Unable to currently map Fedora license 'null' to SPDX
DEBUG:   Running asb_plugin_process_app() from desktop
DEBUG:   Running asb_plugin_process_app() from font
DEBUG:   Running asb_plugin_process_app() from gettext
DEBUG:   Running asb_plugin_process_app() from hardcoded
DEBUG:   Running asb_plugin_process_app() from icon
DEBUG:   Saved icon ./tmp/icons/64x64/firewall-config.png
DEBUG:   Saved icon ./tmp/icons/128x128/firewall-config.png
<components version="1.0">
  <component type="desktop">
    <id>firewall-config.desktop</id>
    <pkgname>firewalld</pkgname>
    <name>Firewall</name>
    <name xml:lang="ar">الجدار النّاري</name>
    <name xml:lang="as">ফায়াৰ্ৱাল</name>
    <name xml:lang="bg">Защитна стена</name>
    <name xml:lang="bn_IN">ফায়ারওয়াল</name>
    <name xml:lang="ca">Tallafoc</name>
    <name xml:lang="cs">Brána firewall</name>
    <name xml:lang="el">Τείχος προστασίας</name>
    <name xml:lang="es">Cortafuegos</name>
    <name xml:lang="et">Tulemüür</name>
    <name xml:lang="eu">Suhesia</name>
    <name xml:lang="fi">Palomuuri</name>
    <name xml:lang="fr">Pare-feu</name>
    <name xml:lang="gl">Devasa</name>
    <name xml:lang="gu">ફાયરવોલ</name>
    <name xml:lang="hi">फायरवाल</name>
    <name xml:lang="hu">Tűzfal</name>
    <name xml:lang="ia">Parafoco</name>
    <name xml:lang="ja">ファイアウォール</name>
    <name xml:lang="ka">ქსელური ფარი</name>
    <name xml:lang="kn">ಫೈರ್ವಾಲ್</name>
    <name xml:lang="ko">방화벽</name>
    <name xml:lang="lt">Užkarda</name>
    <name xml:lang="ml">ഫയര്‍വോള്‍</name>
    <name xml:lang="mr">फायरवॉल</name>
    <name xml:lang="or">ଅଗ୍ନିକବଚ</name>
    <name xml:lang="pa">ਫਾਇਰਵਾਲ</name>
    <name xml:lang="pl">Zapora sieciowa</name>
    <name xml:lang="ru">Межсетевой экран</name>
    <name xml:lang="sr">Заштитни зид</name>
    <name xml:lang="sr@latin">Zaštitni zid</name>
    <name xml:lang="sv">Brandvägg</name>
    <name xml:lang="ta">ஃபயர்வால்</name>
    <name xml:lang="te">ఫైర్‌వాల్</name>
    <name xml:lang="tr">Güvenlik Duvarı</name>
    <name xml:lang="uk">Мережний екран</name>
    <name xml:lang="zh_CN">防火墙</name>
    <name xml:lang="zh_TW">防火牆</name>
    <summary>Firewall Configuration</summary>
    <summary xml:lang="ar">إعدادات الجدار النّاري</summary>
    <summary xml:lang="as">ফায়াৰ্ৱাল বিন্যাস</summary>
    <summary xml:lang="bg">Конфигуриране на защитната стена</summary>
    <summary xml:lang="bn_IN">ফায়ারওয়াল কনফিগারেশন</summary>
    <summary xml:lang="ca">Configuració del tallafoc</summary>
    <summary xml:lang="cs">Nastavení brány firewall</summary>
    <summary xml:lang="da">Konfiguration af firewall</summary>
    <summary xml:lang="de">Firewall-Konfiguration</summary>
    <summary xml:lang="el">Ρύθμιση τείχους προστασίας</summary>
    <summary xml:lang="es">Configuración del cortafuegos</summary>
    <summary xml:lang="et">Tulemüüri seadistamine</summary>
    <summary xml:lang="eu">Suhesiaren konfigurazioa</summary>
    <summary xml:lang="fi">Palomuuriasetukset</summary>
    <summary xml:lang="fr">Configuration du pare-feu</summary>
    <summary xml:lang="gl">Configuración da devasa</summary>
    <summary xml:lang="gu">ફાયરવોલ રૂપરેખાંકન</summary>
    <summary xml:lang="hi">फायरवाल विन्यास </summary>
    <summary xml:lang="hu">Tűzfal beállítások</summary>
    <summary xml:lang="ia">Configuration de parafoco</summary>
    <summary xml:lang="id">Pengaturan Firewall</summary>
    <summary xml:lang="it">Configurazione del firewall</summary>
    <summary xml:lang="ja">ファイアウォールの設定</summary>
    <summary xml:lang="ka">ქსელური ფარის კონფიგურაცია</summary>
    <summary xml:lang="kn">ಫೈರ್ವಾಲ್ ಸ್ವರೂಪಣೆ</summary>
    <summary xml:lang="ko">방화벽 설정</summary>
    <summary xml:lang="lt">Užkardos konfigūravimas</summary>
    <summary xml:lang="ml">ഫയര്‍വോള്‍ ക്രമീകരണം</summary>
    <summary xml:lang="mr">फायरवॉल संयोजना</summary>
    <summary xml:lang="nl">Firewall configuratie</summary>
    <summary xml:lang="or">ଅଗ୍ନିକବଚର ବିନ୍ଯାସ</summary>
    <summary xml:lang="pa">ਫਾਇਰਵਾਲ ਸੰਰਚਨਾ</summary>
    <summary xml:lang="pl">Konfiguracja zapory sieciowej</summary>
    <summary xml:lang="pt">Configuração da Firewall</summary>
    <summary xml:lang="pt_BR">Configuração do Firewall</summary>
    <summary xml:lang="ru">Настройка межсетевого экрана</summary>
    <summary xml:lang="sk">Nastavenia firewallu</summary>
    <summary xml:lang="sq">Konfigurimi i Firewall</summary>
    <summary xml:lang="sr">Подешавање заштитног зида</summary>
    <summary xml:lang="sr@latin">Podešavanje zaštitnog zida</summary>
    <summary xml:lang="sv">Brandväggskonfiguration</summary>
    <summary xml:lang="ta">ஃபயர்வால் கட்டமைப்பு</summary>
    <summary xml:lang="te">Firewall ఆకృతీకరణ</summary>
    <summary xml:lang="tr">Güvenlik Duvarı Yapılandırması</summary>
    <summary xml:lang="uk">Налаштовування мережного екрану</summary>
    <summary xml:lang="zh_CN">防火墙配置</summary>
    <summary xml:lang="zh_TW">防火牆組態</summary>
    <description><p>Firewall Configuration provides a graphical tool for administering firewall.</p><p>Allows to inspect and set:</p><ul><li>Runtime and permanent firewall configuration</li><li>Predefined zones (levels of trust for network connections)</li><li>Predefined services (port/protocol, netfilter helper module)</li><li>Port forwarding, masquerading, ICMP blocking</li><li>Complex firewall rules a.k.a. Rich Language</li><li>Iptables rules a.k.a. Direct Interface</li></ul></description>
    <icon type="cached" height="128" width="128">128x128/firewall-config.png</icon>
    <icon type="cached" height="64" width="64">64x64/firewall-config.png</icon>
    <categories>
      <category>Security</category>
      <category>Settings</category>
      <category>System</category>
    </categories>
    <keywords>
      <keyword>firewall</keyword>
      <keyword>iptables</keyword>
      <keyword>netfilter</keyword>
      <keyword>network</keyword>
      <keyword>security</keyword>
      <keyword xml:lang="ca">seguretat</keyword>
      <keyword xml:lang="ca">tallafoc</keyword>
      <keyword xml:lang="ca">xarxa</keyword>
      <keyword xml:lang="cs">síť</keyword>
      <keyword xml:lang="cs">zabezpečení</keyword>
      <keyword xml:lang="da">iptabeller</keyword>
      <keyword xml:lang="da">netværk</keyword>
      <keyword xml:lang="da">sikkerhed</keyword>
      <keyword xml:lang="de">Firewall</keyword>
      <keyword xml:lang="de">Iptables</keyword>
      <keyword xml:lang="de">Netfilter</keyword>
      <keyword xml:lang="de">Netzwerk</keyword>
      <keyword xml:lang="de">Sicherheit</keyword>
      <keyword xml:lang="es">cortafuegos</keyword>
      <keyword xml:lang="es">red</keyword>
      <keyword xml:lang="es">seguridad</keyword>
      <keyword xml:lang="fi">palomuuri</keyword>
      <keyword xml:lang="fi">suojaus</keyword>
      <keyword xml:lang="fi">tietoturva</keyword>
      <keyword xml:lang="fi">turva</keyword>
      <keyword xml:lang="fi">verkko</keyword>
      <keyword xml:lang="fr">pare-feu</keyword>
      <keyword xml:lang="fr">réseau</keyword>
      <keyword xml:lang="fr">sécurité</keyword>
      <keyword xml:lang="gu">નેટવર્ક</keyword>
      <keyword xml:lang="gu">ફાયરવોસ</keyword>
      <keyword xml:lang="gu">સુરક્ષા</keyword>
      <keyword xml:lang="hu">biztonság</keyword>
      <keyword xml:lang="hu">hálózat</keyword>
      <keyword xml:lang="hu">tűzfal</keyword>
      <keyword xml:lang="it">rete</keyword>
      <keyword xml:lang="it">sicurezza</keyword>
      <keyword xml:lang="ja">セキュリティー</keyword>
      <keyword xml:lang="ja">ネットワーク</keyword>
      <keyword xml:lang="ja">ファイアウォール</keyword>
      <keyword xml:lang="kn">ಜಾಲಬಂಧ</keyword>
      <keyword xml:lang="kn">ನೆಟ್‌ಫಿಲ್ಟರ್‌</keyword>
      <keyword xml:lang="kn">ಫೈರ್ವಾಲ್</keyword>
      <keyword xml:lang="kn">ಸುರಕ್ಷತೆ</keyword>
      <keyword xml:lang="ko">네트워크</keyword>
      <keyword xml:lang="ko">방화벽</keyword>
      <keyword xml:lang="ko">보안</keyword>
      <keyword xml:lang="lt">saugumas</keyword>
      <keyword xml:lang="lt">tinklas</keyword>
      <keyword xml:lang="lt">užkarda</keyword>
      <keyword xml:lang="mr">नेटवर्क</keyword>
      <keyword xml:lang="mr">फायरवॉल</keyword>
      <keyword xml:lang="mr">सुरक्षा</keyword>
      <keyword xml:lang="nl">beveiliging</keyword>
      <keyword xml:lang="nl">netwerk</keyword>
      <keyword xml:lang="pl">bezpieczeństwo</keyword>
      <keyword xml:lang="pl">ogniowa</keyword>
      <keyword xml:lang="pl">sieci</keyword>
      <keyword xml:lang="pl">sieciowa</keyword>
      <keyword xml:lang="pl">sieć</keyword>
      <keyword xml:lang="pl">zabezpieczenia</keyword>
      <keyword xml:lang="pl">zapora</keyword>
      <keyword xml:lang="pt">filtro de rede</keyword>
      <keyword xml:lang="pt">rede</keyword>
      <keyword xml:lang="pt">segurança</keyword>
      <keyword xml:lang="pt">tabelas de ip</keyword>
      <keyword xml:lang="ru">безопасность</keyword>
      <keyword xml:lang="ru">межсетевой экран</keyword>
      <keyword xml:lang="ru">сеть</keyword>
      <keyword xml:lang="sk">bezpečnosť</keyword>
      <keyword xml:lang="sk">sieť</keyword>
      <keyword xml:lang="sr">заштитни зид</keyword>
      <keyword xml:lang="sr">мрежа</keyword>
      <keyword xml:lang="sr">мрежни филтер</keyword>
      <keyword xml:lang="sr">сигурност</keyword>
      <keyword xml:lang="sv">brandvägg</keyword>
      <keyword xml:lang="sv">nätverk</keyword>
      <keyword xml:lang="sv">säkerhet</keyword>
      <keyword xml:lang="tr">ağ</keyword>
      <keyword xml:lang="tr">güvenlik</keyword>
      <keyword xml:lang="tr">güvenlik-duvarı</keyword>
      <keyword xml:lang="uk">айпітейблс</keyword>
      <keyword xml:lang="uk">безпека</keyword>
      <keyword xml:lang="uk">брандмауер</keyword>
      <keyword xml:lang="uk">екран</keyword>
      <keyword xml:lang="uk">захист</keyword>
      <keyword xml:lang="uk">мережа</keyword>
      <keyword xml:lang="uk">нетфільтр</keyword>
      <keyword xml:lang="uk">файрвол</keyword>
      <keyword xml:lang="zh_CN">安全</keyword>
      <keyword xml:lang="zh_CN">网络</keyword>
      <keyword xml:lang="zh_CN">防火墙</keyword>
      <keyword xml:lang="zh_TW">安全性</keyword>
      <keyword xml:lang="zh_TW">網路</keyword>
      <keyword xml:lang="zh_TW">防火牆</keyword>
    </keywords>
    <kudos>
      <kudo>HiDpiIcon</kudo>
    </kudos>
    <project_license>GPL-2.0+</project_license>
    <url type="bugtracker">https://github.com/firewalld/firewalld/issues</url>
    <url type="homepage">http://firewalld.org</url>
    <url type="translate">https://fedora.zanata.org/project/view/firewalld</url>
    <screenshots>
      <screenshot type="default">
        <image type="source">https://raw.githubusercontent.com/firewalld/firewalld/master/doc/firewall-config.png</image>
      </screenshot>
    </screenshots>
    <launchable type="desktop-id">firewall-config.desktop</launchable>
  </component>
</components>

