DEBUG:   Getting filename match for five-or-more-3.32.2-1.x86_64.rpm
DEBUG:   Exploding tree for five-or-more
DEBUG:   Processing five-or-more-3.32.2-1.x86_64.rpm with appdata
DEBUG:   Running asb_plugin_process() from appdata
INFO:    Upstream contact <mcatanzaro@gnome.org>
WARNING: Unable to currently map Fedora license 'null' to SPDX
DEBUG:   Running asb_plugin_process_app() from desktop
DEBUG:   Running asb_plugin_process_app() from font
DEBUG:   Running asb_plugin_process_app() from gettext
DEBUG:   Running asb_plugin_process_app() from hardcoded
DEBUG:   Auto-adding kudo UserDocs for org.gnome.five-or-more
DEBUG:   Running asb_plugin_process_app() from icon
DEBUG:   Saved icon ./tmp/icons/64x64/org.gnome.five-or-more.png
DEBUG:   Saved icon ./tmp/icons/128x128/org.gnome.five-or-more.png
<components version="1.0">
  <component type="desktop">
    <id>org.gnome.five-or-more</id>
    <pkgname>five-or-more</pkgname>
    <translation type="gettext">five-or-more</translation>
    <name>Five or More</name>
    <summary>Remove colored balls from the board by forming lines</summary>
    <developer_name>The GNOME Project</developer_name>
    <description><p>Five or More is the GNOME port of a once-popular computer game. Align five or more objects of the same color into a line to cause them to disappear and score points. Earn many more points by lining up as many objects as possible before clearing them.</p><p>More objects appear after every turn. Play for as long as possible, until the board is completely full!</p></description>
    <icon type="cached" height="128" width="128">128x128/org.gnome.five-or-more.png</icon>
    <icon type="cached" height="64" width="64">64x64/org.gnome.five-or-more.png</icon>
    <categories>
      <category>Game</category>
      <category>LogicGame</category>
    </categories>
    <keywords>
      <keyword>game</keyword>
      <keyword>logic</keyword>
      <keyword>strategy</keyword>
    </keywords>
    <kudos>
      <kudo>HiDpiIcon</kudo>
      <kudo>HiDpiIcon</kudo>
      <kudo>HighContrast</kudo>
      <kudo>ModernToolkit</kudo>
      <kudo>UserDocs</kudo>
      <kudo>UserDocs</kudo>
    </kudos>
    <project_license>GPL-3.0+</project_license>
    <url type="bugtracker">https://gitlab.gnome.org/GNOME/five-or-more/issues</url>
    <url type="donation">http://www.gnome.org/friends/</url>
    <url type="help">https://help.gnome.org/users/five-or-more/stable/</url>
    <url type="homepage">https://wiki.gnome.org/Apps/Five%20or%20more</url>
    <url type="translate">https://wiki.gnome.org/TranslationProject</url>
    <project_group>GNOME</project_group>
    <screenshots>
      <screenshot type="default">
        <image type="source">https://people.gnome.org/~mcatanzaro/five-or-more.png</image>
      </screenshot>
    </screenshots>
    <content_rating type="oars-1.0">
      <content_attribute id="violence-cartoon">none</content_attribute>
      <content_attribute id="violence-fantasy">none</content_attribute>
      <content_attribute id="violence-realistic">none</content_attribute>
      <content_attribute id="violence-bloodshed">none</content_attribute>
      <content_attribute id="violence-sexual">none</content_attribute>
      <content_attribute id="drugs-alcohol">none</content_attribute>
      <content_attribute id="drugs-narcotics">none</content_attribute>
      <content_attribute id="drugs-tobacco">none</content_attribute>
      <content_attribute id="sex-nudity">none</content_attribute>
      <content_attribute id="sex-themes">none</content_attribute>
      <content_attribute id="language-profanity">none</content_attribute>
      <content_attribute id="language-humor">none</content_attribute>
      <content_attribute id="language-discrimination">none</content_attribute>
      <content_attribute id="social-chat">none</content_attribute>
      <content_attribute id="social-info">none</content_attribute>
      <content_attribute id="social-audio">none</content_attribute>
      <content_attribute id="social-location">none</content_attribute>
      <content_attribute id="social-contacts">none</content_attribute>
      <content_attribute id="money-purchasing">none</content_attribute>
      <content_attribute id="money-gambling">none</content_attribute>
    </content_rating>
    <releases>
      <release timestamp="1552262400" version="3.32.0">
        <description><p>Overview of changes in five-or-more 3.32.0</p><ul><li>Updated translations</li></ul></description>
      </release>
      <release timestamp="1551744000" version="3.31.92">
        <description><p>Overview of changes in five-or-more 3.31.92</p><ul><li>Updated translations</li><li>Updated documentation (Andre Klapper)</li></ul></description>
      </release>
      <release timestamp="1550448000" version="3.31.91">
        <description><p>Overview of changes in five-or-more 3.31.91</p><ul><li>Updated translations</li><li>Added snap build (Jeremy Bicha)</li></ul></description>
      </release>
      <release timestamp="1549238400" version="3.31.90">
        <description><p>Overview of changes in five-or-more 3.31.90</p><ul><li>Updated translations</li><li>Nightly builds (Bilal Elmoussaoui)</li><li>Appdata updates (Bilal Elmoussaoui)</li><li>Tests for appdata and desktop validation (Bilal Elmoussaoui)</li></ul></description>
      </release>
    </releases>
    <launchable type="desktop-id">org.gnome.five-or-more.desktop</launchable>
  </component>
</components>

