DEBUG:   Getting filename match for brasero-3.12.2-1.x86_64.rpm
DEBUG:   Exploding tree for brasero
DEBUG:   Processing brasero-3.12.2-1.x86_64.rpm with appdata
DEBUG:   Running asb_plugin_process() from appdata
INFO:    Upstream contact <brasero-list@gnome.org>
WARNING: Unable to currently map Fedora license 'null' to SPDX
DEBUG:   Running asb_plugin_process_app() from desktop
DEBUG:   Running asb_plugin_process_app() from font
DEBUG:   Running asb_plugin_process_app() from gettext
DEBUG:   Running asb_plugin_process_app() from hardcoded
DEBUG:   Auto-adding kudo UserDocs for brasero.desktop
DEBUG:   Running asb_plugin_process_app() from icon
DEBUG:   Saved icon ./tmp/icons/64x64/brasero.png
DEBUG:   Saved icon ./tmp/icons/128x128/brasero.png
<components version="1.0">
  <component type="desktop">
    <id>brasero.desktop</id>
    <pkgname>brasero</pkgname>
    <translation type="gettext">brasero</translation>
    <name>Brasero</name>
    <name xml:lang="ar">╪и╪▒╪з╪│┘К╪▒┘И</name>
    <name xml:lang="bn">ржмрзНрж░рж╛рж╕рзЗрж░рзЛ</name>
    <name xml:lang="en@shaw">┬╖ЁРСЪЁРСоЁРСйЁРСЯЁРС╜ЁРС┤</name>
    <name xml:lang="fa">╪и╪▒╪з╪▓╪▒┘И</name>
    <name xml:lang="hi">рдмреНрд░реИрд╕реЗрд░реЛ</name>
    <name xml:lang="ko">ы╕МыЭ╝ьД╕ыбЬ</name>
    <name xml:lang="ml">р┤мр╡Нр┤░р┤╕р╡Зр┤▒р╡Л</name>
    <name xml:lang="mr">рдмреНрд░рд╕реЗрд░реЛ</name>
    <name xml:lang="my">сАШсАЫсАмсАЗсАнсАп</name>
    <name xml:lang="ne">рдмреНрд░рд╛рд╕реЗрд░реЛ</name>
    <name xml:lang="pa">римри░ри╛ри╕рйАри░рйЛ</name>
    <name xml:lang="sr">╨С╤А╨░╨╖╨╡╤А╨╛</name>
    <name xml:lang="sr@latin">Brazero</name>
    <name xml:lang="te">р░мр▒Нр░░р░╛р░╕р▒Жр░░р▒Л</name>
    <summary>Create and copy CDs and DVDs</summary>
    <summary xml:lang="af">Skep en kopieer CD's en DVD's</summary>
    <summary xml:lang="ar">╪г┘Ж╪┤╪ж ┘И╪з┘Ж╪│╪о ╪з┘Д╪з╪│╪╖┘И╪з┘Ж╪з╪к ┘И╪з┘Д╪п┘КтАМ┌д┘КтАМ╪п┘К╪з╪к</summary>
    <summary xml:lang="as">ржирждрзБржи CD ржЖрз░рзБ DVD рж╕рзГрж╖рзНржЯрж┐ ржХрз░ржХ ржЕржержмрж╛ ржХржкрж┐ ржХрз░ржХ</summary>
    <summary xml:lang="ast">Crear y copiar CD y DVD</summary>
    <summary xml:lang="be">╨б╤В╨▓╨░╤А╤Н╨╜╨╜╨╡ ╤Ц ╨║╨░╨┐╤Ц╤А╨░╨▓╨░╨╜╨╜╨╡ CD- ╤Ц DVD-╨┤╤Л╤Б╨║╨░╤Ю</summary>
    <summary xml:lang="bg">╨б╤К╨╖╨┤╨░╨▓╨░╨╜╨╡ ╨╕ ╨║╨╛╨┐╨╕╤А╨░╨╜╨╡ ╨╜╨░ CD ╨╕ DVD ╨┤╨╕╤Б╨║╨╛╨▓╨╡</summary>
    <summary xml:lang="bn">CD ржУ DVD рждрзИрж░рж┐ ржПржмржВ ржЕржирзБрж▓рж┐ржкрж┐ ржХрж░рзБржи</summary>
    <summary xml:lang="bn_IN">ржирждрзБржи CD ржУ DVD рждрзИрж░рж┐ ржХрж░рзБржи ржЕржержмрж╛ ржХржкрж┐ ржХрж░рзБржи</summary>
    <summary xml:lang="br">Kroui├▒ hag eila├▒ CDo├╣ ha DVDo├╣</summary>
    <summary xml:lang="bs">Pravi i kopira CD i DVD diskove</summary>
    <summary xml:lang="ca">Crea i copia CD i DVD</summary>
    <summary xml:lang="ca@valencia">Crea i copia CD i DVD</summary>
    <summary xml:lang="cs">Vytv├б┼Щejte a kop├нrujte CD a DVD</summary>
    <summary xml:lang="da">Opret og kopi├йr cd/dvd'er</summary>
    <summary xml:lang="de">CDs/DVDs schreiben und kopieren</summary>
    <summary xml:lang="el">╬Х╬│╬│╧Б╬▒╧Ж╬о ╬║╬▒╬╣ ╬▒╬╜╧Д╬╣╬│╧Б╬▒╧Ж╬о CD ╬║╬▒╬╣ DVD</summary>
    <summary xml:lang="en@shaw">ЁРСТЁРСоЁРСжЁРС▒ЁРСС ЁРСп ЁРСТЁРСкЁРСРЁРСж CDЁРСЯ ЁРСп DVDЁРСЯ</summary>
    <summary xml:lang="eo">Krei kaj kopii KD-jn kaj DVD-jn</summary>
    <summary xml:lang="es">Cree y copie CD y DVD</summary>
    <summary xml:lang="et">Loo ja kopeeri CD- ja DVD-plaate</summary>
    <summary xml:lang="eu">Sortu eta kopiatu CD eta DVDak</summary>
    <summary xml:lang="fa">╪з█М╪м╪з╪п ┘И ┘Ж╪│╪о┘З ╪и╪▒╪п╪з█М ╪з╪▓ ╪│█МтАМ╪п█МтАМ┘З╪з ┘И ╪п█МтАМ┘И█МтАМ╪п█МтАМ┘З╪з</summary>
    <summary xml:lang="fi">Luo ja kopioi CD- ja DVD-levyj├д</summary>
    <summary xml:lang="fr">Cr├йer et copier des CD ou des DVD</summary>
    <summary xml:lang="fur">Cree e copie CD e DVD</summary>
    <summary xml:lang="ga">Cruthaigh agus c├│ipe├бil CDanna agus DVDanna</summary>
    <summary xml:lang="gd">Cruthaich is d├иan lethbhreac dhe CDan is DVDan</summary>
    <summary xml:lang="gl">Grave e copie CDs e DVDs</summary>
    <summary xml:lang="gu">CDs ркЕркирлЗ DVDs ркирлЗ ркмркирк╛рк╡рлЛ ркЕркирлЗ ркиркХрк▓ ркХрк░рлЛ</summary>
    <summary xml:lang="he">╫Щ╫ж╫Щ╫и╫Ф ╫Х╫Ф╫в╫к╫з╫Ф ╫й╫Ь ╫к╫з╫Ь╫Щ╫Ш╫Х╫и╫Щ CD ╫Х╓╛DVD</summary>
    <summary xml:lang="hi">рд╕реАрдбреА рдФрд░ рдбреАрд╡реАрдбреА рдмрдирд╛рдПрдБ рдФрд░ рдирдХрд╝рд▓ рд▓реЗрдВ</summary>
    <summary xml:lang="hr">Stvori i kopiraj CD-e i DVD-e</summary>
    <summary xml:lang="hu">CD-k ├йs DVD-k ├нr├бsa ├йs m├бsol├бsa</summary>
    <summary xml:lang="id">Membuat dan menyalin CD/DVD</summary>
    <summary xml:lang="is">B├║a til og afrita CD geisladiska og DVD mynddiska</summary>
    <summary xml:lang="it">Crea e copia CD e DVD</summary>
    <summary xml:lang="ja">CD уВД DVD уБоф╜ЬцИРуВДуВ│уГФуГ╝уБМуБзуБНуБ╛уБЩ</summary>
    <summary xml:lang="kk">CD ╨╝╨╡╨╜ DVD ╨┤╨╕╤Б╨║╤В╨╡╤А╤Ц╨╜ ╨╢╨░╤Б╨░╤Г ╨╢╙Щ╨╜╨╡ ╨║╙й╤И╤Ц╤А╤Г</summary>
    <summary xml:lang="km">сЮФсЮДсЯТсЮАсЮ╛сЮП сЮУсЮ╖сЮДтАЛсЮЕсЮШсЯТсЮЫсЮДтАЛсЮЯсЯКсЮ╕сЮМсЮ╕ сЮУсЮ╖сЮДтАЛсЮМсЮ╕сЮЬсЮ╕сЮМсЮ╕</summary>
    <summary xml:lang="kn">CD р▓ор▓др│Нр▓др│Б DVDр▓Чр▓│р▓ир│Нр▓ир│Б р▓╕р│Гр▓╖р│Нр▓Яр▓┐р▓╕р▓┐ р▓ор▓др│Нр▓др│Б р▓мр▓░р│Жр▓пр▓┐р▓░р▓┐</summary>
    <summary xml:lang="ko">CDыВШ DVDые╝ ызМыУдъ│а ы│╡ьВмэХйыЛИыЛд</summary>
    <summary xml:lang="ku">CD ├╗ DVDyan biafir├оnin ├╗ ji ber bigirin</summary>
    <summary xml:lang="lt">─оra┼бyti ir kopijuoti CD bei DVD diskus</summary>
    <summary xml:lang="lv">Ierakst─лt un kop─Уt CD un DVD</summary>
    <summary xml:lang="mk">╨Ъ╤А╨╡╨╕╤А╨░╤Ш ╨╕ ╨║╨╛╨┐╨╕╤А╨░╤Ш CD / DVD</summary>
    <summary xml:lang="ml">р┤╕р┤┐р┤бр┤┐р┤Хр┤│р╡Бр┤В р┤бр┤┐р┤╡р┤┐р┤бр┤┐р┤Хр┤│р╡Бр┤В р┤др┤пр╡Нр┤пр┤╛р┤▒р┤╛р┤Хр╡Нр┤Хр┤┐ р┤кр┤Хр┤░р╡НтАНр┤др╡Нр┤др╡Бр┤Х</summary>
    <summary xml:lang="mr">CDs рд╡ DVDs рдмрдирд╡рд╛ рд╡ рдкреНрд░рддрд┐рдХреГрдд рдХрд░рд╛</summary>
    <summary xml:lang="my">сАЕсАосАТсАо/сАТсАосАЧсАосАТсАо сАЩсАнсАРсА╣сАРсА░сАРсАЕсА║сАБсАпсАРсАКсА║сАЖсА▒сАмсААсА║</summary>
    <summary xml:lang="nb">Skriv og kopier CDer eller DVDer</summary>
    <summary xml:lang="nl">Cd's en dvd's maken en kopi├лren</summary>
    <summary xml:lang="nn">Lag og kopier CD-ar og DVD-ar</summary>
    <summary xml:lang="oc">Crear e copiar de CD e de DVD</summary>
    <summary xml:lang="or">CD рмПрммрмВ DVDрмЧрнБрмбрм╝рм┐рмХрнБ рмирм┐рм░рнНрморм╛рмг рмХрм░рм┐ рмирмХрм▓ рмХрм░рмирнНрмдрнБ</summary>
    <summary xml:lang="pa">CD риЕридрйЗ DVD римригри╛риУ риЕридрйЗ риХри╛рикрйА риХри░рйЛ</summary>
    <summary xml:lang="pl">Nagrywanie i┬аkopiowanie p┼Вyt CD/DVD</summary>
    <summary xml:lang="pt">Crie e copie CDs e DVDs</summary>
    <summary xml:lang="pt_BR">Crie e copie CDs e DVDs</summary>
    <summary xml:lang="ro">Creeaz─Г ╚Щi copiaz─Г CD-uri ╚Щi DVD-uri</summary>
    <summary xml:lang="ru">╨Ч╨░╨┐╨╕╤Б╤М ╨╕ ╨║╨╛╨┐╨╕╤А╨╛╨▓╨░╨╜╨╕╨╡ CD ╨╕ DVD</summary>
    <summary xml:lang="sk">Vytv├бra a kop├нruje disky CD a DVD</summary>
    <summary xml:lang="sl">CD/DVD ustvarjanje in kopiranje</summary>
    <summary xml:lang="sr">╨Я╤А╨░╨▓╨╕╤В╨╡ ╨╕ ╤Г╨╝╨╜╨╛╨╢╨░╨▓╨░╤Ш╤В╨╡ ╨ж╨Ф ╨╕ ╨Ф╨Т╨Ф ╨┤╨╕╤Б╨║╨╛╨▓╨╡</summary>
    <summary xml:lang="sr@latin">Pravite i umno┼╛avajte CD i DVD diskove</summary>
    <summary xml:lang="sv">Skapa och kopiera cd- och dvd-skivor</summary>
    <summary xml:lang="ta">роЪро┐роЯро┐ роХрпНроХро│рпН рооро▒рпНро▒рпБроорпН роЯро┐ро╡ро┐роЯро┐ роХрпНроХро│рпН роЙро░рпБро╡ро╛роХрпНроХ рооро▒рпНро▒рпБроорпН роироХро▓рпН роОроЯрпБроХрпНроХ</summary>
    <summary xml:lang="te">CDр░▓р▒Б р░ор░░р░┐р░пр▒Б DVDр░▓р░ир▒Б р░╕р▒Гр░╖р▒Нр░Яр░┐р░Вр░Ър▒Бр░ор▒Б р░ор░░р░┐р░пр▒Б р░ир░Хр░▓р▒Бр░др▒Ар░пр▒Бр░ор▒Б</summary>
    <summary xml:lang="tg">╨Ф╨╕╤Б╨║╥│╨╛╨╕ CD ╨▓╨░ DVD-╤А╨╛ ╤Н╥╖╨╛╨┤ ╨▓╨░ ╨╜╤Г╤Б╤Е╨░╨▒╨░╤А╨┤╨╛╤А╙г ╨╜╨░╨╝╨╛╨╡╨┤</summary>
    <summary xml:lang="th">р╕кр╕гр╣Йр╕▓р╕Зр╣Бр╕ер╕░р╕Др╕▒р╕Фр╕ер╕нр╕Бр╕Лр╕╡р╕Фр╕╡/р╕Фр╕╡р╕зр╕╡р╕Фр╕╡</summary>
    <summary xml:lang="tr">CD/DVD yaz ve kopyala</summary>
    <summary xml:lang="ug">CD ┘К╪з┘Г┘Й DVD ┘Ж┘Й ┘Г█Ж┌Ж█И╪▒┌п┘Й┘Д┘Й ┘К╪з┘Г┘Й ┘К█Р┌н┘Й╪п┘Й┘Ж ┘К╪з╪│┘Й╪║┘Й┘Д┘Й ╪и┘И┘Д┘Й╪п█З</summary>
    <summary xml:lang="uk">╨Ч╨░╨┐╨╕╤Б ╤В╨░ ╨║╨╛╨┐╤Ц╤О╨▓╨░╨╜╨╜╤П CD ╤З╨╕ DVD</summary>
    <summary xml:lang="vi">Tс║бo v├а sao ch├йp ─С─йa CD v├а DVD</summary>
    <summary xml:lang="zh_CN">хИЫх╗║хПКхдНхИ╢ CD/DVD</summary>
    <summary xml:lang="zh_HK">х╗║члЛшИЗшдЗшг╜ CD хТМ DVD</summary>
    <summary xml:lang="zh_TW">х╗║члЛшИЗшдЗшг╜ CD хТМ DVD</summary>
    <description><p>Brasero is a application to burn CD/DVD for the GNOME Desktop. It is designed to be as simple as possible and has some unique features to enable users to create their discs easily and quickly.</p><p>Brasero can create, copy and burn Data and Audio CD/DVDs. It fully supports CD-TEXT, multisession and joliet extensions. You can simply drag and drop files from other local applications or from remote shared drives to easily burn them to a disc.</p></description>
    <description xml:lang="as"><p>Brasero рж╣рж▓ GNOME ржбрзЗрж╕рзНржХржЯржкрз░ ржмрж╛ржмрзЗ CD/DVD ржмрж╛рз░рзНржг ржХрз░рж╛рз░ ржПржЯрж╛ ржПржкрзНрж▓рж┐ржХрзЗржЪржиред ржЗрзЯрж╛ржХ ржпрж┐ржорж╛ржи рж╕ржорзНржнржм рж╕рж╣ржЬ ржХрз░рж┐ржмрж▓рзИ рз░рзВржкрж╛ржЩрзНржХржг ржХрз░рж╛ рж╣рзИржЫрзЗ ржЖрз░рзБ ржмрзНржпрз▒рж╣рж╛рз░ржХрж╛рз░рзАрж╕ржХрж▓рзЗ рждрзЗржУрж▓рзЛржХрз░ ржбрж┐рж╕рзНржХржмрзЛрз░ рж╕рж╣ржЬрждрзЗ ржЖрз░рзБ ржжрзНрз░рзБрждржнрж╛рз▒рзЗ рж╕рзГрж╖рзНржЯрж┐ ржХрз░рж┐ржмрж▓рзИ ржХрж┐ржЫрзБржорж╛ржи ржЕржмрж┐ржХрж▓рзНржк ржмрзИрж╢рж┐рж╖рзНржЯрзНржп ржЖржЫрзЗред</p><p>Brasero ржП рждржерзНржп ржЖрз░рзБ ржЕржбрж┐ржЕ' CD/DVDs рж╕рзГрж╖рзНржЯрж┐, ржХржкрж┐ ржЖрз░рзБ ржмрж╛рз░рзНржг ржХрз░рж┐ржм ржкрж╛рз░рзЗред ржЗ CD-TEXT, ржмрж╣рзБржЕржзрж┐ржмрзЗрж╢ржи ржЖрз░рзБ joilet рж╕ржорзНржкрзНрз░рж╕рж╛рз░ржирж╕ржорзВрж╣ рж╕ржорзНржкрзВрз░рзНржгржнрж╛рз▒рзЗ рж╕ржорз░рзНржержи ржХрз░рзЗред ржЖржкрзБржирж┐ ржлрж╛ржЗрж▓рж╕ржорзВрж╣ржХ рж╕рж╣ржЬрждрзЗ ржПржЯрж╛ ржбрж┐рж╕рзНржХржд ржмрж╛рз░рзНржг ржХрз░рж┐ржмрж▓рзИ ржЕржирзНржп рж╕рзНржерж╛ржирзАрзЯ ржПржкрзНрж▓рж┐ржХрзЗржЪржи ржЕржержмрж╛ ржжрзВрз░рз▒рз░рзНрждрзА ржЕржВрж╢рзАржжрж╛рз░рзА ржХрз░рж╛ ржбрзНрз░рж╛ржЗржнрж╕ржорзВрж╣рз░ ржкрз░рж╛ ржбрзНрз░рзЗржЧ ржЖрз░рзБ ржбрзНрз░ржк ржХрз░рж┐ржм ржкрж╛рз░рзЗред</p></description>
    <description xml:lang="be"><p>Brasero, ╨┐╤А╨░╨│╤А╨░╨╝╨░ ╨┤╨╗╤П ╨░╤Б╤П╤А╨╛╨┤╨┤╨╖╤П GNOME, ╨┐╤А╤Л╨╖╨╜╨░╤З╨░╨╜╨░╤П ╨┤╨╗╤П ╨╖╨░╨┐╤Ц╤Б╤Г CD/DVD-╨┤╤Л╤Б╨║╨░╤Ю. ╨п╨╜╨░ ╨░╨┤╨╝╤Л╤Б╨╗╨╛╨▓╨░ ╤Б╨┐╤А╨░╨╡╨║╤В╨░╨▓╨░╨╜╨░╤П ╨┤╨╖╨╡╨╗╤П ╤В╨░╨│╨╛, ╨║╨░╨▒ ╨▒╤Л╤Ж╤М ╨┐╤А╨╛╤Б╤В╨░╨╣ ╤Г ╨▓╤Л╨║╨░╤А╤Л╤Б╤В╨░╨╜╨╜╤Ц, ╤Ц ╨╝╨░╨╡ ╨║╨╛╨╗╤М╨║╤Ц ╤Ю╨╜╤Ц╨║╨░╨╗╤М╨╜╤Л╤Е ╤Д╤Г╨╜╨║╤Ж╤Л╨╣ ╨┤╨╗╤П ╨╖╤А╤Г╤З╨╜╨░╨│╨░ ╨╖╨░╨┐╤Ц╤Б╤Г ╨┤╤Л╤Б╨║╨░╤Ю.</p><p>Brasero ╨┤╨░╨╖╨▓╨░╨╗╤П╨╡ ╤Б╤В╨▓╨░╤А╨░╤Ж╤М, ╨║╨░╨┐╤Ц╤А╨░╨▓╨░╤Ж╤М ╤Ц ╨╖╨░╨┐╤Ц╤Б╨▓╨░╤Ж╤М ╨░╤Ю╨┤╤Л╤П╨┤╤Л╤Б╨║╤Ц ╤Ц ╨┤╤Л╤Б╨║╤Ц ╨╖ ╨┤╨░╨╜╤Л╨╝╤Ц ╨╜╨░ CD/DVD. ╨Я╤А╨░╨│╤А╨░╨╝╨░ ╨┐╨╛╤Ю╨╜╨░╤Б╤Ж╤О ╨┐╨░╨┤╤В╤А╤Л╨╝╨╗╤Ц╨▓╨░╨╡ CD-TEXT, ╨░ ╤В╨░╨║╤Б╨░╨╝╨░ ╨┐╨░╤И╤Л╤А╤Н╨╜╨╜╤Ц ╨┤╨╗╤П ╤И╨╝╨░╤В╤Б╨╡╤Б╤Ц╨╣╨╜╤Л╤Е ╨┤╤Л╤Б╨║╨░╤Ю ╤Ц Joliet. ╨Ф╨░╤А╤Н╤З╤Л, ╨▓╤Л ╨╝╨╛╨╢╨░╤Ж╨╡ ╨┐╤А╨╛╤Б╤В╨░ ╨┐╨╡╤А╨░╤Ж╤П╨│╨▓╨░╤Ж╤М ╤Д╨░╨╣╨╗╤Л ╨╖ ╤Ц╨╜╤И╤Л╤Е ╨┐╤А╨░╨│╤А╨░╨╝ ╨░╨▒╨╛ ╨╖ ╨░╨┤╨┤╨░╨╗╨╡╨╜╤Л╤Е ╤Б╤Г╨┐╨╛╨╗╤М╨╜╤Л╤Е ╨┤╤Л╤Б╨║╨░╤Ю ╤Г ╨░╨║╨╜╨╛ ╨│╤Н╤В╨░╨╣ ╨┐╤А╨░╨│╤А╨░╨╝╤Л, ╨║╨░╨▒ ╨╖╨░╨┐╤Ц╤Б╨░╤Ж╤М ╤Ц╤Е ╨╜╨░ ╨┤╤Л╤Б╨║╤Г.</p></description>
    <description xml:lang="bg"><p>Brasero ╨╡ ╨┐╤А╨╛╨│╤А╨░╨╝╨░ ╨╖╨░ ╨╖╨░╨┐╨╕╤Б ╨╜╨░ CD/DVD ╨┤╨╕╤Б╨║╨╛╨▓╨╡ ╨╖╨░ ╨│╤А╨░╤Д╨╕╤З╨╜╨░╤В╨░ ╤Б╤А╨╡╨┤╨░ GNOME. ╨Я╤А╨╛╨╡╨║╤В╨╕╤А╨░╨╜╨░ ╨╡ ╨╖╨░ ╨╗╨╡╤Б╨╜╨░ ╤Г╨┐╨╛╤В╤А╨╡╨▒╨░ ╨╕ ╨╕╨╝╨░ ╨╜╤П╨║╨╛╨╕ ╤Г╨╜╨╕╨║╨░╨╗╨╜╨╕ ╤Д╤Г╨╜╨║╤Ж╨╕╨╛╨╜╨░╨╗╨╜╨╛╤Б╤В╨╕, ╨║╨╛╨╕╤В╨╛ ╤Г╨╗╨╡╤Б╨╜╤П╨▓╨░╤В ╤Б╤К╨╖╨┤╨░╨▓╨░╨╜╨╡╤В╨╛ ╨╜╨░ ╨┤╨╕╤Б╨║╨╛╨▓╨╡.</p><p>Brasero ╨╝╨╛╨╢╨╡ ╨┤╨░ ╨╖╨░╨┐╨╕╤Б╨▓╨░ ╨╕ ╨║╨╛╨┐╨╕╤А╨░ CD/DVD ╤Б ╨┤╨░╨╜╨╜╨╕ ╨╕╨╗╨╕ ╨░╤Г╨┤╨╕╨╛. ╨Ш╨╝╨░ ╨┐╤К╨╗╨╜╨░ ╨┐╨╛╨┤╨┤╤А╤К╨╢╨║╨░ ╨╜╨░ CD-TEXT, ╨╝╨╜╨╛╨│╨╛ ╤Б╨╡╤Б╨╕╨╕ ╨╕ ╤А╨░╨╖╤И╨╕╤А╨╡╨╜╨╕╤П╤В╨░ Joliet. ╨Ч╨░ ╨┐╨╛-╨╗╨╡╤Б╨╡╨╜ ╨╖╨░╨┐╨╕╤Б ╨╝╨╛╨╢╨╡╤В╨╡ ╨┐╤А╨╛╤Б╤В╨╛ ╨┤╨░ ╨╕╨╖╨┤╤К╤А╨┐╨░╤В╨╡ ╨╕ ╨┐╤Г╤Б╨╜╨╡╤В╨╡ ╤Д╨░╨╣╨╗╨╛╨▓╨╡ ╨╛╤В ╤В╨▓╤К╤А╨┤╨╕ ╨┤╨╕╤Б╨║╨╛╨▓╨╡ ╨╜╨╡╨╖╨░╨▓╨╕╤Б╨╕╨╝╨╛ ╨┤╨░╨╗╨╕ ╤Б╨░ ╨╜╨░ ╨▓╨░╤И╨╕╤П ╨╕╨╗╨╕ ╨╛╤В╨┤╨░╨╗╨╡╤З╨╡╨╜ ╨║╨╛╨╝╨┐╤О╤В╤К╤А.</p></description>
    <description xml:lang="bn_IN"><p>Brasero рж╣рж▓ GNOME ржбрзЗрж╕рзНржХржЯржк ржерзЗржХрзЗ CD/DVD ржмрж╛рж░рзНржи ржХрж░рж╛рж░ ржПржХржЯрж┐ ржЕрзНржпрж╛ржкрзНрж▓рж┐ржХрзЗрж╢ржиред ржПржЯрж┐ржХрзЗ ржпрждрж╛рж╕ржорзНржнржм рж╕рж╣ржЬ ржнрж╛ржмрзЗ рждрзИрж░рж┐ ржХрж░рж╛ рж╣рзЯрзЗржЫрзЗ ржПржмржВ ржПрждрзЗ ржПржоржи ржХрж┐ржЫрзБ ржмрж┐рж╢рзЗрж╖ ржмрзИрж╢рж┐рж╖рзНржЯрзНржп рж░рзЯрзЗржЫрзИ ржпрж╛рж░ рж╕рж╛рж╣рж╛ржпрзНржпрзЗ ржмрзНржпржмрж╣рж╛рж░ржХрж╛рж░рзАрж░рж╛ рж╕рж╣ржЬрзЗржЗ ржПржмржВ ржжрзНрж░рзБржд рждрж╛ржжрзЗрж░ ржбрж┐рж╕рзНржХ рждрзИрж░рж┐ ржХрж░рзЗ ржирж┐рждрзЗ ржкрж╛рж░ржмрзЗржиред</p><p>Brasero, ржбрзЗржЯрж╛ ржПржмржВ ржЕржбрж┐ржУ CD/DVD рждрзИрж░рж┐ ржХрж░рждрзЗ, ржЕржирзБрж▓рж┐ржкрж┐ ржХрж░рждрзЗ ржПржмржВ ржмрж╛рж░рзНржи ржХрж░рждрзЗ ржкрж╛рж░ржмрзЗред ржПржЯрж┐ рж╕ржорзНржкрзВрж░рзНржг ржнрж╛ржмрзЗCD-TEXT, ржорж╛рж▓рзНржЯрж┐рж╕рзЗрж╢ржи ржПржмржВ ржЬрзЛрж▓рж┐рзЯрзЗржЯ ржПржХрзНрж╕ржЯрзЗржирж╢ржи рж╕ржорж░рзНржержи ржХрж░рзЗред ржлрж╛ржЗрж▓ ржбрж┐рж╕рзНржХрзЗ ржмрж╛рж░рзНржи ржХрж░рждрзЗ ржЕрж╛ржкржирж┐ рждрж╛ржжрзЗрж░ рж╕рж╣ржЬрзЗржЗ ржЕржирзНржп рж╕рзНржерж╛ржирзАрзЯ ржЕрзНржпрж╛ржкрзНрж▓рж┐ржХрзЗрж╢ржи ржмрж╛ ржжрзВрж░ржмрж░рзНрждрзА ржнрж╛ржЧ ржХрж░рж╛ ржбрзНрж░рж╛ржЗржн ржерзЗржХрзЗ ржЯрзЗржирзЗ ржирж┐рзЯрзЗ ржПрж╕рзЗ рж░рж╛ржЦрждрзЗ ржкрж╛рж░ржмрзЗржиред</p></description>
    <description xml:lang="bs"><p>Brasero je aplikacija za pr┼╛enje CD/DVD za GNOME Desktop. Dizajnirana je da bude ┼бto jednostavnija mogu─Зe i ima neke specifi─Нne  osobine koje omogu─Зavaju korisnicima da kreiraju svoje diskove brzo i jednstavno.</p><p>Brasero mo┼╛e kreirati, kopirati i pr┼╛iti Data i Audio SD/DVD. Potpuno podr┼╛ava CD-TEXT, multipristup i joilet ekstenzije. Mo┼╛ete brzo dovu─Зi i spustiti va┼б fajl iz drugih lokalnih aplikacija ili priklju─Нenih ure─Сaja.</p></description>
    <description xml:lang="ca"><p>El Brasero ├йs una aplicaci├│ per enregistrar CD/DVD per a l'escriptori GNOME. Est├а dissenyat per ser senzill i t├й caracter├нstiques ├║niques per permetre als usuaris crear discos de forma r├аpida i senzilla.</p><p>El Brasero pot crear, copiar i enregistrar CD/DVD de dades i d'├аudio. ├Йs compatible amb CD-TEXT, multisessi├│ i extensions joliet. Podeu enregistrar els discos arrossegant i deixant anar fitxers des d'altres aplicacions o dispositius remots compartits.</p></description>
    <description xml:lang="ca@valencia"><p>El Brasero ├йs una aplicaci├│ per enregistrar CD/DVD per a l'escriptori GNOME. Est├а dissenyat per ser senzill i t├й caracter├нstiques ├║niques per permetre als usuaris crear discos de forma r├аpida i senzilla.</p><p>El Brasero pot crear, copiar i enregistrar CD/DVD de dades i d'├аudio. ├Йs compatible amb CD-TEXT, multisessi├│ i extensions joliet. Podeu enregistrar els discos arrossegant i deixant anar fitxers des d'altres aplicacions o dispositius remots compartits.</p></description>
    <description xml:lang="cs"><p>Brasero je aplikace pro pracovn├н prost┼Щed├н GNOME slou┼╛├нc├н k vypalov├бn├н CD/DVD. Je nevr┼╛ena tak, aby byla co nejjednodu┼б┼б├н a m├б n─Ыkter├й jedine─Нn├й funkce, d├нky nim┼╛ mohou u┼╛ivatel├й sv├й disky vytv├б┼Щet snadno a rychle.</p><p>Brasero um├н vytv├б┼Щet, kop├нrovat a vypalovat datov├й a zvukov├й CD/DVD. Pln─Ы podporuje roz┼б├н┼Щen├н CD-TEXT, multisession a joliet. Kdy┼╛ chcete vyp├бlit soubory, sta─Н├н je prost─Ы p┼Щet├бhnout z m├нstn├н aplikace nebo vzd├бlen├йho sd├нlen├йho ├║lo┼╛i┼бt─Ы na disk.</p></description>
    <description xml:lang="da"><p>Brasero er et program til GNOME-skrivebordet til at br├жnde cd'er og dvd'er med. Det er designet til at v├жre s├е simpelt som muligt og har nogle unikke funktioner, som g├╕r brugeren i stand til at lave deres diske nemt og hurtigt.</p><p>Brasero kan oprette, kopiere og br├жnde data- og lyd-cd'er. Det underst├╕tter fuldt ud udvidelserne CD-TEXT, multisession og joliet. Du kan blot tr├жkke og slippe filer fra andre programmer eller fra fjerne delte mapper for nemt at br├жnde dem til en disk.</p></description>
    <description xml:lang="de"><p>Brasero ist eine Anwendung f├╝r den GNOME-Arbeitsplatz, um CDs oder DVDs zu brennen. Es ist m├╢glichst einfach gestaltet und beinhaltet einige einzigartige Funktionen, so dass Anwender ihre Datentr├дger einfach und schnell erstellen k├╢nnen.</p><p>Brasero kann Daten- und Audio-CDs/DVDs erstellen, kopieren und brennen. CD-TEXT, Multisession und Joliet werden vollst├дndig unterst├╝tzt. Sie k├╢nnen Dateien durch ziehen und ablegen einfach von anderen lokalen Anwendungen oder von entfernt freigegebenen Laufwerken auf Datentr├дger brennen.</p></description>
    <description xml:lang="el"><p>╬д╬┐ Brasero ╬╡╬п╬╜╬▒╬╣ ╬╝╬╣╬▒ ╬╡╧Ж╬▒╧Б╬╝╬┐╬│╬о ╬│╬╣╬▒ ╬╡╬│╬│╧Б╬▒╧Ж╬о CD/DVD ╬│╬╣╬▒ ╧Д╬┐ GNOME. ╬Х╬п╬╜╬▒╬╣ ╧Г╧З╬╡╬┤╬╣╬▒╧Г╬╝╬н╬╜╬╖ ╧О╧Г╧Д╬╡ ╬╜╬▒ ╬╡╬п╬╜╬▒╬╣ ╧М╧Г╬┐ ╧Д╬┐ ╬┤╧Е╬╜╬▒╧Д╧М ╬▒╧А╬╗╬о ╬║╬▒╬╣ ╬н╧З╬╡╬╣ ╬╝╬╡╧Б╬╣╬║╬н╧В ╬╝╬┐╬╜╬▒╬┤╬╣╬║╬н╧В ╬╗╬╡╬╣╧Д╬┐╧Е╧Б╬│╬п╬╡╧В ╧О╧Г╧Д╬╡ ╬╜╬▒ ╬┤╧О╧Г╬╡╬╣ ╧Д╬╖ ╬┤╧Е╬╜╬▒╧Д╧М╧Д╬╖╧Д╬▒ ╧Г╧Д╬┐╧Е╧В ╧З╧Б╬о╧Г╧Д╬╡╧В ╬╜╬▒ ╬┤╬╖╬╝╬╣╬┐╧Е╧Б╬│╬о╧Г╬┐╧Е╬╜ ╧Д╬┐╧Е╧В ╬┤╬╣╬║╬┐╧Н╧В ╧Д╬┐╧Е╧В ╬┤╬п╧Г╬║╬┐╧Е╧В ╬╡╧Н╬║╬┐╬╗╬▒ ╬║╬▒╬╣ ╬│╧Б╬о╬│╬┐╧Б╬▒.</p><p>╬Ь╬╡ ╧Д╬┐ Brasero ╬╝╧А╬┐╧Б╬╡╬п╧Д╬╡ ╬╜╬▒ ╬┤╬╖╬╝╬╣╬┐╧Е╧Б╬│╬о╧Г╬╡╧Д╬╡, ╬▒╬╜╧Д╬╣╬│╧Б╬м╧И╬╡╧Д╬╡ ╬║╬▒╬╣ ╬╜╬▒ ╬╡╬│╬│╧Б╬м╧И╬╡╧Д╬╡ CD/DVD ╬╝╬╡ ╬┤╬╡╬┤╬┐╬╝╬н╬╜╬▒ ╬║╬▒╬╣ ╬о╧З╬┐. ╬е╧А╬┐╧Г╧Д╬╖╧Б╬п╬╢╬╡╬╣ ╧А╬╗╬о╧Б╧Й╧В ╧Д╬▒ ╧А╧Б╧М╧Г╬╕╬╡╧Д╬▒ CD-TEXT, multisession ╬║╬▒╬╣ joliet. ╬Ь╧А╬┐╧Б╬╡╬п╧Д╬╡ ╬▒╧А╬╗╬м ╬╜╬▒ ╧Г╧Н╧Б╬╡╧Д╬╡ ╬║╬▒╬╣ ╬▒╧А╬┐╬╕╬н╧Г╧Д╬╡ ╬▒╧Б╧З╬╡╬п╬▒ ╬▒╧А╧М ╬м╬╗╬╗╬╡╧В ╧Д╬┐╧А╬╣╬║╬н╧В ╬╡╧Ж╬▒╧Б╬╝╬┐╬│╬н╧В ╬о ╬▒╧А╧М ╬▒╧А╬┐╬╝╬▒╬║╧Б╧Е╧Г╬╝╬н╬╜╬┐╧Е╧В ╬║╬┐╬╣╬╜╧М╧З╧Б╬╖╧Г╧Д╬┐╧Е╧В ╬┤╬п╧Г╬║╬┐╧Е╧В ╬║╬▒╬╣ ╬╜╬▒ ╧Д╬▒ ╬╡╬│╬│╧Б╬м╧И╬╡╧Д╬╡ ╧Г╬╡ ╬н╬╜╬▒ ╬┤╬п╧Г╬║╬┐.</p></description>
    <description xml:lang="eo"><p>Brasero estas programo por registri KD-jn a┼н DVD-jn por la GNOME-Labortablo. ─Ьi estas fasonita por esti tre simpla kaj enhavas unikajn funkciojn por ebligi al uzantoj krei iliajn diskojn facile kaj rapide.</p><p>Brasero povas krei, kopii kaj registri datumojn kaj sonojn en KD/DVDj. ─Ьi plene subtenas na CD-TEXT, etenda─╡ojn de Joliet kaj plurseancon. Vi povas simple ┼Эovi kaj demeti dosierojn de aliaj lokaj programoj a┼н el foraj kunhavaj aparatoj por facile registri ilin al diskon.</p></description>
    <description xml:lang="es"><p>Brasero es una aplicaci├│n para grabar CD/DVD para el escritorio GNOME. Est├б dise├▒ada para tan sencilla como sea posible y tiene algunas caracter├нsticas ├║nicas para que los usuarios puedan crear sus discos f├бcil y r├бpidamente.</p><p>Brasero puede crear, copiar y grabar CD/DVD de sonido y de datos. Soporta CD-TEXT por completo, extensiones joliet y multisesi├│n. Puede arrastrar y soltar archivos desde otras aplicaciones locales o desde unidades remotas compartidas para grabarlos f├бcilmente a un disco.</p></description>
    <description xml:lang="et"><p>Brasero on CD ja DVD plaatide kirjutamise rakendus GNOME t├╢├╢laual. See on tehtud nii lihtsaks kui v├╡imalik ning sisaldab m├╡ningaid unikaalseid v├╡imalusi, t├дnu millele on plaatide kirjutamine lihtne ja kiire.</p><p>Braseroga saab luua, kopeerida ja kirjutada andme- ja audio CD ja DVD plaate. See toetab CD-TEXT vormingut, multisessioone ning jolieti laiendusi. Paatide kirjutamiseks v├╡id lohistada faile kaustadest, teistest rakendustest v├╡i kaugketastelt, et need mugavalt plaadile kirjutada.</p></description>
    <description xml:lang="eu"><p>Brasero CDak/DVDak grabatzeko GNOME mahaigaineko aplikazio bat da. Ahalik eta xumeena izateko diseinatua izan da, eta eginbide paregabe batzuk ditu erabiltzaileek beraien diskoak modu errazean eta azkar sortzeko.</p><p>Braserok datuen eta audio formatuko CDak/DVDak sor ditzake. CD-TEXT, saio-anitzak eta Joliet luzapenak osotasunez onartzen ditu. Arrastatu eta jaregin fitxategiak lokaleko beste aplikazio batzuetatik, edo urruneko partekatutako unitateetatik haiek diskoan grabatzeko.</p></description>
    <description xml:lang="fa"><p>╪и╪▒╪з╪▓╪▒┘И ╪и╪▒┘Ж╪з┘Е┘ЗтАМ╪з█М ╪и╪▒╪з█М ┘Ж┘И╪┤╪к┘Ж ╪│█МтАМ╪п█М/╪п█МтАМ┘И█МтАМ╪п█М ╪п╪▒ ╪▒┘И┘Е█М╪▓█М ┌п┘Ж┘И┘Е ╪з╪│╪к. ╪з█М┘Ж ╪и╪▒┘Ж╪з┘Е┘З ╪и╪▒╪з█М ╪з█М┘Ж ╪╖╪▒╪з╪н█М ╪┤╪п┘З ╪з╪│╪к ┌й┘З ╪к╪з ╪м╪з█М ┘Е┘Е┌й┘Ж ╪│╪з╪п┘З ╪и╪з╪┤╪п ┘И ╪п╪з╪▒╪з█М ╪и╪▒╪о█М ╪з┘Е┌й╪з┘Ж╪з╪к ┘Е┘Ж╪н╪╡╪▒ ╪и┘З ┘Б╪▒╪п ╪з╪│╪к ╪к╪з ╪и┘З ┌й╪з╪▒╪и╪▒╪з┘Ж ╪з┘Е┌й╪з┘Ж ╪з█М╪м╪з╪п ╪в╪│╪з┘Ж ┘И ╪│╪▒█М╪╣ ╪п█М╪│┌йтАМ┘З╪з█М╪┤╪з┘Ж ╪▒╪з ╪и╪п┘З╪п.</p><p>╪и╪▒╪з╪▓╪▒┘И ┘Е█М╪к┘И╪з┘Ж╪п ╪│█МтАМ╪п█М/╪п█МтАМ┘И█МтАМ╪п█МтАМ┘З╪з█М ╪╡┘И╪к█М ┘И ╪п╪з╪п┘ЗтАМ ╪▒╪з ╪з█М╪м╪з╪п ┌й┘Ж╪п╪М ╪з╪▓ ╪в┘ЖтАМ┘З╪з ┘Ж╪│╪о┘ЗтАМ╪и╪▒╪п╪з╪▒█М ┌й┘Ж╪п ┘И █М╪з ╪п╪▒ ╪в┘ЖтАМ┘З╪з ╪и┘Ж┘И█М╪│╪п. ╪з█М┘Ж ╪и╪▒┘Ж╪з┘Е┘З ╪и┘З ╪╡┘И╪▒╪к ┌й╪з┘Е┘Д ╪з╪▓ ┘╛╪│┘И┘Ж╪п┘З╪з█М multisession╪М CD-TEXT ┘И joliet ┘╛╪┤╪к█М╪и╪з┘Ж█М ┘Е█М┌й┘Ж╪п. ╪┤┘Е╪з ╪и┘З ╪│╪з╪п┌п█М ┘Е█М╪к┘И╪з┘Ж█М╪п ┘╛╪▒┘И┘Ж╪п┘ЗтАМ┘З╪з ╪▒╪з ╪з╪▓ ╪и╪▒┘Ж╪з┘Е┘ЗтАМ┘З╪з█М ┘Е╪н┘Д█М ╪п█М┌п╪▒ █М╪з ╪з╪▓ ╪п█М╪│┌йтАМ┌п╪▒╪п╪з┘ЖтАМ┘З╪з█М ╪з╪┤╪к╪▒╪з┌й█М ╪п┘И╪▒╪п╪│╪к ╪и┌й╪┤█М╪п ┘И ╪▒┘З╪з ┌й┘Ж█М╪п ╪к╪з ╪и┘З ╪в╪│╪з┘Ж█М ╪в┘Ж┘З╪з ╪▒╪з ╪▒┘И█М █М┌й ╪п█М╪│┌й ╪и┘Ж┘И█М╪│█М╪п.</p></description>
    <description xml:lang="fi"><p>Brasero on CD- ja DVD-levyjen polttoon tarkoitettu Gnome-sovellus. Se on suunniteltu mahdollisimman yksinkertaiseksi, mutta samalla se tarjoaa ainutlaatuisia ominaisuuksia, joiden avulla levyjen luominen k├дy ketter├дsti.</p><p>Braseron avulla voi luoda, kopioida ja polttaa data- ja ├д├дni-CD- sek├д -DVD-levyj├д. Tuettuja ominaisuuksia ovat muun muassa CD-TEXT, moni-istunto ja joliet-laajennukset. Tiedostojen lis├д├дminen poltettavalle levylle k├дy muista sovelluksista vet├дm├дll├д ja pudottamalla tiedostoja.</p></description>
    <description xml:lang="fr"><p>Brasero est une application pour l'environnement GNOME qui grave des CD/DVD. Elle est con├зue pour ├кtre aussi simple que possible et poss├иde des fonctionnalit├йs uniques pour permettre aux utilisateurs de cr├йer leurs disques facilement et rapidement.</p><p>Brasero peut cr├йer, copier et graver des CD/DVD de donn├йes et de fichiers audio. Il prend compl├иtement en charge les extensions CD-TEXT, multisession et joliet. Vous pouvez simplement glisser et d├йposer des fichiers d'autres applications locales ou provenant de disques partag├йs distants pour les graver facilement sur un disque.</p></description>
    <description xml:lang="fur"><p>Brasero e je une aplicazion pal scritori GNOME che e covente par incidi CD/DVD. E je pensade par jessi semplice di dopr├в e e je furnide di funzionalit├вts che a judin e a sveltissin la creazion dai discs.</p><p>Brasero al pues cre├в, copi├в e incidi CD/DVD music├вi e di d├вts. Al supuarte a plen lis estensions CD-TEXT, multisession e joilet. Par scriviju tu puedis semplicementri strissin├в i file da une altre aplicazion loc├вl o da une unit├вt rimote condividude.</p></description>
    <description xml:lang="gd"><p>'S e aplacaid an deasga GNOME a th' ann am Brasero gus CD/DVD a losgadh. Chaidh a dhealbhachadh ach am biodh e cho furasta cleachdadh 's a ghabhas agus tha gleusan ├аraidh 'na l├╣ib leis an urrainn dhut na diosgan agad a chruthachadh gu furasta 's gu luath.</p><p>Tha comas aig Brasero air CD/DVDan d├аta no fuaime a chruthachadh, lethbhreacan dhiubh a dh├иanamh 's an losgadh. Cuiridh e l├аn-taic ris na leudachain CD-TEXT, multisession agus joliet. Cha leig thu leas ach d├аta a shlaodadh 's a leigeil ├аs o dh'aplacaid ionadail eile no o dhraibhean c├иine co-roinnte gus an losgadh air diosga.</p></description>
    <description xml:lang="gl"><p>Brasero ├й un aplicativo de gravaci├│n de CD/DVD para o escritorio GNOME. Est├б dese├▒ado para ser tan simple como sexa pos├нbel e ten algunhas caracter├нsticas ├║nicas que lle permiten aos usuarios crear os seus propios discos de forma doada e r├бpida.</p><p>Brasero pode crear, copiar e gravar CDs ou DVDs de datos ou son. Admite perfectamente as extensi├│ns de CD-TEXT, multisesi├│n e joliet. Pode arrastrar e soltar ficheiros desde outros aplicativos locais ou desde unidades compartidas remotas para gravalos nun disco.</p></description>
    <description xml:lang="gu"><p>Brasero ркП GNOME ркбрлЗрк╕рлНркХркЯрлЛркк ркорк╛ркЯрлЗ CD/DVD ркмрк░рлНрки ркХрк░рк╡рк╛ ркорк╛ркЯрлЗркирлЛ ркХрк╛рк░рлНркпркХрлНрк░рко ркЫрлЗ. ркдрлЗ рк╢ркХрлНркп рк╣рлЛркп ркдрлЗркЯрк▓рлБркВ рк╕рк░рк│ ркмркирк╛рк╡рк╡рк╛ ркорк╛ркЯрлЗ рк░ркЪрк╛ркпрлЗрк▓ ркЫрлЗ ркЕркирлЗ ркдрлЗркирлА ркбрк┐рк╕рлНркХркирлЗ рк╕рк░рк│ ркЕркирлЗ ркЭркбрккрлА ркмркирк╛рк╡рк╡рк╛ ркорк╛ркЯрлЗ рк╡рккрк░рк╛рк╢ркХрк░рлНркдрк╛ркУркирлЗ рк╕ркХрлНрк░рк┐ркп ркХрк░рк╡рк╛ ркорк╛ркЯрлЗ ркЕркорлБркХ ркЕркиркирлНркп рк▓ркХрлНрк╖ркгрлЛ ркЫрлЗ.</p><p>Brasero ркП ркорк╛рк╣рк┐ркдрлА ркЕркирлЗ ркУркбрк┐ркпрлЛ CD/DVDs ркирлЗ ркмркирк╛рк╡рлА, ркиркХрк▓ ркЕркирлЗ ркмрк░рлНрки ркХрк░рлА рк╢ркХрлЗ ркЫрлЗ, ркдрлЗ рк╕ркВрккрлВрк░рлНркгрккркгрлЗ CD-TEXT, ркШркгрк╛ркВ рк╕ркдрлНрк░ ркЕркирлЗ ркЬрлЛрк▓рлАркпрлЗркЯ ркНркХрлНрк╕ркЯрлЗркирлНрк╢ркиркирлЗ ркЖркзрк╛рк░ ркЖрккрлЗ ркЫрлЗ. ркдркорлЗ ркбрк┐рк╕рлНркХркорк╛ркВ ркдрлЗркУркирлЗ рк╕рк░рк│ркдрк╛ркерлА ркмрк░рлНрки ркХрк░рк╡рк╛ ркорк╛ркЯрлЗ ркжрлВрк░рк╕рлНрке рк╡рк╣рлЗркВркЪрк╛ркпрлЗрк▓ ркбрлНрк░рк╛ркЗрк╡ркорк╛ркВркерлА ркЕркерк╡рк╛ ркмрлАркЬрк╛ рк╕рлНркерк╛ркирк┐ркХ ркХрк╛рк░рлНркпркХрлНрк░ркорлЛркорк╛ркВркерлА рклрк╛ркЗрк▓рлЛркирлЗ ркбрлНрк░рлЗркЧ ркЕркирлЗ ркбрлНрк░рлЛркк ркХрк░рлА рк╢ркХрлЗ ркЫрлЗ.</p></description>
    <description xml:lang="he"><p>тАПBrasero ╫Ф╫Х╫Р ╫Щ╫Щ╫й╫Х╫Э ╫Ь╫ж╫и╫Щ╫С╫к ╫к╫з╫Ь╫Щ╫Ш╫Х╫и╫Щ╫Э ╫в╫С╫Х╫и ╫й╫Х╫Ь╫Ч╫Я ╫Ф╫в╫С╫Х╫У╫Ф GNOME. ╫Ф╫Х╫Р ╫Ю╫в╫Х╫ж╫С ╫Ь╫Ф╫Щ╫Х╫к ╫д╫й╫Х╫Ш ╫Ы╫Ы╫Ь ╫Ф╫Р╫д╫й╫и ╫Х╫Ф╫Х╫Р ╫Ю╫Т╫Щ╫в ╫в╫Э ╫Ы╫Ю╫Ф ╫к╫Ы╫Х╫а╫Х╫к ╫Щ╫Щ╫Ч╫Х╫У╫Щ╫Х╫к ╫Ы╫У╫Щ ╫Ь╫Р╫д╫й╫и ╫Ь╫Ю╫й╫к╫Ю╫й ╫Ь╫Щ╫ж╫Х╫и ╫Р╫к ╫Ф╫к╫з╫Ь╫Щ╫Ш╫Х╫и╫Щ╫Э ╫й╫Ь╫Х ╫С╫з╫Ь╫Х╫к ╫Х╫С╫Ю╫Ф╫Щ╫и╫Х╫к.</p><p>тАПBrasero ╫Щ╫Ы╫Х╫Ь ╫Ь╫Щ╫ж╫Х╫и, ╫Ь╫Ф╫в╫к╫Щ╫з ╫Х╫Ь╫ж╫и╫Х╫С ╫а╫к╫Х╫а╫Щ╫Э ╫Х╫й╫Ю╫в ╫в╫Ь ╫Т╫С╫Щ ╫к╫з╫Ь╫Щ╫Ш╫Х╫и╫Щ╫Э. ╫Ф╫Х╫Р ╫к╫Х╫Ю╫Ъ ╫С╫Р╫Х╫д╫Я ╫Ю╫Ь╫Р ╫С╫Ф╫и╫Ч╫С╫Х╫к CD-TEXT, ╫ж╫и╫Щ╫С╫к ╫Ю╫Щ╫У╫в ╫С╫Ы╫Ю╫Ф ╫й╫Ь╫С╫Щ╫Э ╫Х╓╛Joliet. ╫а╫Щ╫к╫Я ╫д╫й╫Х╫Ш ╫Ь╫Т╫и╫Х╫и ╫Х╫Ь╫й╫Ч╫и╫и ╫з╫С╫ж╫Щ╫Э ╫Ю╫Щ╫Щ╫й╫Х╫Ю╫Щ╫Э ╫Ю╫з╫Х╫Ю╫Щ╫Щ╫Э ╫Р╫Ч╫и╫Щ╫Э ╫Р╫Х ╫Ю╫Ы╫Х╫а╫Я ╫й╫Щ╫к╫Х╫д╫Щ ╫Ю╫и╫Х╫Ч╫з ╫Ы╫У╫Щ ╫Ь╫ж╫и╫Х╫С ╫Р╫Х╫к╫Э ╫С╫з╫Ь╫Х╫к ╫Ь╫к╫з╫Ь╫Щ╫Ш╫Х╫и.</p></description>
    <description xml:lang="hi"><p>рдмреНрд░рд╕реЗрд░реЛ рдЧрдиреЛрдо рдбреЗрд╕реНрдХрдЯреЙрдк рдХреЗ рд▓рд┐рдП CD/DVD рд▓рд┐рдЦрдиреЗ рдХреЗ рд▓рд┐рдП рдЕрдиреБрдкреНрд░рдпреЛрдЧ рд╣реИ. рдЗрд╕реЗ рд╕рд░рд▓рддрдо рд░рд╣рдиреЗ рдХреЗ рд▓рд┐рдП рдбрд┐рдЬрд╝рд╛рдпрди рдХрд┐рдпрд╛ рд╣реИ рдФрд░ рдЙрдкрдпреЛрдХреНрддрд╛ рдХреЛ рд╕рдХреНрд░рд┐рдп рдХрд░рдиреЗ рдХреЗ рд▓рд┐рдП рдХреБрдЫ рдЕрдиреВрдареА рд╡рд┐рд╢реЗрд╖рддрд╛рдПрдБ рд░рдЦрддрд╛ рд╣реИ рддрд╛рдХрд┐ рдЙрди рдбрд┐рд╕реНрдХ рдХреЛ рдЖрд╕рд╛рдиреА рд╕реЗ рдФрд░ рддреЗрдЬреА рд╕реЗ рдмрдирд╛рдпрд╛ рдЬрд╛ рд╕рдХреЗ.</p><p>рдмреНрд░рд╕реЗрд░реЛ рдбрд╛рдЯрд╛ рдФрд░ CD/DVD рдХрд╛ рдирд┐рд░реНрдорд╛рдг, рдирдХрд╝рд▓ рдФрд░ рд▓рд┐рдЦ рд╕рдХрддрд╛ рд╣реИ. рдпрд╣ рдкреВрд░реА рддрд░рд╣ рд╕реЗ CD-TEXT, рдорд▓реНрдЯреАрд╕реНрдХреНрд░реАрди рдФрд░ рдЬреНрд╡рд╛рдЗрд▓реЗрдЯ рд╡рд┐рд╕реНрддрд╛рд░ рдХрд╛ рд╕рдорд░реНрдерди рдХрд░рддрд╛ рд╣реИ. рдЖрдк рдЕрдиреНрдп рд╕реНрдерд╛рдиреАрдп рдЕрдиреБрдкреНрд░рдпреЛрдЧ рд╕реЗ рдлрд╝рд╛рдЗрд▓ рдХреЛ рдЦреАрдВрдЪ рдХрд░ рд▓рд╛ рд╕рдХрддреЗ рд╣реИрдВ рдпрд╛ рджреВрд░рд╕реНрде рд╕рд╛рдЭрд╛ рдбреНрд░рд╛рдЗрд╡ рд╕реЗ рдбрд┐рд╕реНрдХ рдореЗрдВ рд▓рд┐рдЦ рд╕рдХрддреЗ рд╣реИрдВ.</p></description>
    <description xml:lang="hr"><p>Brasero je aplikacija za CD/DVD snimanje u GNOME radnom okru┼╛enju. Dizajnirana je kako bi bila ┼бto jednostavnija i ima neke jedinstvene zna─Нajke koje omogu─Зuju korisnicima stvaranje njihovih diskova jednostavno i brzo.</p><p>Brasero mo┼╛e stvarati, kopirati i snimati podatkovne i glazbene CD/DVD-e. U potpunosti podr┼╛ava CD-TEXT, vi┼бesesijska i joliet pro┼бirenja. Jednostavno mo┼╛ete povu─Зi i ispustiti datoteke s drugih lokalnih aplikacija ili s udaljenog dijeljenog ure─Сaja kako bi ih jednostavno snimili na disk.</p></description>
    <description xml:lang="hu"><p>A Brasero egy GNOME asztali k├╢rnyezethez k├йsz├╝lt CD/DVD ├нr├│ alkalmaz├бs. Az alkalmaz├бst min├йl egyszer┼▒bben haszn├бlhat├│nak tervezt├йk, de m├йgis rendelkezik egyedi jellemz┼Сkkel, amelyekkel a felhaszn├бl├│k egyszer┼▒en ├йs gyorsan hozhatnak l├йtre lemezeket.</p><p>A Braseroval l├йtrehozhat, m├бsolhat ├йs ki├нrhat adat ├йs hang CD-ket vagy DVD-ket. Az alkalmaz├бs teljesen t├бmogatja a CD-TEXT, t├╢bbmenetes ├йs Joliet kiterjeszt├йseket. M├бs alkalmaz├бsokb├│l vagy megosztott t├бvoli meghajt├│kr├│l egyszer┼▒en ├бth├║zhat f├бjlokat, majd ezeket egyszer┼▒en lemezre ├нrhatja.</p></description>
    <description xml:lang="id"><p>Brasero adalah aplikasi untuk membakar CD/DVD bagi Desktop GNOME. Ini dirancang agar sesederhana mungkin dan memiliki beberapa fitur unik yang memungkinkan pengguna membuat cakram mereka dengan mudah dan cepat.</p><p>Brasero dapat membuat, menyalin, dan membakar CD/DVD Data dan Audio. Ini mendukung ekstensi joliet, multi sesi, dan CD-TEXT sepenuhnya. Anda bisa sekedar menyeret dan menjatuhkan berkas dari aplikasi lokal lain atau dari kandar bersama jarak jauh untuk membakar mereka ke cakram dengan mudah.</p></description>
    <description xml:lang="it"><p>Brasero ├и un'applicazione per masterizzare CD/DVD. ├И progettato per essere semplice da usare ed ├и dotato di funzionalit├а che facilitano e velocizzano la creazione dei dischi.</p><p>Con Brasero ├и possibile creare, copiare e masterizzare CD/DVD audio e musicali, supporta le estensioni CD-TEXT, multi-sessione e joliet ed ├и possibile trascinare i file da applicazioni locali o da unit├а remote per copiarli facilmente su un disco.</p></description>
    <description xml:lang="ja"><p>Brasero уБп CD/DVD уВТф╜ЬцИРуБЩуВЛ GNOME уГЗуВ╣уВпуГИуГГуГЧхРСуБСуВвуГЧуГкуВ▒уГ╝уВ╖уГзуГ│уБзуБЩуАВBrasero уБпуБзуБНуВЛщЩРуВКуВ╖уГ│уГЧуГлуБлуГЗуВ╢уВдуГ│уБХуВМуАБуГжуГЛуГ╝уВпуБкцйЯшГ╜уВВцРнш╝ЙуБЧуБжуБКуВКуАБч┤ацЧйуБПч░бхНШуБлуГЗуВгуВ╣уВпуВТф╜ЬцИРуБзуБНуБ╛уБЩуАВ</p><p>Brasero уБпуГЗуГ╝уВ┐уВДщЯ│це╜уБо CD/DVD уБоуВ│уГФуГ╝уБКуВИуБ│цЫ╕уБНш╛╝уБ┐уБМуБзуБНуБ╛уБЩуАВуБ╛уБЯуАБCD-TEXT уВДуАБуГЮуГлуГБуВ╗уГГуВ╖уГзуГ│уАБJoliet цЛбх╝╡шжПца╝уБлуВВхп╛х┐ЬуБЧуБжуБДуБ╛уБЩуАВф╗ЦуБоуВвуГЧуГкуВ▒уГ╝уВ╖уГзуГ│уВДуГкуГвуГ╝уГИуБохЕ▒цЬЙуГЙуГйуВдуГЦуБЛуВЙуГХуВбуВдуГлуВТуГЙуГйуГГуВ░уГ╗уВвуГ│уГЙуГ╗уГЙуГнуГГуГЧуБЩуВЛуБауБСуБзуБжуАБч░бхНШуБлуГЗуВгуВ╣уВпуВТф╜ЬцИРуБзуБНуБ╛уБЩуАВ</p></description>
    <description xml:lang="kn"><p>Brasero р▓Ор▓ир│Нр▓ир│Бр▓╡р│Бр▓жр│Б GNOME Desktop р▓Чр▓╛р▓Чр▓┐ CD/DVD р▓Ер▓ир│Нр▓ир│Б р▓мр▓░р│Жр▓пр│Бр▓╡ р▓др▓Вр▓др│Нр▓░р▓╛р▓Вр▓╢р▓╡р▓╛р▓Чр▓┐р▓жр│Ж. р▓Зр▓жр▓ир│Нр▓ир│Б р▓Ор▓╖р│Нр▓Яр│Б р▓╕р▓░р▓│р▓╡р▓╛р▓Чр▓┐р▓░р▓┐р▓╕р▓▓р│Б р▓╕р▓╛р▓зр│Нр▓пр▓╡р│К р▓Ер▓╖р│Нр▓Яр│Б р▓╕р▓░р▓│р▓╡р▓╛р▓Чр▓┐р▓╕р▓▓р▓╛р▓Чр▓┐р▓жр│Ж р▓ор▓др│Нр▓др│Б р▓мр▓│р▓Хр│Жр▓жр▓╛р▓░р▓░р│Б р▓др▓ор│Нр▓о р▓бр▓┐р▓╕р│Нр▓Хр│НтАМр▓Чр▓│р▓ир│Нр▓ир│Б р▓╕р│Бр▓▓р▓нр▓╡р▓╛р▓Чр▓┐ р▓ор▓др│Нр▓др│Б р▓Хр│Нр▓╖р▓┐р▓кр│Нр▓░р▓╡р▓╛р▓Чр▓┐ р▓░р▓Ър▓┐р▓╕р▓▓р│Б р▓Хр│Жр▓▓р▓╡р│Б р▓╡р▓┐р▓╢р▓┐р▓╖р│Нр▓Яр▓╡р▓╛р▓ж р▓╕р│Мр▓▓р▓нр│Нр▓пр▓Чр▓│р▓ир│Нр▓ир│Б р▓╣р│Кр▓Вр▓жр▓┐р▓жр│Ж.</p><p>Brasero р▓Ор▓ир│Нр▓ир│Бр▓╡р│Бр▓жр│Б р▓жр▓др│Нр▓др▓╛р▓Вр▓╢ р▓ор▓др│Нр▓др│Б р▓Жр▓бр▓┐р▓пр│К CD/DVDр▓пр▓ир│Нр▓ир│Б р▓░р▓Ър▓┐р▓╕р▓▓р│Б, р▓кр│Нр▓░р▓др▓┐ р▓ор▓╛р▓бр▓▓р│Б р▓ор▓др│Нр▓др│Б р▓мр▓░р│Жр▓пр▓▓р│Б р▓мр▓│р▓╕р▓▓р▓╛р▓Чр│Бр▓др│Нр▓др▓жр│Ж. р▓Зр▓жр│Б р▓╕р▓Вр▓кр│Вр▓░р│Нр▓гр▓╡р▓╛р▓Чр▓┐ CD-TEXT, р▓ор▓▓р│Нр▓Яр▓┐р▓╕р│Жр▓╢р▓ир│Н р▓ор▓др│Нр▓др│Б р▓Ьр│Лр▓▓р▓┐р▓пр│Жр▓Яр│Н р▓╡р▓┐р▓╕р│Нр▓др▓░р▓гр│Жр▓Чр▓│р▓ир│Нр▓ир│Б р▓мр│Жр▓Вр▓мр▓▓р▓┐р▓╕р│Бр▓др│Нр▓др▓жр│Ж. р▓ир│Ар▓╡р│Б р▓мр│Зр▓░р│Ж р▓╕р│Нр▓ер▓│р│Ар▓п р▓Ер▓ир│Нр▓╡р▓пр▓Чр▓│р▓┐р▓Вр▓ж р▓Хр▓бр▓др▓Чр▓│р▓ир│Нр▓ир│Б р▓Ор▓│р│Жр▓жр│Б р▓╕р│Зр▓░р▓┐р▓╕р▓▓р│Б р▓Ер▓ер▓╡ р▓жр│Вр▓░р▓жр▓┐р▓Вр▓жр▓▓р│Ж р▓╣р▓Вр▓Ър▓▓р▓╛р▓ж р▓бр│Нр▓░р│Ир▓╡р│НтАМр▓Чр▓│р▓┐р▓Вр▓ж р▓╕р│Бр▓▓р▓нр▓╡р▓╛р▓Чр▓┐ р▓бр▓┐р▓╕р│Нр▓Хр▓┐р▓Чр│Ж р▓мр▓░р│Жр▓пр▓▓р│Б р▓╕р▓╛р▓зр│Нр▓пр▓╡р▓┐р▓░р│Бр▓др│Нр▓др▓жр│Ж.</p></description>
    <description xml:lang="ko"><p>ы╕МыЭ╝ьД╕ыбЬыКФ ъ╖╕ыЖИ ыН░ьКдэБмэЖ▒ьЭШ CD/DVD ъ╡╜ъ╕░ эФДыбЬъ╖╕ыЮиьЮЕыЛИыЛд. ьЭ┤ эФДыбЬъ╖╕ыЮиьЭА ъ░АыКеэХЬ ъ░ДыЛиэЮИ ьДдъ│ДыРШьЧИъ│а, ьЙ╜ъ│а ы╣аые┤ъ│а CD/DVDые╝ ызМыУд ьИШ ьЮИыКФ ыПЕь░╜ьаБьЭ╕ ъ╕░ыКеьЭ┤ ыУдьЦ┤ ьЮИьК╡ыЛИыЛд.</p><p>ы╕МыЭ╝ьД╕ыбЬьЧРьДЬ ыН░ьЭ┤эД░ ы░П ьШдыФФьШд CDые╝ ызМыУдъ│а, ы│╡ьВмэХШъ│а, ъ╡мьЪ╕ ьИШ ьЮИьК╡ыЛИыЛд. CD-TEXT, ыйАэЛ░ьД╕ьЕШ, ьб╕ыжмьЧг эЩХьЮеьЭД ьЩДьаДэЮИ ьзАьЫРэХйыЛИыЛд. ыбЬь╗м эФДыбЬъ╖╕ыЮиьЭ┤ыВШ ьЫРъ▓й ъ│╡ьЬа ыУЬыЭ╝ьЭ┤ы╕МьЧРьДЬыПД эММьЭ╝ьЭД ыБМьЦ┤ьДЬ ыФФьКдэБмыбЬ ъ╡мьЪ╕ ьИШ ьЮИьК╡ыЛИыЛд.</p></description>
    <description xml:lang="lt"><p>Brasero yra GNOME darbalaukio programa CD/DVD k┼лrimui. Ji sukurta taip, kad b┼лt┼│ kuo paprastesn─Ч, ir turi i┼бskirtini┼│ savybi┼│, leid┼╛ian─Нi┼│ naudotojams paprastai ir greitai sukurti diskus.</p><p>Brasero gali sukurti, kopijuoti bei ─пra┼бyti duomen┼│ ir garso CD/DVD. Jis pilnai palaiko CD-TEXT, daugeli seans┼│ ir joliet pl─Чtinius. Galite tiesiog atitempti failus i┼б kit┼│ program┼│ ar nutolusi┼│ vie┼бinam┼│ disk┼│ j┼│ ─пra┼бymui ─п disk─Е.</p></description>
    <description xml:lang="lv"><p>Brasero ir CD/DVD rakst─л┼бanas lietotne GNOME darbvirsmai. T─Б ir veidota, lai b┼лtu p─Уc iesp─Уjas vienk─Бr┼б─Бka un tai ir ar─л unik─Бlas iesp─Уjas, kas ─╝auj lietot─Бjam izveidot diskus ─Бtri un vienk─Бr┼бi.</p><p>Brasero var izveidot, kop─Уt un ierakst─лt datu un audio CD/DVD. Tas piln─лb─Б atbalsta CD-TEXT, multisesiju un joliet papla┼бin─Бjumus. J┼лs varat vienk─Бr┼бi vilkt un nomest datnes no cit─Бm lietotn─Уm vai no att─Бlin─Бtiem koplietojuma diskiem, lai tos viegli ierakst─лtu disk─Б.</p></description>
    <description xml:lang="ml"><p>р┤Чр╡Нр┤ир╡Лр┤В р┤кр┤гр┤┐р┤пр┤┐р┤Яр┤др╡Нр┤др┤┐р┤▓р╡НтАН р┤╕р┤┐р┤бр┤┐/р┤бр┤┐р┤╡р┤┐р┤бр┤┐р┤пр┤┐р┤▓р╡Зр┤Хр╡Нр┤Хр╡Н р┤кр┤Хр┤░р╡НтАНр┤др╡Нр┤др╡Бр┤ир╡Нр┤ир┤др┤┐р┤ир╡Бр┤│р╡Нр┤│ р┤Тр┤░р╡Б р┤кр╡Нр┤░р┤пр╡Лр┤Чр┤ор┤╛р┤гр╡Бр╡Н р┤мр╡Нр┤░р┤╕р╡Зр┤▒р╡Л.р┤Йр┤кр┤пр╡Лр┤Хр╡Нр┤др┤╛р┤Хр╡Нр┤Хр┤│р╡НтАНр┤Хр╡Нр┤Хр╡Н р┤Ор┤│р╡Бр┤кр╡Нр┤кр┤др╡Нр┤др┤┐р┤▓р╡НтАН р┤бр┤┐р┤╕р╡Нр┤Хр╡Бр┤Хр┤│р╡НтАН р┤др┤пр╡Нр┤пр┤╛р┤▒р┤╛р┤Хр╡Нр┤Хр╡Бр┤ир╡Нр┤ир┤др┤┐р┤ир╡Бр┤│р╡Нр┤│ р┤╡р┤┐р┤╢р╡Зр┤╖р┤др┤Хр┤│р╡НтАН р┤Зр┤др╡Бр╡Н р┤╕р┤Ьр╡Нр┤Ьр┤ор┤╛р┤Хр╡Нр┤Хр╡Бр┤ир╡Нр┤ир╡Б.</p><p>р┤бр╡Зр┤▒р╡Нр┤▒р┤╛, р┤Ур┤бр┤┐р┤пр╡Л р┤╕р┤┐р┤бр┤┐/р┤╡р┤┐р┤╕р┤┐р┤бр┤┐р┤Хр┤│р┤┐р┤▓р╡Зр┤Хр╡Нр┤Хр╡Н р┤кр┤Хр┤░р╡НтАНр┤др╡Нр┤др╡Бр┤ир╡Нр┤ир┤др┤┐р┤ир╡Н р┤мр╡Нр┤░р┤╕р╡Зр┤▒р╡Л р┤╕р┤╣р┤╛р┤пр┤┐р┤пр╡Нр┤Хр╡Нр┤Хр╡Бр┤ир╡Нр┤ир╡Б.CD-TEXT, р┤ор┤│р╡НтАНр┤Яр╡Нр┤Яр┤┐р┤╕р╡Жр┤╖р┤ир╡НтАН, joliet р┤Ор┤Хр╡Нр┤╕р╡Нр┤▒р╡Нр┤▒р┤ир╡НтАНр┤╖р┤ир╡Бр┤Хр┤│р╡НтАН р┤Зр┤др╡Бр╡Н р┤кр╡Вр┤░р╡НтАНр┤гр╡Нр┤гр┤ор┤╛р┤пр╡Бр┤В р┤кр┤┐р┤ир╡Нр┤др╡Бр┤гр┤пр╡Нр┤Хр╡Нр┤Хр╡Бр┤ир╡Нр┤ир╡Б. р┤кр╡Нр┤░р┤жр╡Зр┤╢р┤┐р┤Х р┤кр╡Нр┤░р┤пр╡Лр┤Чр┤Щр╡Нр┤Щр┤│р┤┐р┤▓р╡НтАНр┤ир┤┐р┤ир╡Нр┤ир╡Л р┤кр┤Щр╡Нр┤Хр┤┐р┤Яр╡Нр┤Я р┤╡р┤┐р┤жр╡Вр┤░ р┤бр╡Нр┤░р╡Ир┤╡р╡Бр┤Хр┤│р┤┐р┤▓р╡НтАН р┤ир┤┐р┤ир╡Нр┤ир╡Л р┤ир┤┐р┤Щр╡Нр┤Щр┤│р╡НтАНр┤Хр╡Нр┤Хр╡Бр╡Н р┤лр┤пр┤▓р╡Бр┤Хр┤│р╡НтАН р┤бр┤┐р┤╕р╡Нр┤Хр┤┐р┤▓р╡Зр┤Хр╡Нр┤Хр╡Н р┤╡р┤▓р┤┐р┤Ър╡Нр┤Ър┤┐р┤Яр╡Нр┤Яр╡Н р┤Зр┤др┤┐р┤▓р╡Зр┤Хр╡Нр┤Хр╡Н р┤кр┤Хр┤░р╡НтАНр┤др╡Нр┤др┤╛р┤В</p></description>
    <description xml:lang="mr"><p>рдмреНрд░рд╕реЗрд░реЛ GNOME рдбреЗрд╕реНрдХрдЯреЙрдкрд╡рд░реАрд▓ рд╕реАрдбреА рдХрд┐рдВрд╡рд╛ рдбреАрд╡реАрдбреА рдмрд░реНрдг рдХрд░рдгреНрдпрд╛рд╕рд╛рдареА рдПрдХ ре▓рдкреНрд▓рд┐рдХреЗрд╢рди рдЖрд╣реЗ. рддреНрдпрд╛рдЪреА рд░рдЪрдирд╛ рдЦреВрдк рд╕реЛрдкреА рдЕрд╕реВрди рддреНрдпрд╛рдордзреНрдпреЗ рдХрд╛рд╣реА рдбрд┐рд╕реНрдХреНрд╕ рдкрдЯрдХрди рдЖрдгрд┐ рдЬрд▓рдж рдЧрддреАрдиреЗ рдирд┐рд░реНрдорд╛рдг рдХрд░рдгреНрдпрд╛рд╕рд╛рдареА рдПрдХрдореЗрд╡ рдЧреБрдгрд╡рд┐рд╢реЗрд╖ рд╕рдорд╛рд╡рд┐рд╖реНрдЯ рдХреЗрд▓реЗ рдЖрд╣реЗ.</p><p>рдмреНрд░рд╕реЗрд░реЛ рдбрд╛рдЯрд╛ рдЖрдгрд┐ рдСрдбрд┐рдУ рд╕реАрдбреА рдХрд┐рдВрд╡рд╛ рдбреАрд╡реАрдбреАрдЪреЗ рдирд┐рд░реНрдорд╛рдг, рдкреНрд░рдд рдмрдирд╡рдгреЗ рдЖрдгрд┐ рдмрд░реНрдг рдХрд░рддреЗ. рддреЗ рдкреВрд░реНрдгрддрдпрд╛ рд╕реАрдбреА-рдЯреЗрдХреНрд╕реНрдЯ, рдмрд╣реБрд╕рддреНрд░ рдЖрдгрд┐ рдЬреЙрд▓рд┐рдПрдЯ рдПрдХреНрд╕рдЯреЗрдВрд╢рдиреНрд╕рдХрд░рд┐рддрд╛ рд╕рдорд░реНрдерди рдкреБрд░рд╡рддреЗ. рддреБрдореНрд╣реА рдЗрддрд░ рд╕реНрдерд╛рдиреАрдп ре▓рдкреНрд▓рд┐рдХреЗрд╢рдиреНрд╕рдкрд╛рд╕реВрди рдХрд┐рдВрд╡рд╛ рдЗрддрд░ рджреВрд░рд╕реНрдд рд╢реЗрдЕрд░реНрдб рдбреНрд░рд╛рдЗрд╡реНрд╣рдЬрдкрд╛рд╕реВрди рдлрд╛рдЗрд▓реНрд╕рд▓рд╛ рдбрд┐рд╕реНрдХрд╡рд░ рдмрд░реНрдг рдХрд░рдгреНрдпрд╛рд╕рд╛рдареА, рд╕рд╣рдЬ рдУрдвреВрди рдЯрд╛рдХреВ рд╢рдХрддрд╛.</p></description>
    <description xml:lang="nb"><p>Brasero er et program for GNOME-skrivebordet som skriver CD- og DVD-plater. Det er laget for ├е v├жre s├е lettvint som mulig, og lar deg lage plater lett og raskt.</p><p>Brasero kan lage, kopiere og skrive data- og lyd-CDer/DVDer. Det st├╕tter CD-TEXT-, multisesjon- og joliet-utvidelsene. Du kan dra og slippe filer fra andre lokale programmer eller fra eksterne delte stasjoner for ├е skrive dem til en plate p├е en enkel m├еte.</p></description>
    <description xml:lang="nl"><p>Brasero is een toepassing voor het branden van cd's/dvd's voor de Gnome-werkomgeving. Het is ontworpen om zo eenvoudig mogelijk te zijn en heeft een aantal unieke functies waardoor gebruikers gemakkelijk en snel schijven kunnen aanmaken.</p><p>Met Brasero kunt u data- en audiocd's/dvd's aanmaken, kopi├лren en branden. CD-TEXT, multisessie en jolietextensies worden volledig ondersteund. U kunt op eenvoudige wijze bestanden van andere lokale toepassingen of van externe gedeelde stations naar een schijf branden via slepen en neerzetten.</p></description>
    <description xml:lang="oc"><p>Brasero es una aplicacion per l'environament GNOME que grava de CD/DVD. Es concebuda per ├иsser tant simpla coma possible e possed├нs de foncionalitats unicas per permetre als utilizaires de crear lors disques aisidament e rapidament.</p><p>Brasero p├▓t crear, copiar e gravar de CD/DVD de donadas e de fichi├иrs ├аudio. Pren completament en carga las extensions CD-TEXT, multisession e joliet. Pod├иtz simplament lisar e depausar de fichi├иrs d'autras aplicacions localas o que provenon de disques partejats distants per las gravar aisidament sus un disc.</p></description>
    <description xml:lang="or"><p>Brasero рм╣рнЗрмЙрмЫрм┐GNOME рмбрнЗрм╕рнНрмХрмЯрмк рмкрм╛рмЗрмБ  CD/DVD рм▓рнЗрмЦрм┐рммрм╛ рмкрм╛рмЗрмБ рмЙрмжрнНрмжрм┐рм╖рнНрмЯ рмкрнНрм░рнЯрнЛрмЧред рмПрм╣рм╛рмХрнБ рмпрнЗрмдрнЗ рм╕рморнНрмнрмм рм╕рм░рм│ рмХрм░рм┐рммрм╛ рмкрм╛рмЗрмБ рм░рмЪрмирм╛ рмХрм░рм╛рмпрм╛рмЗрмерм╛рмП рмПрммрмВ рмПрмерм┐рм░рнЗ рмХрм┐рмЫрм┐ рмЕрмирмирнНрнЯ рммрм┐рм╢рнЗрм╖рнНрнЯрмдрм╛ рм░рм╣рм┐рмЫрм┐ рмпрм╛рм╣рм╛рмХрм┐ рммрнНрнЯрммрм╣рм╛рм░рмХрм╛рм░рнАрмЩрнНрмХрнБ рм╕рнЗрморм╛рмирмЩрнНрмХрм░ рмбрм┐рм╕рнНрмХрмЧрнБрмбрм╝рм┐рмХрнБ рм╕рм╣рмЬрм░рнЗ рмПрммрмВ рм╢рм┐рмШрнНрм░ рмирм┐рм░рнНрморм╛рмг рмХрм░рм┐рммрм╛ рмкрм╛рмЗрмБ рм╕рмХрнНрм░рм┐рнЯ рмХрм░рм╛рмпрм╛рмЗрмЫрм┐ред</p><p>Brasero рмдрмернНрнЯ рмПрммрмВ рмзрнНрн▒рмирм┐ CD/DVDs рмирм┐рм░рнНрморм╛рмг, рмирмХрм▓ рмПрммрмВ рм▓рм┐рмЦрми рмХрм░рм┐рмкрм╛рм░рм┐рммред рмПрм╣рм╛ рм╕рморнНрмкрнВрм░рнНрмгрнНрмг рмнрм╛рммрм░рнЗ CD-TEXT, рмПрмХрм╛рмзрм┐рмХ рмЕрмзрм┐рммрнЗрм╢рми рмПрммрмВ рмЬрм▓рм┐рмПрмЯ рмЕрмирнБрм▓рмЧрнНрмирмЧрнБрмбрм╝рм┐рмХрнБ рм╕рм╣рм╛рнЯрмдрм╛ рмХрм░рм┐рмерм╛рмПред рмЖрмкрмг рмЕрмирнНрнЯ рм╕рнНрмерм╛рмирнАрнЯ рмкрнНрм░рнЯрнЛрмЧрмЧрнБрмбрм╝рм┐рмХрм░рнБ рмХрм┐рморнНрммрм╛ рм╕рнБрмжрнВрм░ рм╕рм╣рмнрм╛рмЧрнА рмбрнНрм░рм╛рмЗрмнрм░рмЧрнБрмбрм╝рм┐рмХрм░рнБ рм╕рм╣рмЬрм░рнЗ рмбрм┐рм╕рнНрмХрм░рнЗ рм▓рнЗрмЦрм┐рммрм╛ рмкрм╛рмЗрмБ рмЯрм╛рмгрм┐рмХрм░рм┐ рмкрмХрм╛рмЗ рмкрм╛рм░рм┐рммрнЗред</p></description>
    <description xml:lang="pa"><p>римри░ри╛ри╕рйАри░рйЛ риЧриирйЛрио рибрйИри╕риХриЯри╛рик ри▓риИ ри╕рйАрибрйА/рибрйАри╡рйАрибрйА ри▓ри┐риЦриг ри▓риИ риРрикри▓рйАриХрйЗри╢рии ри╣рйИред риЗри╣ риЬри┐рй░риири╛ ри╡рйА ри╕рй░ринри╡ ри╣рйЛ ри╕риХрижрйЗ, ри╕рйМриЦрйЗ ри░рйВрик ри╡ри┐рй▒риЪ ридри┐риЖри░ риХрйАридрйА риЧриИ ри╣рйИ риЕридрйЗ риЗри╕ рижрйЗ риХрйБриЭ ри╡ри┐ри▓рй▒риЦриг ри▓рй▒риЫриг рипрйВрйЫри░ риирйВрй░ риЙри╣риири╛риВ рижрйАриЖриВ рибри┐ри╕риХри╛риВ ри╕рйМриЦрйА ридрйЗ ридрйБри░рй░рид римригри╛риЙриг ри▓риИ ри╕ри╣ри╛риЗриХ ри╣рииред</p><p>римри░ри╛ри╕рйАри░рйЛ рибри╛риЯри╛ ридрйЗ риЖрибрйАриУ ри╕рйАрибрйА/рибрйАри╡рйАрибрйА римригри╛риЙ, риХри╛рикрйА риХри░ ри╕риХрижри╛ ри╣рйИред риЗри╣ CD-TEXT, риори▓риЯрйАри╢рйИри╢рии риЕридрйЗ риЬрйЛри▓ри┐риЯ риЗриХри╕рйИриЯрйИриВри╢рии ри▓риИ рикрйВри░рйА ридри░рйНри╣ри╛риВ ри╕ри╣ри╛риЗриХ ри╣рйИред ридрйБри╕рйАриВ риХри┐ри╕рйЗ ри╡рйА ри▓рйЛриХри▓ риРрикри▓рйАри╢рйЗрии ридрйЛриВ ри░ри┐риорйЛриЯ ридрйЛриВ ри╕ри╛риВриЭрйА рибри░ри╛риЗри╡ ридрйЛриВ рибри┐ри╕риХ риЙрй▒ридрйЗ ри▓ри┐риЦриг ри▓риИ рилри╛риЗри▓ри╛риВ риирйВрй░ риЦри┐рй▒риЪ риХрйЗ ри╡ри┐рй▒риЪ рикри╛ ри╕риХрижрйЗ ри╣рйЛред</p></description>
    <description xml:lang="pl"><p>Brasero to program do nagrywania p┼Вyt CD/DVD dla ┼Ыrodowiska GNOME. Zosta┼В stworzony z┬аmy┼Ыl─Е o┬аjak najwi─Щkszej prostocie, a┬аjego unikalne funkcje umo┼╝liwiaj─Е u┼╝ytkownikowi nagrywanie p┼Вyt w┬а┼Вatwy i┬аszybki spos├│b.</p><p>Za pomoc─Е programu Brasero mo┼╝na tworzy─З, kopiowa─З i┬аnagrywa─З p┼Вyty CD/DVD z┬аdanymi lub d┼║wi─Щkiem. Ma on r├│wnie┼╝ pe┼Вn─Е obs┼Вug─Щ CD-Text, nagrywania wielosesyjnego oraz systemu Joliet. Aby nagra─З pliki na p┼Вyt─Щ, wystarczy tylko przeci─Еgn─Е─З je z┬аinnego programu lub zdalnego dysku.</p></description>
    <description xml:lang="pt"><p>O Brasero ├й uma aplica├з├гo do ambiente GNOME para gravar CD/DVDs. Foi desenhado para ser o mais simples poss├нvel e tem algumas caracter├нsticas ├║nicas que permitem aos utilizadores criar os seus discos f├бcil e rapidamente.</p><p>O Brasero pode criar, copiar e gravar CDs ou DVDs de dados ou ├бudio. Suporta CD-TEXT na totalidade, multi-sess├гo e extens├╡es joliet. Pode simplesmente arrastar e largar os ficheiros de outras aplica├з├╡es locais ou de discos remotos partilhados e grav├б-los num disco.</p></description>
    <description xml:lang="pt_BR"><p>O Brasero ├й um aplicativo para grava├з├гo de CDs/DVDs para a ├бrea de trabalho GNOME. Ele foi projetado para ser o mais simples quanto poss├нvel e possui alguns recursos ├║nicos que permitem aos usu├бrios criarem facilmente e com rapidez seus discos.</p><p>O Brasero pode criar, copiar e gravar CDs/DVDs de dados e ├бudio. Possui suporte completo a CD-TEXT, multisess├гo e extens├╡es joliet. Voc├к pode simplesmente arrastar e soltar arquivos de outros aplicativos locais ou de unidades remotas compartilhadas para facilmente grav├б-los em um disco.</p></description>
    <description xml:lang="ro"><p>Brasero este o aplica╚Ыie pentru scrierea de CD-uri/DVD-uri pentru mediul desktop GNOME. Este conceput s─Г fie c├вt de simplu posibil ╚Щi are unele func╚Ыionlait─Г╚Ыi unice ce le permit utilizatorilor s─Г-╚Щi creeze discuri ├оntr-un mod u╚Щor ╚Щi rapid.</p><p>Brasero poate creea, copia ╚Щi scrie CD-uri/DVD-uri audio ╚Щi de date. Suport─Г complet CD-TEXT, multisesiuni ╚Щi extensii joliet. Pute╚Ыi s─Г glisa╚Ыi ╚Щi s─Г plasa╚Ыi fi╚Щiere din alte aplica╚Ыii sau de pe unit─Г╚Ыi partajate la distan╚Ы─Г pentru a le inscrip╚Ыiona pe un disc.</p></description>
    <description xml:lang="ru"><p>Brasero тАФ ╤Н╤В╨╛ ╨┐╤А╨╕╨╗╨╛╨╢╨╡╨╜╨╕╨╡ ╨┤╨╗╤П ╨╖╨░╨┐╨╕╤Б╨╕ CD/DVD ╨┤╨╗╤П GNOME. Brasero ╨╕╨╝╨╡╨╡╤В ╨┐╤А╨╛╤Б╤В╨╛╨╣ ╨╕╨╜╤В╨╡╤А╤Д╨╡╨╣╤Б, ╨╜╨╛ ╨▓ ╤В╨╛ ╨╢╨╡ ╨▓╤А╨╡╨╝╤П ╨┐╤А╨╡╨┤╨╛╤Б╤В╨░╨▓╨╗╤П╨╡╤В ╤А╤П╨┤ ╤Г╨╜╨╕╨║╨░╨╗╤М╨╜╤Л╤Е ╨▓╨╛╨╖╨╝╨╛╨╢╨╜╨╛╤Б╤В╨╡╨╣ ╨┤╨╗╤П ╨▒╤Л╤Б╤В╤А╨╛╨╣ ╨╕ ╤Г╨┤╨╛╨▒╨╜╨╛╨╣ ╨╖╨░╨┐╨╕╤Б╨╕ ╨┤╨╕╤Б╨║╨╛╨▓.</p><p>Brasero ╨┐╨╛╨╖╨▓╨╛╨╗╤П╨╡╤В ╤Б╨╛╨╖╨┤╨░╨▓╨░╤В╤М, ╨║╨╛╨┐╨╕╤А╨╛╨▓╨░╤В╤М ╨╕ ╨╖╨░╨┐╨╕╤Б╤Л╨▓╨░╤В╤М CD- ╨╕ DVD-╨┤╨╕╤Б╨║╨╕. ╨Ю╨╜ ╨┐╨╛╨╗╨╜╨╛╤Б╤В╤М╤О ╨┐╨╛╨┤╨┤╨╡╤А╨╢╨╕╨▓╨░╨╡╤В CD-TEXT, ╨╝╤Г╨╗╤М╤В╨╕╤Б╨╡╤Б╤Б╨╕╨╕ ╨╕ ╤А╨░╤Б╤И╨╕╤А╨╡╨╜╨╕╤П joliet. ╨Ф╨╗╤П ╨╖╨░╨┐╨╕╤Б╨╕ ╤Д╨░╨╣╨╗╨╛╨▓ ╨╜╨░ ╨┤╨╕╤Б╨║ ╨┤╨╛╤Б╤В╨░╤В╨╛╤З╨╜╨╛ ╨┐╨╡╤А╨╡╤В╨░╤Й╨╕╤В╤М ╤Д╨░╨╣╨╗╤Л ╨╕╨╖ ╨┤╤А╤Г╨│╨╕╤Е ╨╗╨╛╨║╨░╨╗╤М╨╜╤Л╤Е ╨┐╤А╨╕╨╗╨╛╨╢╨╡╨╜╨╕╨╣ ╨╕╨╗╨╕ ╨╕╨╖ ╨┐╨╛╨┤╨║╨╗╤О╤З╤С╨╜╨╜╤Л╤Е ╨╜╨╛╤Б╨╕╤В╨╡╨╗╨╡╨╣.</p></description>
    <description xml:lang="sk"><p>Brasero je aplik├бcia na napa─╛ovanie CD a DVD nosi─Нov, ur─Нen├б pre prostredie GNOME. T├бto aplik├бcia sa jednoducho pou┼╛├нva a poskytuje zop├бr jedine─Нn├╜ch funkci├н, ktor├й v├бm umo┼╛nia  jednoducho a r├╜chlo vytv├бra┼е disky.</p><p>Brasero dok├б┼╛e vytv├бra┼е, kop├нrova┼е a napa─╛ova┼е d├бtov├й a Audio CD a DVD nosi─Нe. Plne podporuje roz┼б├нrenia CD-TEXT, multisession a joliet. S├║bory m├┤┼╛eme jednoducho potiahnu┼е z in├╜ch miestnych aplik├бci├н alebo pripojen├╜ch vzdialen├╜ch jednotiek a nap├бli┼е ich na disk.</p></description>
    <description xml:lang="sl"><p>Brasero je program za zapisovanje nosilcev CD/DVD za namizje GNOME. Zasnovan je kot orodje, ki je enostavno za uporabo. Uporabnikom omogo─Нa hitro in enostavno ustvarjanje in zapisovanje vsebine.</p><p>Program omogo─Нa ustvarjanje, kopiranje in zapisovanje podatkovnih in zvo─Нnih nosilcev CD in DVD. Omogo─Нa polno podporo besedila CD-TEXT, zapisuje nosilce z ve─Н sledmi in z raz┼бiritvami joliet. Vsebino enostavno povle─Нemo in spustimo v programsko okno iz diska ali oddaljenega mesta in datoteke zapi┼бemo..</p></description>
    <description xml:lang="sr"><p>╨С╤А╨░╨╖╨╡╤А╨╛ ╤Ш╨╡ ╨┐╤А╨╛╨│╤А╨░╨╝ ╨╖╨░ ╤А╨╡╨╖╨░╤Ъ╨╡ ╨ж╨Ф/╨Ф╨Т╨Ф-╨░ ╨╖╨░ ╨У╨╜╨╛╨╝╨╛╨▓╤Г ╤А╨░╨┤╨╜╤Г ╨┐╨╛╨▓╤А╤И. ╨Ю╤Б╨╝╨╕╤И╤Щ╨╡╨╜ ╤Ш╨╡ ╨┤╨░ ╨▒╤Г╨┤╨╡ ╤И╤В╨╛ ╤Ш╨╡╨┤╨╜╨╛╤Б╤В╨░╨▓╨╜╨╕╤Ш╨╕ ╨╕ ╨╕╨╝╨░ ╨╜╨╡╨║╨╡ ╤Ш╨╡╨┤╨╕╨╜╤Б╤В╨▓╨╡╨╜╨╡ ╤Д╤Г╨╜╨║╤Ж╨╕╤Ш╨╡ ╨┤╨░ ╨╛╨╝╨╛╨│╤Г╤Ы╨╕ ╨║╨╛╤А╨╕╤Б╨╜╨╕╤Ж╨╕╨╝╨░ ╨┤╨░ ╨╗╨░╨║╨╛ ╨╕ ╨▒╤А╨╖╨╛ ╨╜╨░╨┐╤А╨░╨▓╨╡ ╤Б╨▓╨╛╤Ш╨╡ ╨┤╨╕╤Б╨║╨╛╨▓╨╡.</p><p>╨С╤А╨░╨╖╨╡╤А╨╛ ╨╝╨╛╨╢╨╡ ╨┤╨░ ╤Б╤В╨▓╨░╤А╨░, ╤Г╨╝╨╜╨╛╨╢╨░╨▓╨░ ╨╕ ╨╜╨░╤А╨╡╨╖╤Г╤Ш╨╡ ╨ж╨Ф/╨Ф╨Т╨Ф ╨┐╨╛╨┤╨░╤В╨░╨║╨░ ╨╕ ╨╖╨▓╤Г╨║╨░. ╨г ╨┐╨╛╤В╨┐╤Г╨╜╨╛╤Б╤В╨╕ ╨┐╨╛╨┤╤А╨╢╨░╨▓╨░ ╨ж╨Ф-╨в╨Х╨Ъ╨б╨в, ╨▓╨╕╤И╨╡ ╤Б╨╡╤Б╨╕╤Ш╨░ ╨╕ ╨╢╨╛╨╗╨╕╨╡╤В ╨┐╤А╨╛╤И╨╕╤А╨╡╤Ъ╨░. ╨Ь╨╛╨╢╨╡╤В╨╡ ╤Ш╨╡╨┤╨╜╨╛╤Б╤В╨░╨▓╨╜╨╛ ╨┤╨░ ╨┐╤А╨╡╨▓╤Г╤З╨╡╤В╨╡ ╨╕ ╨┤╨░ ╤Г╨▒╨░╤Ж╨╕╤В╨╡ ╨┤╨░╤В╨╛╤В╨╡╨║╨╡ ╨╕╨╖ ╨┤╤А╤Г╨│╨╕╤Е ╨╝╨╡╤Б╨╜╨╕╤Е ╨┐╤А╨╛╨│╤А╨░╨╝╨░ ╨╕╨╗╨╕ ╤Б╨░ ╤Г╨┤╨░╤Щ╨╡╨╜╨╕╤Е ╨┤╨╡╤Щ╨╡╨╜╨╕╤Е ╤Г╤А╨╡╤Т╨░╤Ш╨░ ╨┤╨░ ╨▒╨╕╤Б╤В╨╡ ╨╕╤Е ╨╜╨░╤А╨╡╨╖╨░╨╗╨╕ ╨╜╨░ ╨┤╨╕╤Б╨║.</p></description>
    <description xml:lang="sr@latin"><p>Brazero je program za rezanje CD/DVD-a za Gnomovu radnu povr┼б. Osmi┼бljen je da bude ┼бto jednostavniji i ima neke jedinstvene funkcije da omogu─Зi korisnicima da lako i brzo naprave svoje diskove.</p><p>Brazero mo┼╛e da stvara, umno┼╛ava i narezuje CD/DVD podataka i zvuka. U potpunosti podr┼╛ava CD-TEKST, vi┼бe sesija i ┼╛oliet pro┼бirenja. Mo┼╛ete jednostavno da prevu─Нete i da ubacite datoteke iz drugih mesnih programa ili sa udaljenih deljenih ure─Сaja da biste ih narezali na disk.</p></description>
    <description xml:lang="sv"><p>Brasero ├дr ett program f├╢r att br├дnna cd/dvd f├╢r skrivbordsmilj├╢n GNOME. Det ├дr designat f├╢r att vara s├е enkelt som m├╢jligt och har n├еgra unika funktioner som till├еter anv├дndare att skapa sina skivor snabbt och enkelt.</p><p>Brasero kan skapa, kopiera och br├дnna data- samt ljud-cd/dvd. Det har fullst├дndigt st├╢d f├╢r cd-text, multisessioner och joliet-till├дgg. Du kan helt enkelt dra och sl├дppa filer fr├еn andra lokala program eller fr├еn delade fj├дrrdiskar f├╢r att l├дtt br├дnna dem till en skiva.</p></description>
    <description xml:lang="ta"><p>Brasero роОройрпНрокродрпБ CD/DVD роР роОро┤рпБрод роЙродро╡рпБроорпН GNOME рокрогро┐роорпЗроЯрпИроХрпНроХро╛рой роТро░рпБ рокропройрпНрокро╛роЯрпБ. роЗродрпБ рокропройро░рпНроХро│рпН родроЩрпНроХро│рпН ро╡роЯрпНроЯрпБроХрпНроХро│рпИ роОро│ро┐родро╛роХро╡рпБроорпН ро╡ро┐ро░рпИро╡ро╛роХро╡рпБроорпН роЙро░рпБро╡ро╛роХрпНроХрпБро╡родро▒рпНроХро╛роХ роЪро┐ро▓ родройро┐родрпНродрпБро╡рооро╛рой роЕроорпНроЪроЩрпНроХро│рпИроХрпН роХрпКрогрпНроЯрпБ роХрпВроЯрпБрооро╛рой роОро│ро┐роорпИропрпБроЯройрпН роЙро░рпБро╡ро╛роХрпНроХрокрпНрокроЯрпНроЯ рокропройрпНрокро╛роЯро╛роХрпБроорпН.</p><p>Brasero родро░ро╡рпБ рооро▒рпНро▒рпБроорпН роТро▓ро┐ CD/DVD роХро│рпИ роЙро░рпБро╡ро╛роХрпНроХ, роироХро▓рпЖроЯрпБроХрпНроХ роОро┤рпБрод роЙродро╡рпБроорпН. роЗродрпБ CD-TEXT, рокро▓ роЕрооро░рпНро╡рпБ рооро▒рпНро▒рпБроорпН роЬрпЛро▓ро┐ропроЯрпН роирпАроЯрпНроЯро┐рокрпНрокрпБроХро│рпИ роорпБро┤рпБроорпИропро╛роХ роЖродро░ро┐роХрпНроХрпБроорпН. роЙроЩрпНроХро│рпН рокро┐ро▒ роЙро│рпНро│роорпИ рокропройрпНрокро╛роЯрпБроХро│рпН роЕро▓рпНро▓родрпБ родрпКро▓рпИроиро┐ро▓рпИ рокроХро┐ро░рокрпНрокроЯрпНроЯ ро╡роЯрпНроЯрпБроХро│ро┐ро▓рпН роЗро░рпБроирпНродрпБ роХрпЛрокрпНрокрпБроХро│рпИ роЗро┤рпБродрпНродрпБрокрпН рокрпЛроЯрпНроЯрпБ роЕро╡ро▒рпНро▒рпИ ро╡роЯрпНроЯро┐ро▓рпН роОро│ро┐родро┐ро▓рпН роОро┤рпБродро▓ро╛роорпН.</p></description>
    <description xml:lang="te"><p>р░мр▒Нр░░р░╛р░╕р▒Жр░░р▒Л р░Ер░ир▒Бр░ир░жр░┐ р░Чр▒Нр░ир▒Лр░ор▒Н р░бр▒Жр░╕р▒Нр░Хр▒Бр░Яр░╛р░кр▒Н р░ир░Вр░жр▒Б CD/DVD р░мр░░р▒Нр░ир▒Н р░Ър▒Зр░пр▒Бр░Яр░Хр▒Б р░Ер░ир▒Бр░╡р░░р▒Нр░др░ир░В. р░Зр░жр░┐ р░╕р▒Бр░▓р▒Бр░╡р▒Бр░Чр░╛ р░Йр░кр░пр▒Лр░Чр░┐р░Вр░Ър▒Бр░Яр░Хр▒Б р░╡р▒Ар░▓р▒Бр░Чр░╛ р░░р▒Вр░кр▒Кр░Вр░жр░┐р░Вр░Ър░мр░бр░┐р░Вр░жр░┐ р░ор░░р░┐р░пр▒Б р░╡р░╛р░бр▒Бр░Хр░░р▒Бр░▓р▒Б р░╡р░╛р░░р░┐ р░бр░┐р░╕р▒Нр░Хр▒Бр░▓р░ир▒Б р░╕р▒Бр░▓р▒Бр░╡р▒Бр░Чр░╛ р░др▒Нр░╡р░░р░┐р░др░Вр░Чр░╛ р░╕р▒Гр░╖р▒Нр░Яр░┐р░Вр░Ър▒Бр░Яр░Хр▒Кр░ир▒Бр░Яр░Хр▒Б р░╡р▒Ар░▓р▒Бр░Чр░╛ р░Хр▒Кр░ир▒Нр░ир░┐ р░╡р░┐р░╢р░┐р░╖р▒Нр░Я р░╡р░┐р░╢р▒Зр░╖р░гр░╛р░▓р░ир▒Б р░Хр░▓р░┐р░Чр░┐р░╡р▒Бр░Вр░жр░┐.</p><p>р░мр▒Нр░░р░╛р░╕р▒Жр░░р▒Л р░Ер░ир▒Бр░ир░жр░┐ р░бр░╛р░Яр░╛ р░ор░░р░┐р░пр▒Б р░Жр░бр░┐р░пр▒Л CD/DVDр░▓р░ир▒Б р░╕р▒Гр░╖р▒Нр░Яр░┐р░Вр░Ър░Чр░▓р░жр▒Б, р░ир░Хр░▓р▒Бр░др▒Ар░пр░Чр░▓р░жр▒Б р░ор░░р░┐р░пр▒Б р░мр░░р▒Нр░ир▒Н р░Ър▒Зр░пр░Чр░▓р░жр▒Б. р░Зр░жр░┐ CD-TEXT, multisession р░ор░░р░┐р░пр▒Б joliet р░кр▒Кр░бр░┐р░Чр░┐р░Вр░др░▓р░Хр▒Б р░кр▒Вр░░р▒Нр░др░┐р░Чр░╛ р░др▒Лр░бр▒Нр░кр░╛р░Яр▒Бр░ир░┐р░Ър▒Нр░Ър▒Бр░ир▒Б. р░╕р▒Нр░ер░╛р░ир░┐р░Х р░Ер░ир▒Бр░╡р░░р▒Нр░др░ир░╛р░▓р░ир▒Бр░Вр░бр░┐ р░▓р▒Зр░жр░╛ р░░р░┐р░ор▒Лр░Яр▒Н р░нр░╛р░Чр░╕р▒Нр░╡р░╛р░ор▒Нр░п р░бр▒Нр░░р▒Ир░╡р▒Бр░▓р░ир▒Бр░Вр░бр░┐ р░лр▒Ир░│р▒Нр░│р░ир▒Б р░др▒Жр░Ър▒Нр░Ър░┐ р░Зр░Хр▒Нр░Хр░б р░╡р░жр▒Бр░▓р▒Бр░Яр░жр▒Нр░╡р░╛р░░р░╛ р░ор▒Ар░░р▒Б р░╡р░╛р░Яр░┐р░ир░┐ р░бр░┐р░╕р▒Нр░Хр▒Бр░ир░Хр▒Б р░мр░░р▒Нр░ир▒Н р░Ър▒Зр░пр░╡р░Ър▒Нр░Ър▒Б.</p></description>
    <description xml:lang="tg"><p>Brasero - ╨╕╨╜ ╨▒╨░╤А╨╜╨╛╨╝╨░ ╨▒╨░╤А╨╛╨╕ ╤Б╨░╨▒╤В ╨║╨░╤А╨┤╨░╨╜╨╕ ╨┤╨╕╤Б╨║╥│╨╛╨╕ CD/DVD ╨┤╨░╤А ╨Ь╨╕╨╖╨╕ ╨║╨╛╤А╨╕╨╕ GNOME ╨╝╨╡╨▒╨╛╤И╨░╨┤. ╨Ю╨╜ ╨▒╨░ ╤В╨░╨▓╤А╨╡ ╤В╨░╤А╤А╨╛╥│╙г ╤И╤Г╨┤╨░╨░╤Б╤В, ╨║╨╕ ╤В╨╛ ╥│╨░╨┤╨┤╨╕ ╨╕╨╝╨║╨╛╨╜ ╨╛╨┤╨┤╙г ╨▒╨╛╤И╨░╨┤, ╨▓╨░ ╨┤╨╛╤А╨╛╨╕ ╨▒╨░╤К╨╖╨╡ ╤Е╤Г╤Б╤Г╤Б╨╕╤П╤В╥│╨╛╨╕ ╨▒╨╡╨╜╨░╨╖╨╕╤А ╨╝╨╡╨▒╨╛╤И╨░╨┤, ╨║╨╕ ╨▒╨░ ╨║╨╛╤А╨▒╨░╤А╨╛╨╜ ╤Н╥╖╨╛╨┤╨║╤Г╨╜╨╕╨╕ ╨┤╨╕╤Б╨║╥│╨╛╨╕ ╨╛╨╜╥│╨╛╤А╨╛ ╨╛╤Б╨╛╨╜ ╨▓╨░ ╤Д╨░╨▓╤А╙г ╨╝╨╡╤Б╨╛╨╖╨░╨┤.</p><p>Brasero ╨╝╨╡╤В╨░╨▓╨╛╨╜╨░╨┤ ╨┤╨╕╤Б╨║╥│╨╛╨╕ ╨╕╤В╤В╨╕╨╗╨╛╨╛╤В╙г ╨▓╨░ ╨░╤Г╨┤╨╕╨╛╨╕╨╕ CD/DVD-╤А╨╛ ╤Н╥╖╨╛╨┤, ╨╜╤Г╤Б╤Е╨░╨▒╨░╤А╨┤╨╛╤А╙г ╨▓╨░ ╤Б╨░╨▒╤В ╨╜╨░╨╝╨╛╤П╨┤. ╨Ю╨╜ ╨┐╨░╤Б╨▓╨░╨╜╨┤╥│╨╛╨╕ CD-TEXT, multisession ╨▓╨░ joliet-╤А╨╛ ╨┐╤Г╤А╤А╨░ ╨┤╨░╤Б╤В╨│╨╕╤А╙г ╨╝╨╡╨║╤Г╨╜╨░╨┤. ╨и╤Г╨╝╨╛ ╨╝╨╡╤В╨░╨▓╨╛╨╜╨╡╨┤ ╤Д╨░╨╣╨╗╥│╨╛╤А╨╛ ╨░╨╖ ╨▒╨░╤А╨╜╨╛╨╝╨░╥│╨╛╨╕ ╨┤╨╕╨│╨░╤А╨╕ ╨╝╨░╥│╨░╨╗╨╗╙г ╤С ╨░╨╖ ╨┤╨╕╤Б╨║╥│╨╛╨╕ ╨┤╤Г╤А╨┤╨░╤Б╤В╨╕ ╨╝╤Г╤И╤В╨░╤А╨░╨║ ╨▒╨░ ╤В╨░╨▓╤А╨╕ ╨╛╨┤╨┤╙г ╨║╨░╤И╨╕╨┤╨░ ╨▒╨░╤А╨╡╨┤, ╤В╨╛ ╨╕╨╜ ╨║╨╕ ╨╛╨╜╥│╨╛╤А╨╛ ╨▒╨░ ╨╛╤Б╨╛╨╜╙г ╨▒╨░ ╨┤╨╕╤Б╨║ ╤Б╨░╨▒╤В ╨║╤Г╨╜╨╡╨┤.</p></description>
    <description xml:lang="th"><p>Brasero р╣Ар╕Ыр╣Зр╕Щр╣Вр╕Ыр╕гр╣Бр╕Бр╕гр╕бр╣Ар╕Вр╕╡р╕вр╕Щ CD/DVD р╕кр╕│р╕лр╕гр╕▒р╕Ър╣Ар╕Фр╕кр╕Бр╣Мр╕Чр╣Зр╕нр╕Ы GNOME р╕Цр╕╣р╕Бр╕нр╕нр╕Бр╣Бр╕Ър╕Ър╕бр╕▓р╣Гр╕лр╣Йр╣Ар╕гр╕╡р╕вр╕Ър╕Зр╣Ир╕▓р╕вр╣Ар╕Чр╣Ир╕▓р╕Чр╕╡р╣Ир╕Ир╕░р╣Ар╕гр╕╡р╕вр╕Ър╕Зр╣Ир╕▓р╕вр╣Др╕Фр╣Й р╣Бр╕ер╕░р╕бр╕╡р╕Др╕╕р╕Ур╕кр╕бр╕Ър╕▒р╕Хр╕┤р╣Ар╕Йр╕Юр╕▓р╕░р╕Хр╕▒р╕зр╕Ър╕▓р╕Зр╕нр╕вр╣Ир╕▓р╕Зр╣Гр╕лр╣Йр╕Ьр╕╣р╣Йр╣Гр╕Кр╣Йр╕кр╕гр╣Йр╕▓р╕Зр╣Бр╕Ьр╣Ир╕Щр╣Др╕Фр╣Йр╕Зр╣Ир╕▓р╕вр╣Бр╕ер╕░р╕гр╕зр╕Фр╣Ар╕гр╣Зр╕з</p><p>Brasero р╕кр╕▓р╕бр╕▓р╕гр╕Цр╕кр╕гр╣Йр╕▓р╕З, р╕Др╕▒р╕Фр╕ер╕нр╕Б р╣Бр╕ер╕░р╣Ар╕Вр╕╡р╕вр╕Щр╕Лр╕╡р╕Фр╕╡/р╕Фр╕╡р╕зр╕╡р╕Фр╕╡р╕Вр╣Йр╕нр╕бр╕╣р╕е р╣Бр╕ер╕░р╕Лр╕╡р╕Фр╕╡/р╕Фр╕╡р╕зр╕╡р╕Фр╕╡р╣Ар╕Юр╕ер╕Зр╣Др╕Фр╣Й р╕гр╕нр╕Зр╕гр╕▒р╕Ъ CD-TEXT, р╕бр╕▒р╕ер╕Хр╕┤р╣Ар╕Лр╕кр╕Кр╕▒р╕Щ р╣Бр╕ер╕░р╕кр╣Ир╕зр╕Щр╕Вр╕вр╕▓р╕в Joliet р╣Ар╕Хр╣Зр╕бр╕гр╕╣р╕Ыр╣Бр╕Ър╕Ъ р╕Др╕╕р╕Ур╕кр╕▓р╕бр╕▓р╕гр╕Цр╣Ар╕Юр╕╡р╕вр╕Зр╣Бр╕Др╣Ир╕ер╕▓р╕Бр╕зр╕▓р╕Зр╣Бр╕Яр╣Йр╕бр╕Ир╕▓р╕Бр╣Вр╕Ыр╕гр╣Бр╕Бр╕гр╕бр╕нр╕╖р╣Ир╕Щр╣Гр╕Щр╣Ар╕Др╕гр╕╖р╣Ир╕нр╕З р╕лр╕гр╕╖р╕нр╕Ир╕▓р╕Бр╣Др╕Фр╕гр╕зр╣Мр╕Чр╕╡р╣Ир╣Гр╕Кр╣Йр╕гр╣Ир╕зр╕бр╕Бр╕▒р╕Щр╣Гр╕Щр╣Ар╕Др╕гр╕╖р╕нр╕Вр╣Ир╕▓р╕в р╣Ар╕Юр╕╖р╣Ир╕нр╣Ар╕Вр╕╡р╕вр╕Щр╕ер╕Зр╣Бр╕Ьр╣Ир╕Щр╣Др╕Фр╣Йр╕нр╕вр╣Ир╕▓р╕Зр╕Зр╣Ир╕▓р╕вр╕Фр╕▓р╕в</p></description>
    <description xml:lang="tr"><p>Brasero, GNOME Masa├╝st├╝ i├зin bir CD/DVD yazma uygulamas─▒d─▒r. M├╝mk├╝n oldu─Яunca sade olacak ┼Яekilde tasarlanm─▒┼Яt─▒r ve kullan─▒c─▒lar─▒n disklerini kolayca ve h─▒zl─▒ bir ┼Яekilde olu┼Яturmalar─▒na olanak tan─▒yan baz─▒ ├╢zg├╝n ├╢zelliklere sahiptir.</p><p>Brasero Veri ve Ses CD/DVD'lerini olu┼Яturabilir, kopyalayabilir ve diske yazabilir. CD-TEXT, ├зoklu oturum ve joliet uzant─▒lar─▒na tam destek sunar. Di─Яer yerel uygulamalardan ya da payla┼Я─▒lan uzak s├╝r├╝c├╝lerden dosyalar─▒ s├╝r├╝kleyip b─▒rakarak, kolayca diske yazabilirsiniz.</p></description>
    <description xml:lang="uk"><p>Brasero тАФ ╨┐╤А╨╛╨│╤А╨░╨╝╨░ ╨┤╨╗╤П ╨╖╨░╨┐╨╕╤Б╤Г╨▓╨░╨╜╨╜╤П CD/DVD ╤Г ╤Б╤В╤Ц╨╗╤М╨╜╨╕╤З╨╜╨╛╨╝╤Г ╤Б╨╡╤А╨╡╨┤╨╛╨▓╨╕╤Й╤Ц GNOME. ╨Т╨╛╨╜╨░ ╤А╨╛╨╖╤А╨╛╨▒╨╗╨╡╨╜╨░, ╤Й╨╛╨▒ ╨▒╤Г╤В╨╕ ╤П╨║╨╜╨░╨╣╨┐╤А╨╛╤Б╤В╤Ц╤И╨╛╤О, ╤В╨░ ╨╝╨░╤Ф ╨║╤Ц╨╗╤М╨║╨░ ╨╛╤Б╨╛╨▒╨╗╨╕╨▓╨╛╤Б╤В╨╡╨╣ ╨┤╨╗╤П ╤Б╤В╨▓╨╛╤А╨╡╨╜╨╜╤П ╨┤╨╕╤Б╨║╤Ц╨▓ ╨┐╤А╨╛╤Б╤В╨╛ ╨╣ ╤И╨▓╨╕╨┤╨║╨╛.</p><p>Brasero ╨╝╨╛╨╢╨╡ ╤Б╤В╨▓╨╛╤А╤О╨▓╨░╤В╨╕, ╨║╨╛╨┐╤Ц╤О╨▓╨░╤В╨╕ ╤В╨░ ╨╖╨░╨┐╨╕╤Б╤Г╨▓╨░╤В╨╕ ╨╝╤Г╨╖╨╕╤З╨╜╤Ц CD/DVD ╨░╨▒╨╛ ╨╖ ╨┤╨░╨╜╨╕╨╝╨╕. ╨Я╨╛╨▓╨╜╨╡ ╨┐╤Ц╨┤╤В╤А╨╕╨╝╤Г╨▓╨░╨╜╨╜╤П CD-TEXT, ╨║╤Ц╨╗╤М╨║╨░ ╤Б╨╡╨░╨╜╤Б╤Ц╨▓ ╤Ц ╤А╨╛╨╖╤И╨╕╤А╨╡╨╜╨╜╤П Joliet. ╨Ь╨╛╨╢╨╡╤В╨╡ ╨┐╨╡╤А╨╡╤В╤П╨│╤Г╨▓╨░╤В╨╕ ╤Д╨░╨╣╨╗╨╕ ╨╖ ╤Ц╨╜╤И╨╕╤Е ╨╗╨╛╨║╨░╨╗╤М╨╜╨╕╤Е ╨┐╤А╨╛╨│╤А╨░╨╝ ╨░╨▒╨╛ ╨╖ ╨▓╤Ц╨┤╨┤╨░╨╗╨╡╨╜╨╕╤Е ╤А╨╡╤Б╤Г╤А╤Б╤Ц╨▓, ╤Й╨╛╨▒ ╨╗╨╡╨│╨║╨╛ ╨╖╨░╨┐╨╕╤Б╤Г╨▓╨░╤В╨╕ ╤Ч╤Е ╨╜╨░ ╨┤╨╕╤Б╨║.</p></description>
    <description xml:lang="vi"><p>Brasero l├а с╗йng dс╗еng ─Сс╗Г ghi ─С─йa CD/DVD tr├кn m├┤i tr╞░с╗Эng m├бy t├нnh ─Сс╗Г b├аn GNOME. N├│ ─С╞░с╗гc thiс║┐t kс║┐ theo kiс╗Гu c├аng ─С╞бn giс║гn c├аng tс╗Сt v├а c├│ mс╗Щt sс╗С t├нnh n─Гng ─Сс╗Щc ─С├бo ─Сс╗Г gi├║p cho ng╞░с╗Эi d├╣ng c├│ thс╗Г tс║бo ─С─йa nhanh ch├│ng v├а dс╗Е d├аng.</p><p>Brasero c├│ thс╗Г tс║бo, ch├йp v├а ghi ─С─йa CD/DVD dс╗п liс╗Зu hay ├вm nhс║бc. N├│ hс╗Ч trс╗г CD-TEXT, ─Сa phс║зn v├а joliet. Bс║бn c├│ thс╗Г dс╗Е d├аng k├йo thс║г c├бc tс║нp tin tс╗л c├бc с╗йng dс╗еng hay tс╗л c├бc с╗Х ─С─йa chia sс║╗ tr├кn mс║бng ─Сс╗Г dс╗Е d├аng ghi ch├║ng l├кn ─С─йa.</p></description>
    <description xml:lang="zh_CN"><p>Brasero цШпф╕Ацм╛ GNOME цбМщЭвф╕ЛчЪД CD/DVD хИ╗х╜Хх║ФчФичиЛх║ПуАВхЕ╢шо╛шобхоЧцЧицШпх░╜хПпшГ╜чоАхНХя╝Мф╗ечЛмхЕ╖чЙ╣шЙ▓чЪДцЦ╣х╝ПшойчФицИ╖ф╗ечоАхНХх┐лцН╖чЪДцЦ╣х╝ПхИЫх╗║ф╗Цф╗мчЪДхЕЙчЫШуАВ</p><p>Brasero хПпф╗ехИЫх╗║уАБхдНхИ╢хТМхИ╗х╜ХцХ░цНоф╗ехПКщЯ│щвС CD/DVDуАВхоМхЕицФпцМБ CD-TEXTуАБхдЪф╝ЪшпЭф╗ехПК Joliet цЙйх▒ХуАВцВихПкщЬАх░ЖцЦЗф╗╢ф╗ОхЕ╢ф╗Цх║ФчФичиЛх║ПцИЦш┐ЬчиЛхЕ▒ф║лщй▒хКихЩиф╕нцЛЦцЛ╜ш┐ЫцЭея╝Мх░▒хПпф╗еш╜╗цЭ╛чЪДх░ЖхоГф╗мхИ╗х╜ХцИРхЕЙчЫШуАВ</p></description>
    <description xml:lang="zh_HK"><p>Brasero цШп GNOME цбМщЭвчЗТщМД CD/DVD чЪДцЗЙчФичиЛх╝ПуАВхоГчЪДшиншиИцШпхДШхПпшГ╜ч░бхЦоя╝Мф╕жф╕ФхЕ╖цЬЙчНичЙ╣чЪДхКЯшГ╜шоУф╜┐чФишАЕшГ╜ч░бхЦошАМх┐лщАЯчЪДх╗║члЛф╗ЦхАСшЗкх╖▒чЪДхЕЙчвЯуАВ</p><p>Brasero хПпф╗ех╗║члЛуАБшдЗшг╜шИЗчЗТщМДш│ЗцЦЩхТМщЯ│циВ CD/DVDуАВхоГцФпцП┤ CD-TEXT уАБхдЪщЗНщЪОцо╡шИЗ joliet цУ┤хЕЕхКЯшГ╜уАВф╜ахПпф╗ех╛ЮхЕ╢ф╗ЦцЬмхЬ░члпцЗЙчФичиЛх╝ПцИЦщБачлпхИЖф║лчЪДчгБчвЯч░бхЦочЪДцЛЦцФ╛цкФцбИя╝Мф╕жх░ЗхоГхАСчЗТщМДхИ░хЕЙчвЯуАВ</p></description>
    <description xml:lang="zh_TW"><p>Brasero цШп GNOME цбМщЭвчЗТщМД CD/DVD чЪДцЗЙчФичиЛх╝ПуАВхоГчЪДшиншиИцШпхДШхПпшГ╜ч░бхЦоя╝Мф╕жф╕ФхЕ╖цЬЙчНичЙ╣чЪДхКЯшГ╜шоУф╜┐чФишАЕшГ╜ч░бхЦошАМх┐лщАЯчЪДх╗║члЛф╗ЦхАСшЗкх╖▒чЪДчвЯчЙЗуАВ</p><p>Brasero хПпф╗ех╗║члЛуАБшдЗшг╜шИЗчЗТщМДш│ЗцЦЩхТМщЯ│циВ CD/DVDуАВхоГцФпцП┤ CD-TEXT уАБхдЪщЗНщЪОцо╡шИЗ joliet цУ┤хЕЕхКЯшГ╜уАВцВихПпф╗ех╛ЮхЕ╢ф╗ЦцЬмхЬ░члпцЗЙчФичиЛх╝ПцИЦщБачлпхИЖф║лчЪДчгБчвЯч░бхЦочЪДцЛЦцФ╛цкФцбИя╝Мф╕жх░ЗхоГхАСчЗТщМДхИ░чвЯчЙЗуАВ</p></description>
    <icon type="cached" height="128" width="128">128x128/brasero.png</icon>
    <icon type="cached" height="64" width="64">64x64/brasero.png</icon>
    <categories>
      <category>Audio</category>
      <category>AudioVideo</category>
      <category>DiscBurning</category>
      <category>Video</category>
    </categories>
    <keywords>
      <keyword>audio</keyword>
      <keyword>burn</keyword>
      <keyword>cdrom</keyword>
      <keyword>disc</keyword>
      <keyword>dvd</keyword>
      <keyword>video</keyword>
      <keyword xml:lang="af">klank</keyword>
      <keyword xml:lang="af">oudio</keyword>
      <keyword xml:lang="af">skryf</keyword>
      <keyword xml:lang="af">skyf</keyword>
      <keyword xml:lang="ar">╪з╪│╪╖┘И╪з┘Ж╪й</keyword>
      <keyword xml:lang="ar">╪н╪▒┘В</keyword>
      <keyword xml:lang="ar">╪╡┘И╪к</keyword>
      <keyword xml:lang="ar">┘Б╪п┘К┘И</keyword>
      <keyword xml:lang="ar">┘В╪▒╪╡</keyword>
      <keyword xml:lang="ar">┘Ж╪│╪о</keyword>
      <keyword xml:lang="as">ржЕржбрж┐ржЕ'</keyword>
      <keyword xml:lang="as">ржбрж┐рж╕рзНржХ</keyword>
      <keyword xml:lang="as">ржмрж╛рз░рзНржг</keyword>
      <keyword xml:lang="as">ржнрж┐ржбрж┐ржЕ'</keyword>
      <keyword xml:lang="be">╨░╤Ю╨┤╤Л╤П</keyword>
      <keyword xml:lang="be">╨▓╤Ц╨┤╤Н╨░</keyword>
      <keyword xml:lang="be">╨│╤Г╨║</keyword>
      <keyword xml:lang="be">╨┤╤Л╤Б╨║</keyword>
      <keyword xml:lang="be">╨╖╨░╨┐╤Ц╤Б</keyword>
      <keyword xml:lang="bg">cd</keyword>
      <keyword xml:lang="bg">╨░╤Г╨┤╨╕╨╛</keyword>
      <keyword xml:lang="bg">╨▓╨╕╨┤╨╡╨╛</keyword>
      <keyword xml:lang="bg">╨┤╨╕╨▓╨╕╨┤╨╕</keyword>
      <keyword xml:lang="bg">╨┤╨╕╤Б╨║</keyword>
      <keyword xml:lang="bg">╨╝╤Г╨╖╨╕╨║╨░</keyword>
      <keyword xml:lang="bg">╤Б╨╕╨┤╨╕</keyword>
      <keyword xml:lang="bs">disk</keyword>
      <keyword xml:lang="ca">enregistra</keyword>
      <keyword xml:lang="ca">v├нdeo</keyword>
      <keyword xml:lang="ca">├аudio</keyword>
      <keyword xml:lang="ca@valencia">enregistra</keyword>
      <keyword xml:lang="ca@valencia">v├нdeo</keyword>
      <keyword xml:lang="ca@valencia">├аudio</keyword>
      <keyword xml:lang="cs">cd-rom</keyword>
      <keyword xml:lang="cs">disk</keyword>
      <keyword xml:lang="cs">p├бlit</keyword>
      <keyword xml:lang="cs">vyp├бlit</keyword>
      <keyword xml:lang="cs">zvukov├й</keyword>
      <keyword xml:lang="da">br├жnd</keyword>
      <keyword xml:lang="da">br├жnde</keyword>
      <keyword xml:lang="da">cd</keyword>
      <keyword xml:lang="da">cd-rom</keyword>
      <keyword xml:lang="da">disk</keyword>
      <keyword xml:lang="da">lyd</keyword>
      <keyword xml:lang="de">Audio</keyword>
      <keyword xml:lang="de">Brennen</keyword>
      <keyword xml:lang="de">CD-ROM</keyword>
      <keyword xml:lang="de">DVD</keyword>
      <keyword xml:lang="de">Disc</keyword>
      <keyword xml:lang="de">Medium</keyword>
      <keyword xml:lang="de">Video</keyword>
      <keyword xml:lang="el">╬о╧З╬┐╧В</keyword>
      <keyword xml:lang="el">╬▓╬п╬╜╧Д╬╡╬┐</keyword>
      <keyword xml:lang="el">╬┤╬п╧Г╬║╬┐╧В</keyword>
      <keyword xml:lang="el">╬╡╬│╬│╧Б╬▒╧Ж╬о</keyword>
      <keyword xml:lang="eo">disko</keyword>
      <keyword xml:lang="eo">registri</keyword>
      <keyword xml:lang="eo">sono</keyword>
      <keyword xml:lang="es">disco</keyword>
      <keyword xml:lang="es">grabar</keyword>
      <keyword xml:lang="es">sonido</keyword>
      <keyword xml:lang="es">v├нdeo</keyword>
      <keyword xml:lang="et">disk</keyword>
      <keyword xml:lang="et">heliplaat</keyword>
      <keyword xml:lang="et">kirjutamine</keyword>
      <keyword xml:lang="et">k├╡rvetamine</keyword>
      <keyword xml:lang="et">plaat</keyword>
      <keyword xml:lang="et">videoplaat</keyword>
      <keyword xml:lang="fa">╪п█М╪│┌й</keyword>
      <keyword xml:lang="fa">╪п█МтАМ┘И█МтАМ╪п█М</keyword>
      <keyword xml:lang="fa">╪│█МтАМ╪п█М ╪▒╪з┘Е</keyword>
      <keyword xml:lang="fa">╪╡┘И╪к</keyword>
      <keyword xml:lang="fa">┘Ж┘И╪┤╪к┘Ж</keyword>
      <keyword xml:lang="fa">┘И█М╪п█М┘И</keyword>
      <keyword xml:lang="fi">cd</keyword>
      <keyword xml:lang="fi">kirjoita</keyword>
      <keyword xml:lang="fi">levy</keyword>
      <keyword xml:lang="fi">polta</keyword>
      <keyword xml:lang="fi">├д├дni</keyword>
      <keyword xml:lang="fr">disque</keyword>
      <keyword xml:lang="fr">graver</keyword>
      <keyword xml:lang="fur">incidi</keyword>
      <keyword xml:lang="fur">masteriz├в</keyword>
      <keyword xml:lang="fur">musiche</keyword>
      <keyword xml:lang="ga">diosca</keyword>
      <keyword xml:lang="ga">d├│igh</keyword>
      <keyword xml:lang="ga">fuaim</keyword>
      <keyword xml:lang="ga">f├нs</keyword>
      <keyword xml:lang="gd">cl├аr</keyword>
      <keyword xml:lang="gd">diosga</keyword>
      <keyword xml:lang="gd">fuaim</keyword>
      <keyword xml:lang="gd">loisg</keyword>
      <keyword xml:lang="gd">losgadh</keyword>
      <keyword xml:lang="gl">disco</keyword>
      <keyword xml:lang="gl">gravar</keyword>
      <keyword xml:lang="gl">son</keyword>
      <keyword xml:lang="gl">v├нdeo</keyword>
      <keyword xml:lang="gu">ркУркбрк┐ркпрлЛ</keyword>
      <keyword xml:lang="gu">ркбрк┐рк╕рлНркХ</keyword>
      <keyword xml:lang="gu">рк▓ркЦрлЛ</keyword>
      <keyword xml:lang="gu">рк╡рк┐ркбрк┐ркпрлЛ</keyword>
      <keyword xml:lang="he">CD</keyword>
      <keyword xml:lang="he">DVD</keyword>
      <keyword xml:lang="he">╫Р╫Х╫У╫Щ╫Х</keyword>
      <keyword xml:lang="he">╫У╫Щ╫б╫з</keyword>
      <keyword xml:lang="he">╫Х╫Щ╫У╫Р╫Х</keyword>
      <keyword xml:lang="he">╫ж╫и╫Щ╫С╫Ф</keyword>
      <keyword xml:lang="he">╫й╫Ю╫в</keyword>
      <keyword xml:lang="he">╫к╫з╫Ь╫Щ╫Ш╫Х╫и</keyword>
      <keyword xml:lang="hr">disk</keyword>
      <keyword xml:lang="hr">snimi</keyword>
      <keyword xml:lang="hr">snimka</keyword>
      <keyword xml:lang="hr">zvuk</keyword>
      <keyword xml:lang="hu">hang</keyword>
      <keyword xml:lang="hu">lemez</keyword>
      <keyword xml:lang="hu">vide├│</keyword>
      <keyword xml:lang="hu">├нr├бs</keyword>
      <keyword xml:lang="id">bakar</keyword>
      <keyword xml:lang="id">cakram</keyword>
      <keyword xml:lang="is">brennsla</keyword>
      <keyword xml:lang="is">diskur</keyword>
      <keyword xml:lang="is">hlj├│├░</keyword>
      <keyword xml:lang="is">mynd</keyword>
      <keyword xml:lang="is">myndmerki</keyword>
      <keyword xml:lang="is">myndskei├░</keyword>
      <keyword xml:lang="is">skrifa</keyword>
      <keyword xml:lang="it">masterizzare</keyword>
      <keyword xml:lang="it">masterizzatore</keyword>
      <keyword xml:lang="ja">iso</keyword>
      <keyword xml:lang="ja">movie</keyword>
      <keyword xml:lang="ja">уВдуГбуГ╝уВ╕</keyword>
      <keyword xml:lang="ja">уВкуГ╝уГЗуВгуВк</keyword>
      <keyword xml:lang="ja">уГЗуВгуВ╣уВп</keyword>
      <keyword xml:lang="ja">уГУуГЗуВк</keyword>
      <keyword xml:lang="ja">уГауГ╝уГУуГ╝</keyword>
      <keyword xml:lang="ja">хЛХчФ╗</keyword>
      <keyword xml:lang="ja">цШахГП</keyword>
      <keyword xml:lang="ja">це╜цЫ▓</keyword>
      <keyword xml:lang="ja">щЯ│хг░</keyword>
      <keyword xml:lang="ja">щЯ│це╜</keyword>
      <keyword xml:lang="kk">╨░╤Г╨┤╨╕╨╛</keyword>
      <keyword xml:lang="kk">╨▓╨╕╨┤╨╡╨╛</keyword>
      <keyword xml:lang="kk">╨┤╨╕╤Б╨║</keyword>
      <keyword xml:lang="kk">╨╢╨░╨╖╤Г</keyword>
      <keyword xml:lang="kn">р▓Жр▓бр▓┐р▓пр│К</keyword>
      <keyword xml:lang="kn">р▓бр▓┐р▓╕р│Нр▓Хр│Н</keyword>
      <keyword xml:lang="kn">р▓мр▓░р│Ж</keyword>
      <keyword xml:lang="kn">р▓╡р│Ар▓бр▓┐р▓пр│К</keyword>
      <keyword xml:lang="ko">ъ╡╜ъ╕░</keyword>
      <keyword xml:lang="ko">ыФФьКдэБм</keyword>
      <keyword xml:lang="ko">ы╣ДыФФьШд</keyword>
      <keyword xml:lang="ko">ьФиыФФ</keyword>
      <keyword xml:lang="ko">ьШБьГБ</keyword>
      <keyword xml:lang="ko">ьШБэЩФ</keyword>
      <keyword xml:lang="ko">ьШдыФФьШд</keyword>
      <keyword xml:lang="ko">ьЭМьХЕ</keyword>
      <keyword xml:lang="lt">diskas</keyword>
      <keyword xml:lang="lt">graso</keyword>
      <keyword xml:lang="lt">vaizdo</keyword>
      <keyword xml:lang="lt">─пra┼бyti</keyword>
      <keyword xml:lang="lv">disks</keyword>
      <keyword xml:lang="lv">iededzin─Бt</keyword>
      <keyword xml:lang="lv">ierakst─лt</keyword>
      <keyword xml:lang="ml">р┤Ър┤▓р┤Ър╡Нр┤Ър┤┐р┤др╡Нр┤░р┤В</keyword>
      <keyword xml:lang="ml">р┤бр┤┐р┤╕р╡Нр┤Хр╡Н</keyword>
      <keyword xml:lang="ml">р┤бр╡Ар┤╡р╡Ар┤бр┤┐</keyword>
      <keyword xml:lang="ml">р┤кр┤Хр╡╝р┤др╡Нр┤др╡Бр┤Х</keyword>
      <keyword xml:lang="ml">р┤╢р┤мр╡Нр┤жр┤В</keyword>
      <keyword xml:lang="ml">р┤╕р╡Ар┤бр┤┐р┤▒р╡Лр┤В</keyword>
      <keyword xml:lang="mr">рдСрдбрд┐рдУ</keyword>
      <keyword xml:lang="mr">рдбрд┐рд╡реНрд╣рд┐рдбрд┐</keyword>
      <keyword xml:lang="mr">рдбрд┐рд╕реНрдХ</keyword>
      <keyword xml:lang="mr">рдмрд░реНрдг</keyword>
      <keyword xml:lang="mr">рд╡реНрд╣рд┐рдбрд┐рдУ</keyword>
      <keyword xml:lang="mr">рд╕рд┐рдбрд┐рд░реЙрдо</keyword>
      <keyword xml:lang="nb">brenn</keyword>
      <keyword xml:lang="nb">lyd</keyword>
      <keyword xml:lang="nl">branden</keyword>
      <keyword xml:lang="nl">schijf</keyword>
      <keyword xml:lang="oc">gravar</keyword>
      <keyword xml:lang="oc">vid├иo</keyword>
      <keyword xml:lang="oc">├аudio</keyword>
      <keyword xml:lang="pa">риЖрибрйАриУ</keyword>
      <keyword xml:lang="pa">рибри┐ри╕риХ</keyword>
      <keyword xml:lang="pa">рибрйАри╡рйАрибрйА</keyword>
      <keyword xml:lang="pa">римри░рии</keyword>
      <keyword xml:lang="pa">ри▓ри┐риЦрйЛ</keyword>
      <keyword xml:lang="pa">ри╡ри┐рибрйАриУ</keyword>
      <keyword xml:lang="pa">ри╕рйАрибрйА</keyword>
      <keyword xml:lang="pl">blu-ray</keyword>
      <keyword xml:lang="pl">blue-ray</keyword>
      <keyword xml:lang="pl">blueray</keyword>
      <keyword xml:lang="pl">bluray</keyword>
      <keyword xml:lang="pl">blurej</keyword>
      <keyword xml:lang="pl">cd</keyword>
      <keyword xml:lang="pl">cd-rom</keyword>
      <keyword xml:lang="pl">cd-rw</keyword>
      <keyword xml:lang="pl">cdrw</keyword>
      <keyword xml:lang="pl">dual layer</keyword>
      <keyword xml:lang="pl">dual-layer</keyword>
      <keyword xml:lang="pl">duallayer</keyword>
      <keyword xml:lang="pl">dvd+r</keyword>
      <keyword xml:lang="pl">dvd+rw</keyword>
      <keyword xml:lang="pl">dvd-r</keyword>
      <keyword xml:lang="pl">dvd-ram</keyword>
      <keyword xml:lang="pl">dvd-rom</keyword>
      <keyword xml:lang="pl">dvd-rw</keyword>
      <keyword xml:lang="pl">dvdr</keyword>
      <keyword xml:lang="pl">dvdram</keyword>
      <keyword xml:lang="pl">dvdrom</keyword>
      <keyword xml:lang="pl">dvdrw</keyword>
      <keyword xml:lang="pl">dwu warstwowa</keyword>
      <keyword xml:lang="pl">dwuwarstwowa</keyword>
      <keyword xml:lang="pl">d┼║wi─Щk</keyword>
      <keyword xml:lang="pl">nagraj</keyword>
      <keyword xml:lang="pl">nagrywanie</keyword>
      <keyword xml:lang="pl">obraz</keyword>
      <keyword xml:lang="pl">p┼Вyta</keyword>
      <keyword xml:lang="pl">p┼Вyty</keyword>
      <keyword xml:lang="pl">wideo</keyword>
      <keyword xml:lang="pl">wypal</keyword>
      <keyword xml:lang="pl">wypalanie</keyword>
      <keyword xml:lang="pt">disco</keyword>
      <keyword xml:lang="pt">gravar</keyword>
      <keyword xml:lang="pt">v├нdeo</keyword>
      <keyword xml:lang="pt">├бudio</keyword>
      <keyword xml:lang="pt_BR">cd-rom</keyword>
      <keyword xml:lang="pt_BR">disco</keyword>
      <keyword xml:lang="pt_BR">gravar</keyword>
      <keyword xml:lang="pt_BR">grava├з├гo</keyword>
      <keyword xml:lang="pt_BR">v├нdeo</keyword>
      <keyword xml:lang="pt_BR">├бudio</keyword>
      <keyword xml:lang="ro">cd</keyword>
      <keyword xml:lang="ro">inscrip╚Ыionare</keyword>
      <keyword xml:lang="ro">scriere</keyword>
      <keyword xml:lang="ru">╨░╤Г╨┤╨╕╨╛</keyword>
      <keyword xml:lang="ru">╨▓╨╕╨┤╨╡╨╛</keyword>
      <keyword xml:lang="ru">╨┤╨╕╤Б╨║</keyword>
      <keyword xml:lang="ru">╨╖╨░╨┐╨╕╤Б╤М</keyword>
      <keyword xml:lang="sk">disk</keyword>
      <keyword xml:lang="sk">napa─╛ovanie</keyword>
      <keyword xml:lang="sk">nap├бli┼е</keyword>
      <keyword xml:lang="sl">avdio</keyword>
      <keyword xml:lang="sl">blueray</keyword>
      <keyword xml:lang="sl">disk</keyword>
      <keyword xml:lang="sl">nosilec</keyword>
      <keyword xml:lang="sl">odtisi</keyword>
      <keyword xml:lang="sl">posnetki</keyword>
      <keyword xml:lang="sl">zvok</keyword>
      <keyword xml:lang="sr">╨░╤Г╨┤╨╕╨╛</keyword>
      <keyword xml:lang="sr">╨▓╨╕╨┤╨╡╨╛</keyword>
      <keyword xml:lang="sr">╨┤╨▓╨┤</keyword>
      <keyword xml:lang="sr">╨┤╨╕╤Б╨║</keyword>
      <keyword xml:lang="sr">╨╖╨▓╤Г╨║</keyword>
      <keyword xml:lang="sr">╨╜╨░╤А╨╡╨╢╨╕</keyword>
      <keyword xml:lang="sr">╤Б╨╜╨╕╨╝╨░╨║</keyword>
      <keyword xml:lang="sr">╤Ж╨┤-╤А╨╛╨╝</keyword>
      <keyword xml:lang="sr@latin">cd-rom</keyword>
      <keyword xml:lang="sr@latin">disk</keyword>
      <keyword xml:lang="sr@latin">nare┼╛i</keyword>
      <keyword xml:lang="sr@latin">snimak</keyword>
      <keyword xml:lang="sr@latin">zvuk</keyword>
      <keyword xml:lang="sv">br├дnn</keyword>
      <keyword xml:lang="sv">ljud</keyword>
      <keyword xml:lang="sv">skiva</keyword>
      <keyword xml:lang="ta">роОро┤рпБродрпБ</keyword>
      <keyword xml:lang="ta">роТро▓ро┐</keyword>
      <keyword xml:lang="ta">роЪро┐роЯро┐ро░рпЛроорпН</keyword>
      <keyword xml:lang="ta">роЯро┐ро╡ро┐роЯро┐</keyword>
      <keyword xml:lang="ta">ро╡роЯрпНроЯрпБ</keyword>
      <keyword xml:lang="ta">ро╡ро┐роЯро┐ропрпЛ</keyword>
      <keyword xml:lang="tg">╨░╤Г╨┤╨╕╨╛</keyword>
      <keyword xml:lang="tg">╨▓╨╕╨┤╨╡╨╛</keyword>
      <keyword xml:lang="tg">╨┤╨╕╤Б╨║</keyword>
      <keyword xml:lang="tg">╤Б╨░╨▒╤В╨║╤Г╨╜╙г</keyword>
      <keyword xml:lang="th">р╕Лр╕╡р╕Фр╕╡р╕гр╕нр╕б</keyword>
      <keyword xml:lang="th">р╕Фр╕╡р╕зр╕╡р╕Фр╕╡</keyword>
      <keyword xml:lang="th">р╕зр╕╡р╕Фр╕┤р╕Чр╕▒р╕ир╕Щр╣М</keyword>
      <keyword xml:lang="th">р╣Ар╕Вр╕╡р╕вр╕Щ</keyword>
      <keyword xml:lang="th">р╣Ар╕Юр╕ер╕З</keyword>
      <keyword xml:lang="th">р╣Бр╕Ьр╣Ир╕Щ</keyword>
      <keyword xml:lang="tr">disk</keyword>
      <keyword xml:lang="tr">g├╢r├╝nt├╝</keyword>
      <keyword xml:lang="tr">ses</keyword>
      <keyword xml:lang="tr">yazma</keyword>
      <keyword xml:lang="ug">╪ж┘И┘К█З╪┤</keyword>
      <keyword xml:lang="ug">╪ж█И┘Ж</keyword>
      <keyword xml:lang="ug">╪п┘Й╪│┘Г╪з</keyword>
      <keyword xml:lang="ug">╪│┘Й┘Ж</keyword>
      <keyword xml:lang="ug">┘К█Р╪▓┘Й╪┤</keyword>
      <keyword xml:lang="uk">╨░╤Г╨┤╤Ц╨╛</keyword>
      <keyword xml:lang="uk">╨▓╤Ц╨┤╨╡╨╛</keyword>
      <keyword xml:lang="uk">╨┤╨╕╤Б╨║</keyword>
      <keyword xml:lang="uk">╨╖╨░╨┐╨╕╤Б</keyword>
      <keyword xml:lang="vi">cd</keyword>
      <keyword xml:lang="vi">dia</keyword>
      <keyword xml:lang="vi">ghi</keyword>
      <keyword xml:lang="vi">nhac</keyword>
      <keyword xml:lang="vi">nhс║бc</keyword>
      <keyword xml:lang="vi">phim</keyword>
      <keyword xml:lang="vi">─С─йa</keyword>
      <keyword xml:lang="zh_CN">хЕЙчЫШ</keyword>
      <keyword xml:lang="zh_CN">шзЖщвС</keyword>
      <keyword xml:lang="zh_CN">щЯ│щвС</keyword>
      <keyword xml:lang="zh_HK">хЕЙчвЯ</keyword>
      <keyword xml:lang="zh_HK">х╜▒чЙЗ</keyword>
      <keyword xml:lang="zh_HK">чЗТщМД</keyword>
      <keyword xml:lang="zh_HK">щЯ│циВ</keyword>
      <keyword xml:lang="zh_TW">х╜▒чЙЗ</keyword>
      <keyword xml:lang="zh_TW">чЗТщМД</keyword>
      <keyword xml:lang="zh_TW">чвЯчЙЗ</keyword>
      <keyword xml:lang="zh_TW">щЯ│циВ</keyword>
    </keywords>
    <kudos>
      <kudo>HiDpiIcon</kudo>
      <kudo>Notifications</kudo>
      <kudo>UserDocs</kudo>
    </kudos>
    <mimetypes>
      <mimetype>application/x-brasero</mimetype>
      <mimetype>application/x-cd-image</mimetype>
      <mimetype>application/x-cdrdao-toc</mimetype>
      <mimetype>application/x-cue</mimetype>
      <mimetype>application/x-toc</mimetype>
      <mimetype>audio/x-mp3-playlist</mimetype>
      <mimetype>audio/x-mpegurl</mimetype>
      <mimetype>audio/x-ms-asx</mimetype>
      <mimetype>audio/x-scpls</mimetype>
      <mimetype>x-content/audio-cdda</mimetype>
      <mimetype>x-content/image-picturecd</mimetype>
      <mimetype>x-content/video-dvd</mimetype>
      <mimetype>x-content/video-svcd</mimetype>
      <mimetype>x-content/video-vcd</mimetype>
    </mimetypes>
    <project_license>(null)</project_license>
    <url type="homepage">https://projects.gnome.org/brasero/</url>
    <project_group>GNOME</project_group>
    <screenshots>
      <screenshot type="default">
        <image type="source">https://wiki.gnome.org/Apps/Brasero?action=AttachFile&amp;do=get&amp;target=copy-disc.png</image>
      </screenshot>
      <screenshot>
        <image type="source">https://wiki.gnome.org/Apps/Brasero?action=AttachFile&amp;do=get&amp;target=audio-disc.png</image>
      </screenshot>
      <screenshot>
        <image type="source">https://wiki.gnome.org/Apps/Brasero?action=AttachFile&amp;do=get&amp;target=data-project.png</image>
      </screenshot>
    </screenshots>
    <launchable type="desktop-id">brasero.desktop</launchable>
  </component>
</components>

