DEBUG:   Getting filename match for midori-9.0-1.x86_64.rpm
DEBUG:   Exploding tree for midori
DEBUG:   Processing midori-9.0-1.x86_64.rpm with appdata
DEBUG:   Running asb_plugin_process() from appdata
INFO:    Upstream contact <christian@twotoasts.de>
WARNING: Unable to currently map Fedora license 'null' to SPDX
DEBUG:   Running asb_plugin_process_app() from desktop
DEBUG:   Running asb_plugin_process_app() from font
DEBUG:   Running asb_plugin_process_app() from gettext
DEBUG:   Running asb_plugin_process_app() from hardcoded
DEBUG:   Running asb_plugin_process_app() from icon
DEBUG:   Saved icon ./tmp/icons/64x64/org.midori_browser.Midori.png
DEBUG:   Saved icon ./tmp/icons/128x128/org.midori_browser.Midori.png
<components version="1.0">
  <component type="desktop">
    <id>org.midori_browser.Midori</id>
    <pkgname>midori</pkgname>
    <translation type="gettext">midori</translation>
    <name>Midori Web Browser</name>
    <name xml:lang="af">Midori Web Blaaier</name>
    <name xml:lang="ar">ميدورى مُتصفح الويب</name>
    <name xml:lang="ast">Midori</name>
    <name xml:lang="be">Вэб-браўзер Midori</name>
    <name xml:lang="bg">Уеб браузър Midori</name>
    <name xml:lang="bn">মিডোরি ওয়েব ব্রাউজার</name>
    <name xml:lang="bs">Midori internet pregledač</name>
    <name xml:lang="ca">Navegador web Midori</name>
    <name xml:lang="ckb">وێبگه‌ڕی میدۆری</name>
    <name xml:lang="cs">Internetový prohlížeč Midori</name>
    <name xml:lang="cy">Midori Porwr Gwe</name>
    <name xml:lang="da">Midori-webbrowser</name>
    <name xml:lang="de">Midori Webbrowser</name>
    <name xml:lang="el">Περιηγητής Ιστού Midori</name>
    <name xml:lang="eo">Retumilo Midori</name>
    <name xml:lang="es">Navegador web Midori</name>
    <name xml:lang="et">Midori veebibrauser</name>
    <name xml:lang="eu">Web-arakatzaile mugikorra</name>
    <name xml:lang="fa">مرورگر وب میدوری</name>
    <name xml:lang="fi">Midori-verkkoselain</name>
    <name xml:lang="fr">Navigateur Web Midori</name>
    <name xml:lang="gd">Brabhsair-lìn Midori</name>
    <name xml:lang="gl">Navegador web Midori</name>
    <name xml:lang="he">דפדפן האינטרנט  Midori</name>
    <name xml:lang="hi">मिडोरी वेब ब्राउज़र</name>
    <name xml:lang="hr">Midori web preglednik</name>
    <name xml:lang="hu">Midori webböngésző</name>
    <name xml:lang="ia">Le Navigator Web Midori</name>
    <name xml:lang="id">Peramban Web Midori</name>
    <name xml:lang="it">Browser web Midori</name>
    <name xml:lang="ja">Midori ウェブブラウザー</name>
    <name xml:lang="kk">Midori веб браузері</name>
    <name xml:lang="km">កម្មវិធី​អ៊ីនធឺណិត Midori</name>
    <name xml:lang="ko">미도리 웹 브라우저</name>
    <name xml:lang="ku">Midori Web Gerok</name>
    <name xml:lang="ky">Midori интернет-серепчиси</name>
    <name xml:lang="lt">Interneto naršyklė Midori</name>
    <name xml:lang="lv">Midori tīmekļa pārlūks</name>
    <name xml:lang="ml">മിഡോരി വെബ് ബ്രൗസര്‍</name>
    <name xml:lang="ms">Pelayar Web Midori</name>
    <name xml:lang="nap">Navigatore web Midori</name>
    <name xml:lang="nb">Midori Nettleser</name>
    <name xml:lang="nl">Midori webbrowser</name>
    <name xml:lang="nn">Midori Nettlesar</name>
    <name xml:lang="no">Midori</name>
    <name xml:lang="pa">ਮੀਡੋਰੀ</name>
    <name xml:lang="pl">Przeglądarka internetowa Midori</name>
    <name xml:lang="pt">Navegador web Midori</name>
    <name xml:lang="pt_BR">Navegador Web Midori</name>
    <name xml:lang="ro">Navigatorul web Midori</name>
    <name xml:lang="ru">Веб-браузер Midori</name>
    <name xml:lang="sk">Midori internetový prehliadač</name>
    <name xml:lang="sl">Brskalnik Midori</name>
    <name xml:lang="sq">Midori - Shfletuesi i Internetit</name>
    <name xml:lang="sr">Прегледник мреже Мидори</name>
    <name xml:lang="sr@latin">Midori</name>
    <name xml:lang="sv">Webbläsaren Midori</name>
    <name xml:lang="ta">மிடோரி இணைய உலாவி</name>
    <name xml:lang="te">మిడొరి వెబ్ విహారిణి</name>
    <name xml:lang="th">เว็บเบราว์เซอร์มิโดะริ</name>
    <name xml:lang="tr">Midori İnternet Tarayıcısı</name>
    <name xml:lang="ug">مىدورى(Midori) توركۆرگۈ</name>
    <name xml:lang="uk">Midori - переглядач Веб-сторінок</name>
    <name xml:lang="ur">میڈوری ویب براؤزر</name>
    <name xml:lang="vi">Trình duyệt web Midori</name>
    <name xml:lang="zh_CN">Midori 网络浏览器</name>
    <name xml:lang="zh_TW">Midori 網頁瀏覽器</name>
    <summary>A fast and lightweight web browser</summary>
    <summary xml:lang="af">Besoek die Web</summary>
    <summary xml:lang="ar">تصفح الويب</summary>
    <summary xml:lang="az">İnternetdə gəz</summary>
    <summary xml:lang="be">Аглядаць Сеціва</summary>
    <summary xml:lang="bg">Търсене в Интернет</summary>
    <summary xml:lang="bn">ওয়েব ব্রাউজ করুন</summary>
    <summary xml:lang="bs">Pretražuj Internet</summary>
    <summary xml:lang="ca">Navegueu pel web</summary>
    <summary xml:lang="ckb">وێبگەران</summary>
    <summary xml:lang="cs">Prohlížet internet</summary>
    <summary xml:lang="cy">Porwch yr We</summary>
    <summary xml:lang="da">Gennemse internettet</summary>
    <summary xml:lang="de">Im Internet surfen</summary>
    <summary xml:lang="el">Περιήγηση στον Ιστό</summary>
    <summary xml:lang="en_AU">Browse the Web</summary>
    <summary xml:lang="en_CA">Browse the Web</summary>
    <summary xml:lang="en_GB">Browse the Web</summary>
    <summary xml:lang="eo">Retumi</summary>
    <summary xml:lang="es">Navegue por la web</summary>
    <summary xml:lang="et">Veebi lehitsemine stiilselt</summary>
    <summary xml:lang="eu">Arakatu sarea</summary>
    <summary xml:lang="fa">مرور وب</summary>
    <summary xml:lang="fi">Selaa verkkoa</summary>
    <summary xml:lang="fr">Naviguer sur le web</summary>
    <summary xml:lang="gd">Brabhsaich an lìon</summary>
    <summary xml:lang="gl">Navegar pola Rede</summary>
    <summary xml:lang="he">גלישה באינטרנט</summary>
    <summary xml:lang="hi">इन्टरनेट ब्राऊस करें</summary>
    <summary xml:lang="hr">Pretraži web</summary>
    <summary xml:lang="hu">A világháló böngészése</summary>
    <summary xml:lang="ia">Naviga le Web</summary>
    <summary xml:lang="id">Ramban Web</summary>
    <summary xml:lang="it">Naviga nel web</summary>
    <summary xml:lang="ja">ウェブを閲覧します</summary>
    <summary xml:lang="kk">Интернетті шолу</summary>
    <summary xml:lang="km">រុករក​បណ្ដាញ</summary>
    <summary xml:lang="ko">웹 찾아보기</summary>
    <summary xml:lang="ku">Li Webê çav bike</summary>
    <summary xml:lang="ky">Интернеттен иштөө</summary>
    <summary xml:lang="lb">Am Internet surfen</summary>
    <summary xml:lang="lt">Naršyti internete</summary>
    <summary xml:lang="lv">Pārlūkot tīmekli</summary>
    <summary xml:lang="ml">വെബില്‍  തിരയുക</summary>
    <summary xml:lang="ms">Layari Web</summary>
    <summary xml:lang="nap">Naviga dint' 'o web</summary>
    <summary xml:lang="nb">Bruk internett</summary>
    <summary xml:lang="nl">Surfen op het web</summary>
    <summary xml:lang="nn">Surf på nettet</summary>
    <summary xml:lang="pl">Wyświetla zawartość stron umieszczonych w sieci internetowej</summary>
    <summary xml:lang="pt">Navegar na web</summary>
    <summary xml:lang="pt_BR">Navegue na web</summary>
    <summary xml:lang="ro">Navigați pe Internet</summary>
    <summary xml:lang="ru">Работа в Интернете</summary>
    <summary xml:lang="sk">Prehliadať internet</summary>
    <summary xml:lang="sl">Brskajte po spletu</summary>
    <summary xml:lang="sq">Shfleto Internetin</summary>
    <summary xml:lang="sr">Прегледа мрежу</summary>
    <summary xml:lang="sr@latin">Pretražiti internet</summary>
    <summary xml:lang="sv">Surfa på nätet</summary>
    <summary xml:lang="ta">இணையத்தில் உலாவுக</summary>
    <summary xml:lang="te">వెబ్ లో విహరించు</summary>
    <summary xml:lang="th">ท่องดูเว็บ</summary>
    <summary xml:lang="tl">Buksan ang Web</summary>
    <summary xml:lang="tr">İnternette Gezin</summary>
    <summary xml:lang="ug">تور كۆرۈش</summary>
    <summary xml:lang="uk">Серфінг в Інтернеті</summary>
    <summary xml:lang="ur">ویب کو براؤز کریں</summary>
    <summary xml:lang="vi">Duyệt web</summary>
    <summary xml:lang="zh_CN">浏览网络</summary>
    <summary xml:lang="zh_TW">瀏覽網頁</summary>
    <developer_name>Christian Dywan</developer_name>
    <description><p>Midori is a lightweight yet powerful web browser which runs just as well on little embedded computers named for delicious pastries as it does on beefy machines with a core temperature exceeding that of planet earth. And it looks good doing that, too. Oh, and of course it's free software.</p><p>(null)</p><ul><li>Adblock filter list support.</li><li>Private browsing.</li><li>Manage cookies and scripts.</li></ul><p>(null)</p><ul><li>Open a 1000 tabs instantly.</li><li>Easy web apps creation.</li><li>Customizable side panels.</li><li>User scripts and styles a la Greasemonkey.</li><li>Web developer tools powered by WebKit.</li></ul></description>
    <icon type="cached" height="128" width="128">128x128/org.midori_browser.Midori.png</icon>
    <icon type="cached" height="64" width="64">64x64/org.midori_browser.Midori.png</icon>
    <categories>
      <category>Network</category>
      <category>WebBrowser</category>
    </categories>
    <kudos>
      <kudo>AppMenu</kudo>
      <kudo>HiDpiIcon</kudo>
      <kudo>HiDpiIcon</kudo>
      <kudo>ModernToolkit</kudo>
      <kudo>Notifications</kudo>
      <kudo>UserDocs</kudo>
    </kudos>
    <mimetypes>
      <mimetype>application/xhtml+xml</mimetype>
      <mimetype>image/svg+xml</mimetype>
      <mimetype>text/html</mimetype>
      <mimetype>x-scheme-handler/geo</mimetype>
      <mimetype>x-scheme-handler/http</mimetype>
      <mimetype>x-scheme-handler/https</mimetype>
    </mimetypes>
    <project_license>LGPL-2.1-or-later</project_license>
    <url type="bugtracker">https://github.com/midori-browser/core/issues</url>
    <url type="donation">https://www.midori-browser.org/donate</url>
    <url type="faq">https://www.midori-browser.org/faq</url>
    <url type="homepage">https://www.midori-browser.org/</url>
    <screenshots>
      <screenshot type="default">
        <image type="source">https://www.midori-browser.org/images/screenshots/rdio.png</image>
      </screenshot>
    </screenshots>
    <content_rating type="oars-1.1"/>
    <releases>
      <release timestamp="1440892800" version="0.5.11"/>
    </releases>
    <launchable type="desktop-id">org.midori_browser.Midori.desktop</launchable>
  </component>
</components>

