DEBUG:   Getting filename match for tali-3.36.1-1.x86_64.rpm
DEBUG:   Exploding tree for tali
DEBUG:   Processing tali-3.36.1-1.x86_64.rpm with appdata
DEBUG:   Running asb_plugin_process() from appdata
INFO:    Upstream contact <mariowenzel@gnome.org>
WARNING: Unable to currently map Fedora license 'null' to SPDX
DEBUG:   Running asb_plugin_process_app() from desktop
DEBUG:   Running asb_plugin_process_app() from font
DEBUG:   Running asb_plugin_process_app() from gettext
DEBUG:   Running asb_plugin_process_app() from hardcoded
DEBUG:   Auto-adding kudo UserDocs for org.gnome.Tali
DEBUG:   Running asb_plugin_process_app() from icon
DEBUG:   Saved icon ./tmp/icons/64x64/org.gnome.Tali.png
DEBUG:   Saved icon ./tmp/icons/128x128/org.gnome.Tali.png
<components version="1.0">
  <component type="desktop">
    <id>org.gnome.Tali</id>
    <pkgname>tali</pkgname>
    <translation type="gettext">tali</translation>
    <name>Tali</name>
    <summary>Roll dice and score points</summary>
    <developer_name>The GNOME Project</developer_name>
    <description><p>A variation on poker with dice and less money, this game is a family classic. Throw the dice three times in a row, holding back the ones you like, in order to make the best possible hand. You can also play a lesser-known variant with colored dice.</p><p>Play between one and five opponents at three difficulty levels.</p></description>
    <icon type="cached" height="128" width="128">128x128/org.gnome.Tali.png</icon>
    <icon type="cached" height="64" width="64">64x64/org.gnome.Tali.png</icon>
    <categories>
      <category>CardGame</category>
      <category>Game</category>
    </categories>
    <keywords>
      <keyword>yahtzee</keyword>
    </keywords>
    <kudos>
      <kudo>HiDpiIcon</kudo>
      <kudo>HiDpiIcon</kudo>
      <kudo>HighContrast</kudo>
      <kudo>ModernToolkit</kudo>
      <kudo>UserDocs</kudo>
      <kudo>UserDocs</kudo>
    </kudos>
    <project_license>GPL-2.0+</project_license>
    <url type="bugtracker">https://gitlab.gnome.org/GNOME/tali/issues</url>
    <url type="donation">https://www.gnome.org/friends/</url>
    <url type="help">https://help.gnome.org/users/tali/stable/</url>
    <url type="homepage">https://wiki.gnome.org/Apps/Tali</url>
    <url type="translate">https://wiki.gnome.org/TranslationProject</url>
    <project_group>GNOME</project_group>
    <screenshots>
      <screenshot type="default">
        <image type="source">https://people.gnome.org/~mcatanzaro/tali.png</image>
      </screenshot>
    </screenshots>
    <content_rating type="oars-1.1"/>
    <releases>
      <release type="stable" timestamp="1585353600" version="3.36.1">
        <description><p>This is a stable release, with the following improvements since 3.36.0:</p><ul><li>Translation updates</li></ul></description>
      </release>
      <release type="stable" timestamp="1583539200" version="3.36.0">
        <description><p>This is a stable release, with the following notable improvements since 3.32:</p><ul><li>Fix Ctrl+Q keyboard shortcut for Quit</li><li>Help updates</li><li>Translation updates</li></ul></description>
      </release>
      <release type="development" timestamp="1581724800" version="3.35.91">
        <description><p>This is an unstable release in the 3.35 development series, with the following improvements:</p><ul><li>Translation updates</li></ul></description>
      </release>
      <release type="development" timestamp="1580515200" version="3.35.90">
        <description><p>This is an unstable release in the 3.35 development series, with the following improvements:</p><ul><li>Help updates</li><li>Translation updates</li></ul></description>
      </release>
      <release type="development" timestamp="1578096000" version="3.35.3">
        <description><p>This is an unstable release in the 3.35 development series, with the following improvements:</p><ul><li>Fix Ctrl+Q keyboard shortcut for Quit</li><li>Help updates</li><li>Translation updates</li></ul></description>
      </release>
      <release timestamp="1565222400" version="3.32.1"/>
    </releases>
    <provides>
      <id>tali.desktop</id>
    </provides>
    <launchable type="desktop-id">org.gnome.Tali.desktop</launchable>
  </component>
</components>

