DEBUG:   Getting filename match for thunar-1.8.15-1.x86_64.rpm
DEBUG:   Exploding tree for thunar
DEBUG:   Processing thunar-1.8.15-1.x86_64.rpm with appdata
DEBUG:   Running asb_plugin_process() from appdata
INFO:    Upstream contact <xfce4-dev@xfce.org>
WARNING: Unable to currently map Fedora license 'null' to SPDX
DEBUG:   Running asb_plugin_process_app() from desktop
WARNING: Ignoring: a desktop file is required for org.xfce.Thunar
DEBUG:   Running asb_plugin_process_app() from font
DEBUG:   Running asb_plugin_process_app() from gettext
DEBUG:   Running asb_plugin_process_app() from hardcoded
DEBUG:   Running asb_plugin_process_app() from icon
<components version="1.0">
  <component type="desktop">
    <id>org.xfce.Thunar</id>
    <pkgname>thunar</pkgname>
    <translation type="gettext">Thunar</translation>
    <name>Thunar</name>
    <summary>File Browser</summary>
    <description><p>Thunar is a file browser specifically designed for the Xfce Desktop, but also can serve as an alternate file browser for other Desktop environments. It has a simple, clean two-pane design for browsing all your files.</p></description>
    <description xml:lang="ar"><p>ثونار متصفح ملفات مصمم خصيصا لسطح مكتب Xfce. لكن يمكن استعماله كتصفح ملفات بديل في بيئات مكتب أخرى. يتميز ثونار بتصميم بسيط يمكنك من تصفح جميع ملفاتك.</p></description>
    <description xml:lang="ast"><p>Thunar ye un restolador de ficheros diseñáu específicamente pal escritoriu Xfce, pero tamién pue sirvir como restolador de ficheros alternativu pa otros entornos d'escritoriu. Tien un simple y llimpiu diseñu a dos cares pa restolar tolos tos ficheros.</p></description>
    <description xml:lang="be"><p>Thunar - кіраўнік файлаў, распрацаваны для працоўнага асяроддзя Xfce, але таксама можа выкарыстоўвацца ў якасці альтэрнатыўнага кіраўніка файлаў для іншых працоўных асяроддзяў. У яго просты дызайн з магчымасцю двухпанэльнага выгляду для прагляду ўсіх файлаў.</p></description>
    <description xml:lang="bg"><p>Thunar е файлов мениджър, разработен специално за десктопа на Xfce, но може да се използва, като алтернативен файлов мениджър и в други графични среди. Той е с изчистен двупанелен дизайн за да управлявате лесно вашите файлове.</p></description>
    <description xml:lang="ca"><p>Thunar és un navegador de fitxers que està dissenyat especialment per a l'escriptori Xfce, però també pot servir com a navegador de fitxers per a altres escriptoris. Té un disseny simple, de dos plafons, per navegar per tots els vostres fitxers.</p></description>
    <description xml:lang="cs"><p>Thunar je správce souborů specificky navržený pro prostředí Xfce, ale může také sloužit jako alternativní aplikace pro procházení souborů v jiných desktopových prostředích. Má jednoduchý čistý dvoupanelový design pro procházení všech Vašich souborů.</p></description>
    <description xml:lang="da"><p>Thunar er en filbrowser, specielt designet til Xfce-skrivebordet, men som også bruges som en alternativ filbrowser for andre skrivebordsmiljøer. Den har et simpelt, ryddeligt design med to ruder, til at gennemse dine filer.</p></description>
    <description xml:lang="de"><p>Thunar ist eine Dateiverwaltung speziell für den Xfce-Schreibtisch entwickelt, kann aber auch als alternativer Dateinavigator für andere Arbeitsumgebungen benutzt werden. Er hat eine einfache, aufgeräumte Zweifensteransicht zum Durchsuchen aller Ihrer Dateien.</p></description>
    <description xml:lang="el"><p>Το Thunar είναι ένας διαχειριστής αρχείων ειδικά σχεδιασμένος για το περιβάλλον εργασίας Xfce, αλλά μπορεί να χρησιμοποιηθεί ως εναλλακτικός διαχειριστής αρχείων για άλλα περιβάλλοντα εργασίας. Έχει μια απλή, καθαρή σχεδίαση 2 πινάκων για περιήγηση των αρχείων σας.</p></description>
    <description xml:lang="es"><p>Thunar es un gestor de archivos diseñado específicamente para el escritorio Xfce, pero puede usarse también en otros entornos de escritorio. Su interfaz de doble panel es sencilla y clara.</p></description>
    <description xml:lang="et"><p>Failihaldur Thunar on loodud Xfce töölaua jaoks, kuid sobib kasutamiseks alternatiivse failihaldurina ka muudes töölauakeskondades. Thunaril on lihtne kahe paaniga vaade kõikide sinu failide haldamise jaoks.</p></description>
    <description xml:lang="eu"><p>Thunar bereziki xfce idazmahairekin erabiltzeko diseinatutako fitxategi kudeatzaile bat da , baina beste mahaigain ingurune batzuekin erabili daiteke, Oso sinplea da, zure fitxategi guztiak kudeatzeko bi paneletako ikuspegi garbiarekin</p></description>
    <description xml:lang="fa_IR"><p>Thunar یک مرورگر پرونده است که به طور خاص برای میز کار Xfce طراحی شده، ولی می‌تواند به عنوان یک مرورگر پروندهٔ جایگزین در سایر میزکارها خدمت‌رسانی کند. آن یک طراحی دو قاب ساده و تمیز برای مرور تمام پرونده‌های شما داد.</p></description>
    <description xml:lang="fi"><p>Thunar on tiedostoselain, joka on suunniteltu erityisesti Xfce-työpöydälle, mutta jota voi käyttää vaihtoehtoisena tiedostoselaimena myös muilla työpöytäjärjestelmillä. Se käyttää yksinkertaista kaksiruutuista muotoilua kaikkien tiedostojesi selaamiseen.</p></description>
    <description xml:lang="fr"><p>Thunar est un gestionnaire de fichiers conçu spécifiquement pour le bureau Xfce, mais peut aussi servir comme gestionnaire de fichiers alternatif pour d’autres environnements de bureau. Il dispose d’une interface à deux panneaux simple et épurée pour parcourir tous vos fichiers.</p></description>
    <description xml:lang="gl"><p>Thunar é un explorador de ficheiros deseñado especificamente para o Escritorio XFCE, o cal tamén pode servir como explorador de ficheiros alternativo para outros ambientes de traballo. Este ten un deseño simple con dous paneis para ver todos os seus ficheiros.</p></description>
    <description xml:lang="he"><p>‏Thunar הינו סייר קבצים אשר תוכנן בקפידה עבור שולחן עבודה Xfce, אך גם יכול לשרת בתור דפדפן קבצים חלופי עבור סביבות שולחן עבודה אחרות. יש לו עיצוב פשוט, נקי בעל שתי חלוניות לסיור בכל הקבצים שלך.</p></description>
    <description xml:lang="hr"><p>Thunar je upravitelj datotekama posebno dizajniran za Xfce radno okruženje, ali jednako se može koristiti kao alternativni upravitelj datotekama u drugim radnim okruženjima. Posjeduje jednostavan dvokrilni dizajn za sve vaše datoteke.</p></description>
    <description xml:lang="hu"><p>A Thunar kifejezetten az Xfce asztali környezethez tervezett fájlkezelő, de más asztali környezeteket is kiszolgál, alternatív fájlkezelőként. Egyszerű, tiszta, két táblás felülete van, minden fájl böngészéséhez.</p></description>
    <description xml:lang="hy"><p>Thunar֊ը նիշային կառավարիչ է, նախագծուած հատուկ Xfce աշխատասեղանի համար, բայց այն կարող է ծառայել որպէս այլաընտրանքային նիշային կառավարիչ այլ աշխատասեղանի միջավայրերի համար։ Այն ունի պարզ, երկպատուհանաւոր տեսք։</p></description>
    <description xml:lang="hy_AM"><p>Thunar֊ը նիշային կառավարիչ է, նախագծուած հատուկ Xfce աշխատասեղանի համար, բայց այն կարող է ծառայել որպէս այլաընտրանքային նիշային կառավարիչ այլ աշխատասեղանի միջավայրերի համար։ Այն ունի պարզ, երկպատուհանաւոր տեսք։</p></description>
    <description xml:lang="id"><p>Thunar adalah peramban berkas yang dirancang khusus untuk Destop Xfce, tetapi juga dapat berfungsi sebagai peramban berkas alternatif untuk lingkungan Destop lainnya. Thunar memiliki desain yang sederhana, desain dua-pane bersih untuk meramban semua berkas Anda.</p></description>
    <description xml:lang="ie"><p>Thunar es un navigator de files developat specificmen por li ambientie Xfce, ma it anc pote servir quam un navigator alternativ por altri ambienties. It have un simplic e nett dessine con du paneles por navigar vor omni files.</p></description>
    <description xml:lang="is"><p>Thunar er skráastjóri sem sérstaklega er hannaður fyrir XFCE-skjáborðið, en se hægt er að nota sem aukaskjástjóra í öðrum skjáborðsumhverfum. Thunar byggist á einfaldri og stílhreinni tveggja-spjalda hönnun til að vafra um skrár og möppur.</p></description>
    <description xml:lang="it"><p>Thunar è un esploratore dei file progettato per l'ambiente Xfce, ma può essere utilizzato come esploratore dei file alternativo in altri ambienti desktop. Ha un design semplice a due riquadri adatto per sfogliare tutti i propri file.</p></description>
    <description xml:lang="ja"><p>Thunar は Xfce デスクトップ環境用に開発されたファイルブラウザーであり、他のデスクトップ環境でも使用できます。シンプルでクリーンな 2 ペインデザインで設計されており、すべてのファイルを閲覧できます。</p></description>
    <description xml:lang="kk"><p>Thunar - бұл Xfce жұмыс үстелі үшін арнайы жасалған файлдық басқарушы қолданбасы, сонымен қатар, оны басқа да жұмыс үстел орталарында қосымша ретінде қолдануға болады. Оның қарапайым әрі жеңіл екі панельді интерфейсі файлдарды шолу үшін арналған.</p></description>
    <description xml:lang="ko"><p>Thunar는 Xfce 데스크탑을 위해 특별히 설계된 파일 브라우저이지만, 다른 데스크탑 환경에서 대체 파일 브라우저로 사용가능합니다. 모든 파일을 브라우징 할 수있는 간단한 두개의 패널 디자인으로 구성되어있습니다.</p></description>
    <description xml:lang="lt"><p>Thunar yra, specialiai Xfce Darbalaukiui sukurta, failų tvarkytuvė, tačiau ji gali tarnauti kaip alternatyvi failų tvarkytuvė ir kitose Darbalaukio aplinkose. Ji turi paprastą, tvarkingą dviejų polangių dizainą jūsų visų failų naršymui.</p></description>
    <description xml:lang="ms"><p>Thunar ialah pelayar fail yang direka khusus untuk Desktop Xfce, tetapi juga bertindak sebagai pelayar fail alternatif untuk persekitaran Desktop lain. Ia mempunyai rekabentuk ringkas, dengan dua-anak-tetingkap yang kemas unntuk pelayaran semua fail anda.</p></description>
    <description xml:lang="nb"><p>Thunar er en filutforsker spesifikt utviklet for Xfce-skrivebordet, men kan også fungere som en alternativ filutforsker for andre skrivebordsmiljø, Den har et simpelt, rent to-felts designuttrykk for filene dine.</p></description>
    <description xml:lang="nl"><p>Thunar is een bestandbeheerder die specifiek is ontworpen voor de Xfce-werkomgeving, maar hij kan ook dienen als een alternatieve bestandbeheerder in andere werkomgevingen. Hij heeft een eenvoudig, helder dubbelpaneelontwerp om al uw bestanden te kunnen doorbladeren.</p></description>
    <description xml:lang="nn"><p>Thunar er ein filutforskar spesielt utvikla for Xfce-skrivebordet, men han kan òg fungera som ein alternativ utforskar for andre skrivebordsmiljø. Thunar gir deg ei enkel, rein to-panelsutforming for å bla gjennom filene dine.</p></description>
    <description xml:lang="oc"><p>Thunar es un gestionari de fichièrs concebut especificament pel burèu Xfce, mas pòt tanben servir coma gestionari de fichièrs alternatiu per d’autres environaments de burèu. Dispausa d’una interfàcia de dos panèls simpla e epurada per percórrer totes vòstres fichièrs.</p></description>
    <description xml:lang="pl"><p>Thunar to przeglądarka plików zaprojektowana specjalnie dla środowiska graficznego Xfce, ale może służyć także jako alternatywna przeglądarka plików w innych środowiskach. Posiada proste, czytelne dwupanelowe wzornictwo dla przeglądania wszystkich plików.</p></description>
    <description xml:lang="pt"><p>O Thunar é um gestor de ficheiros especificamente concebido para o ambiente de trabalho Xfce, mas também pode servir como gestor de ficheiros para outros ambientes de trabalho. Tem uma arquitetura de dois painéis, simples e clara, para explorar todos os ficheiros.</p></description>
    <description xml:lang="pt_BR"><p>Thunar é um navegador de arquivos especificamente desenhado para o Desktop Xfce, mas também pode servir como navegador de arquivos alternativo para outros ambientes de Desktop. Thunar apresenta um simples e limpo design de dois painéis para a navegação de todos os seus arquivos.</p></description>
    <description xml:lang="ro"><p>Thunar este un manager de fișiere creat special pentru mediul desktop Xfce, dar care poate fi folosit ca un manager de fișiere alternativ și în alte medii desktop. Are un design clasic și minimal ce vă ușurează gestionarea tuturor fișierelor.</p></description>
    <description xml:lang="ru"><p>Thunar — файловый менеджер специально для рабочего окружения Xfce, но может использоваться как альтернативный в других рабочих окружениях. Имеет простой опрятный двухпанельный вид для просмотра всех ваших файлов.</p></description>
    <description xml:lang="sk"><p>Thunar je správca súborov navrhnutý špeciálne pre Xfce Desktop, ale možno ho používať aj ako alternatívneho správcu súborov v iných pracovných prostrediach. Ponúka prostý, plne dvoj-panelový vzhľad na prechádzanie všetkých súborov.</p></description>
    <description xml:lang="sl"><p>Thunar je upravljalnik datotek specifično prilagojen za namizno okolje Xfce, lahko pa ga rabimo tudi kot alternativen brskalnik po datotekah v drugih namiznih okoljih. Ima čist in enostaven dvo-pladenjski videz za brskanje po vseh vaših datotekah.</p></description>
    <description xml:lang="sq"><p>Thunar-i është një shfletues kartelash i konceptuar posaçërisht për Desktopin Xfce, por mund të shërbejë si shfletues alternativ kartelash edhe për mjedise të tjerë desktop. Përmban një skemë të thjeshtë, të pastër, me dy kuadrate, për shfletimin e krejt kartelave tuaja.</p></description>
    <description xml:lang="sr"><p>Тунар је управник датотека нарочито осмишљен за Иксфце радно окружење, али може и да служи као замена за управника датотека другим радним окружењима. Има једноставни и чисти склоп са две површи за управљање датотекама.</p></description>
    <description xml:lang="sv"><p>Thunar är en filhanterare speciellt utformad för Xfce-skrivbordet, men den kan också användas som alternativ filhanterare i andra skrivbordsmiljöer. Den har en enkel tvåpanelsdesign för att bläddra bland alla dina filer.</p></description>
    <description xml:lang="th"><p>Thunar เป็นโปรแกรมท่องดูแฟ้มซึ่งออกแบบมาสำหรับเดสก์ท็อป Xfce โดยเฉพาะ แต่ก็สามารถทำงานเป็นโปรแกรมท่องดูแฟ้มทางเลือกสำหรับเดสก์ท็อปอื่นได้ด้วย การออกแบบจะเรียบง่าย ทำงานสองช่องแบบสะอาดตา เพื่อท่องดูแฟ้มทั้งหมดของคุณ</p></description>
    <description xml:lang="tr"><p>Thunar özel olarak Xfce Masaüstü için dosya tarayıcısı olarak geliştirilmiş olsa da diğer Masaüstü ortamları için de alternatif dosya tarayıcısı olarak kullanılabilir. Dosyalarınızı taramak için iki parçalı basit ve temiz bir tasarımı vardır.</p></description>
    <description xml:lang="uk"><p>Thunar - це переглядач структури файлів, розроблений спеціально для оболонки Xfce, однак також може слугувати як альтернативний переглядач фалів для інших середовищ робочого столу. Він простий, має двопанельний дизайн для показу файлів.</p></description>
    <description xml:lang="zh_CN"><p>Thunar 是一个专门针对 Xfce 桌面环境设计的文件浏览器，但它也能作为其他桌面环境的替代文件浏览器。它有一个简洁的双栏式设计让您浏览所有的文件。</p></description>
    <description xml:lang="zh_TW"><p>Thunar 是為 Xfce 桌面設計的檔案瀏覽器，但也可以作為其他桌面環境的替代檔案瀏覽器。它有一個易用且簡潔的雙窗格設計，讓您瀏覽所有的檔案。</p></description>
    <categories>
      <category>System</category>
    </categories>
    <vetos>
      <veto>Has no Icon</veto>
    </vetos>
    <project_license>GPL-2.0</project_license>
    <url type="bugtracker">https://bugzilla.xfce.org/describecomponents.cgi?product=Thunar</url>
    <url type="help">https://docs.xfce.org/xfce/thunar/start</url>
    <url type="homepage">https://xfce.org/projects</url>
    <project_group>Xfce</project_group>
    <screenshots>
      <screenshot type="default">
        <image type="source">https://docs.xfce.org/_media/xfce/thunar/file-manager-window.png</image>
      </screenshot>
    </screenshots>
    <provides>
      <dbus type="session">org.freedesktop.FileManager1</dbus>
      <dbus type="session">org.xfce.FileManager</dbus>
      <dbus type="session">org.xfce.Thunar</dbus>
    </provides>
    <launchable type="desktop-id">org.xfce.Thunar.desktop</launchable>
  </component>
</components>

