DEBUG:   Getting filename match for transmission-3.00-2.x86_64.rpm
DEBUG:   Exploding tree for transmission
DEBUG:   Processing transmission-3.00-2.x86_64.rpm with appdata
DEBUG:   Running asb_plugin_process() from appdata
INFO:    Upstream contact <info_AT_transmissionbt.com>
WARNING: Unable to currently map Fedora license 'null' to SPDX
DEBUG:   Running asb_plugin_process_app() from desktop
DEBUG:   Running asb_plugin_process_app() from font
DEBUG:   Running asb_plugin_process_app() from gettext
DEBUG:   Running asb_plugin_process_app() from hardcoded
DEBUG:   Running asb_plugin_process_app() from icon
DEBUG:   Saved icon ./tmp/icons/64x64/transmission-gtk.png
DEBUG:   Saved icon ./tmp/icons/128x128/transmission-gtk.png
<components version="1.0">
  <component type="desktop">
    <id>transmission-gtk.desktop</id>
    <pkgname>transmission</pkgname>
    <name>Transmission</name>
    <summary>Download and share files over BitTorrent</summary>
    <description><p>BitTorrent is a peer-to-peer file-sharing protocol that is commonly used to distribute large amounts of data between multiple users.</p><p>Transmission is a BitTorrent client with an easy-to-use frontend on top a cross-platform backend. Native frontends are available for OS X and Windows, as well as command line and web frontends.</p><p>Notable features of Transmission include support for Local Peer Discovery, encryption, DHT, µTP, PEX and Magnet Link.</p></description>
    <icon type="cached" height="128" width="128">128x128/transmission-gtk.png</icon>
    <icon type="cached" height="64" width="64">64x64/transmission-gtk.png</icon>
    <categories>
      <category>FileTransfer</category>
      <category>Network</category>
      <category>P2P</category>
    </categories>
    <keywords>
      <keyword>downloading</keyword>
      <keyword>share</keyword>
      <keyword>sharing</keyword>
      <keyword>torrents</keyword>
      <keyword>uploading</keyword>
    </keywords>
    <kudos>
      <kudo>HiDpiIcon</kudo>
      <kudo>HighContrast</kudo>
    </kudos>
    <mimetypes>
      <mimetype>application/x-bittorrent</mimetype>
      <mimetype>x-scheme-handler/magnet</mimetype>
    </mimetypes>
    <project_license>GPL-2.0 OR GPL-3.0</project_license>
    <url type="homepage">https://transmissionbt.com/</url>
    <screenshots>
      <screenshot type="default">
        <image type="source">https://raw.githubusercontent.com/transmission/transmission/master/gtk/screenshots/a.png</image>
      </screenshot>
    </screenshots>
    <launchable type="desktop-id">transmission-gtk.desktop</launchable>
  </component>
</components>

