DEBUG:   Getting filename match for quadrapassel-3.36.02-1.x86_64.rpm
DEBUG:   Exploding tree for quadrapassel
DEBUG:   Processing quadrapassel-3.36.02-1.x86_64.rpm with appdata
DEBUG:   Running asb_plugin_process() from appdata
INFO:    Upstream contact <jward@gnome.org>
WARNING: Unable to currently map Fedora license 'null' to SPDX
DEBUG:   Running asb_plugin_process_app() from desktop
DEBUG:   Running asb_plugin_process_app() from font
DEBUG:   Running asb_plugin_process_app() from gettext
DEBUG:   Running asb_plugin_process_app() from hardcoded
DEBUG:   Auto-adding kudo UserDocs for org.gnome.Quadrapassel
DEBUG:   Running asb_plugin_process_app() from icon
DEBUG:   Saved icon ./tmp/icons/64x64/org.gnome.Quadrapassel.png
DEBUG:   Saved icon ./tmp/icons/128x128/org.gnome.Quadrapassel.png
<components version="1.0">
  <component type="desktop">
    <id>org.gnome.Quadrapassel</id>
    <pkgname>quadrapassel</pkgname>
    <translation type="gettext">quadrapassel</translation>
    <name>Quadrapassel</name>
    <summary>Fit falling blocks together</summary>
    <developer_name>The GNOME Project</developer_name>
    <description><p>Quadrapassel is a derivative of a classic Russian falling-block game. Reposition and rotate the blocks as they fall, and attempt to fit them together. When you form a complete horizontal row of blocks, the row will disappear and you score points. The game is over when the blocks get stacked too high. As your score gets higher, you level up and the blocks fall faster.</p><p>If you’re looking for a challenge, Quadrapassel allows you to increase the initial speed of the blocks, or begin the game with partial blocks on some of the rows. Or, instead of allowing the blocks to fall randomly, it can select blocks that will be hard for you to place.</p></description>
    <icon type="cached" height="128" width="128">128x128/org.gnome.Quadrapassel.png</icon>
    <icon type="cached" height="64" width="64">64x64/org.gnome.Quadrapassel.png</icon>
    <categories>
      <category>BlocksGame</category>
      <category>Game</category>
    </categories>
    <keywords>
      <keyword>tetris</keyword>
    </keywords>
    <kudos>
      <kudo>AppMenu</kudo>
      <kudo>HiDpiIcon</kudo>
      <kudo>HiDpiIcon</kudo>
      <kudo>HighContrast</kudo>
      <kudo>ModernToolkit</kudo>
      <kudo>UserDocs</kudo>
      <kudo>UserDocs</kudo>
    </kudos>
    <project_license>GPL-2.0+ and CC-BY-SA-3.0</project_license>
    <url type="bugtracker">https://gitlab.gnome.org/GNOME/quadrapassel/issues</url>
    <url type="donation">http://www.gnome.org/friends/</url>
    <url type="help">https://help.gnome.org/users/quadrapassel/stable/</url>
    <url type="homepage">https://wiki.gnome.org/Apps/Quadrapassel</url>
    <project_group>GNOME</project_group>
    <screenshots>
      <screenshot type="default">
        <image type="source">https://people.gnome.org/~mcatanzaro/quadrapassel.png</image>
      </screenshot>
    </screenshots>
    <content_rating type="oars-1.1"/>
    <releases>
      <release timestamp="1587772800" version="3.36.2"/>
      <release timestamp="1583625600" version="3.36.00"/>
      <release timestamp="1583020800" version="3.35.92"/>
      <release timestamp="1578096000" version="3.35.90"/>
      <release timestamp="1578096000" version="3.35.3"/>
      <release timestamp="1574294400" version="3.35.2"/>
      <release timestamp="1570406400" version="3.34.1"/>
      <release timestamp="1567900800" version="3.34.0"/>
      <release timestamp="1552262400" version="3.32.0"/>
    </releases>
    <launchable type="desktop-id">org.gnome.Quadrapassel.desktop</launchable>
  </component>
</components>

