DEBUG:   Getting filename match for gedit-3.36.2-1.x86_64.rpm
DEBUG:   Exploding tree for gedit
DEBUG:   Processing gedit-3.36.2-1.x86_64.rpm with appdata
DEBUG:   Running asb_plugin_process() from appdata
INFO:    Upstream contact <swilmet@gnome.org>
WARNING: Unable to currently map Fedora license 'null' to SPDX
DEBUG:   Running asb_plugin_process_app() from desktop
DEBUG:   Running asb_plugin_process_app() from font
DEBUG:   Running asb_plugin_process_app() from gettext
DEBUG:   Running asb_plugin_process_app() from hardcoded
DEBUG:   Auto-adding kudo UserDocs for org.gnome.gedit.desktop
DEBUG:   Running asb_plugin_process_app() from icon
DEBUG:   Saved icon ./tmp/icons/64x64/org.gnome.gedit.png
DEBUG:   Saved icon ./tmp/icons/128x128/org.gnome.gedit.png
<components version="1.0">
  <component type="desktop">
    <id>org.gnome.gedit.desktop</id>
    <pkgname>gedit</pkgname>
    <translation type="gettext">gedit</translation>
    <name>gedit</name>
    <summary>Edit text files</summary>
    <description><p>gedit is the official text editor of the GNOME desktop environment. While aiming at simplicity and ease of use, gedit is a powerful general purpose text editor.</p><p>Whether you are writing the next bestseller, programming an innovative application, or simply taking some quick notes, gedit will be a reliable tool to accomplish your task.</p><p>Its flexible plugin system allows you to tailor the application to your needs and adapt it to your workflow.</p></description>
    <icon type="cached" height="128" width="128">128x128/org.gnome.gedit.png</icon>
    <icon type="cached" height="64" width="64">64x64/org.gnome.gedit.png</icon>
    <categories>
      <category>TextEditor</category>
      <category>Utility</category>
    </categories>
    <keywords>
      <keyword>Editor</keyword>
      <keyword>Plaintext</keyword>
      <keyword>Text</keyword>
      <keyword>Write</keyword>
      <keyword>gedit</keyword>
    </keywords>
    <kudos>
      <kudo>HiDpiIcon</kudo>
      <kudo>HiDpiIcon</kudo>
      <kudo>HighContrast</kudo>
      <kudo>ModernToolkit</kudo>
      <kudo>UserDocs</kudo>
      <kudo>UserDocs</kudo>
    </kudos>
    <mimetypes>
      <mimetype>text/plain</mimetype>
    </mimetypes>
    <project_license>GPL-2.0+</project_license>
    <url type="bugtracker">https://gitlab.gnome.org/GNOME/gedit/issues</url>
    <url type="donation">https://www.gnome.org/friends/</url>
    <url type="help">https://help.gnome.org/users/gedit/stable/</url>
    <url type="homepage">https://wiki.gnome.org/Apps/Gedit</url>
    <url type="translate">https://wiki.gnome.org/TranslationProject</url>
    <project_group>GNOME</project_group>
    <compulsory_for_desktop>GNOME</compulsory_for_desktop>
    <screenshots>
      <screenshot type="default">
        <image type="source">https://gitlab.gnome.org/GNOME/gedit/raw/master/data/screenshot.png</image>
      </screenshot>
    </screenshots>
    <content_rating type="oars-1.1"/>
    <releases>
      <release timestamp="1587772800" version="3.36.2"/>
      <release timestamp="1584662400" version="3.36.1"/>
      <release timestamp="1583452800" version="3.36.0"/>
    </releases>
    <provides>
      <dbus type="session">org.gnome.gedit</dbus>
    </provides>
    <launchable type="desktop-id">org.gnome.gedit.desktop</launchable>
  </component>
</components>

