DEBUG:   Getting filename match for gnome-sudoku-3.36.0-1.x86_64.rpm
DEBUG:   Exploding tree for gnome-sudoku
DEBUG:   Processing gnome-sudoku-3.36.0-1.x86_64.rpm with appdata
DEBUG:   Running asb_plugin_process() from appdata
INFO:    Upstream contact <mcatanzaro@gnome.org>
WARNING: Unable to currently map Fedora license 'null' to SPDX
DEBUG:   Running asb_plugin_process_app() from desktop
DEBUG:   Running asb_plugin_process_app() from font
DEBUG:   Running asb_plugin_process_app() from gettext
DEBUG:   Running asb_plugin_process_app() from hardcoded
DEBUG:   Auto-adding kudo UserDocs for org.gnome.Sudoku
DEBUG:   Running asb_plugin_process_app() from icon
DEBUG:   Saved icon ./tmp/icons/64x64/org.gnome.Sudoku.png
DEBUG:   Saved icon ./tmp/icons/128x128/org.gnome.Sudoku.png
<components version="1.0">
  <component type="desktop">
    <id>org.gnome.Sudoku</id>
    <pkgname>gnome-sudoku</pkgname>
    <translation type="gettext">gnome-sudoku</translation>
    <name>GNOME Sudoku</name>
    <summary>Test your logic skills in this number grid puzzle</summary>
    <developer_name>The GNOME Project</developer_name>
    <description><p>Play the popular Japanese logic game. GNOME Sudoku is a must-install for Sudoku lovers, with a simple, unobtrusive interface that makes playing Sudoku fun for players of any skill level.</p><p>Each game is assigned a difficulty similar to those given by newspapers and websites, so your game will be as easy or as difficult as you want it to be.</p><p>If you like to play on paper, you can print games out. You can choose how many games you want to print per page and what difficulty of games you want to print: as a result, GNOME Sudoku can act a renewable Sudoku book for you.</p></description>
    <icon type="cached" height="128" width="128">128x128/org.gnome.Sudoku.png</icon>
    <icon type="cached" height="64" width="64">64x64/org.gnome.Sudoku.png</icon>
    <categories>
      <category>Game</category>
      <category>LogicGame</category>
    </categories>
    <keywords>
      <keyword>magic</keyword>
      <keyword>square</keyword>
    </keywords>
    <kudos>
      <kudo>HiDpiIcon</kudo>
      <kudo>HiDpiIcon</kudo>
      <kudo>HighContrast</kudo>
      <kudo>ModernToolkit</kudo>
      <kudo>UserDocs</kudo>
      <kudo>UserDocs</kudo>
    </kudos>
    <project_license>GPL-3.0+</project_license>
    <url type="bugtracker">https://gitlab.gnome.org/GNOME/gnome-sudoku</url>
    <url type="donation">http://www.gnome.org/friends/</url>
    <url type="help">https://help.gnome.org/users/gnome-sudoku/stable/</url>
    <url type="homepage">https://wiki.gnome.org/Apps/Sudoku</url>
    <url type="translate">https://wiki.gnome.org/TranslationProject</url>
    <project_group>GNOME</project_group>
    <screenshots>
      <screenshot type="default">
        <caption>A GNOME sudoku game preview</caption>
        <image type="source">https://people.gnome.org/~mcatanzaro/gnome-sudoku.png</image>
      </screenshot>
    </screenshots>
    <content_rating type="oars-1.0">
      <content_attribute id="violence-cartoon">none</content_attribute>
      <content_attribute id="violence-fantasy">none</content_attribute>
      <content_attribute id="violence-realistic">none</content_attribute>
      <content_attribute id="violence-bloodshed">none</content_attribute>
      <content_attribute id="violence-sexual">none</content_attribute>
      <content_attribute id="drugs-alcohol">none</content_attribute>
      <content_attribute id="drugs-narcotics">none</content_attribute>
      <content_attribute id="drugs-tobacco">none</content_attribute>
      <content_attribute id="sex-nudity">none</content_attribute>
      <content_attribute id="sex-themes">none</content_attribute>
      <content_attribute id="language-profanity">none</content_attribute>
      <content_attribute id="language-humor">none</content_attribute>
      <content_attribute id="language-discrimination">none</content_attribute>
      <content_attribute id="social-chat">none</content_attribute>
      <content_attribute id="social-info">none</content_attribute>
      <content_attribute id="social-audio">none</content_attribute>
      <content_attribute id="social-location">none</content_attribute>
      <content_attribute id="social-contacts">none</content_attribute>
      <content_attribute id="money-purchasing">none</content_attribute>
      <content_attribute id="money-gambling">none</content_attribute>
    </content_rating>
    <releases>
      <release timestamp="1583366400" version="3.36.0"/>
      <release timestamp="1571011200" version="3.34.1"/>
      <release timestamp="1567900800" version="3.34.0"/>
      <release timestamp="1563062400" version="3.33.4"/>
      <release timestamp="1552262400" version="3.32.0"/>
    </releases>
    <provides>
      <id>gnome-sudoku.desktop</id>
    </provides>
    <launchable type="desktop-id">org.gnome.Sudoku.desktop</launchable>
  </component>
</components>

