DEBUG:   Getting filename match for gnome-robots-3.36.1-1.x86_64.rpm
DEBUG:   Exploding tree for gnome-robots
DEBUG:   Processing gnome-robots-3.36.1-1.x86_64.rpm with appdata
DEBUG:   Running asb_plugin_process() from appdata
INFO:    Upstream contact <mcatanzaro@gnome.org>
WARNING: Unable to currently map Fedora license 'null' to SPDX
DEBUG:   Running asb_plugin_process_app() from desktop
DEBUG:   Running asb_plugin_process_app() from font
DEBUG:   Running asb_plugin_process_app() from gettext
DEBUG:   Running asb_plugin_process_app() from hardcoded
DEBUG:   Auto-adding kudo UserDocs for org.gnome.Robots
DEBUG:   Running asb_plugin_process_app() from icon
DEBUG:   Saved icon ./tmp/icons/64x64/org.gnome.Robots.png
DEBUG:   Saved icon ./tmp/icons/128x128/org.gnome.Robots.png
<components version="1.0">
  <component type="desktop">
    <id>org.gnome.Robots</id>
    <pkgname>gnome-robots</pkgname>
    <translation type="gettext">gnome-robots</translation>
    <name>GNOME Robots</name>
    <summary>Avoid the robots and make them crash into each other</summary>
    <developer_name>The GNOME Project</developer_name>
    <description><p>It is the distant future: the year 2000. Evil robots are trying to kill you. Avoid the robots or face certain death.</p><p>Fortunately, the robots are extremely stupid and will always move directly towards you. Trick them into colliding into each other, resulting in their destruction, or into the junk piles that result. You can defend yourself by moving the junk piles, or escape to safety with your handy teleportation device.</p><p>Your supply of safe teleports is limited, and once you run out, teleportation could land you right next to a robot, who will kill you. Survive for as long as possible!</p></description>
    <icon type="cached" height="128" width="128">128x128/org.gnome.Robots.png</icon>
    <icon type="cached" height="64" width="64">64x64/org.gnome.Robots.png</icon>
    <categories>
      <category>ArcadeGame</category>
      <category>Game</category>
    </categories>
    <keywords>
      <keyword>arcade</keyword>
      <keyword>game</keyword>
      <keyword>teleport</keyword>
    </keywords>
    <kudos>
      <kudo>AppMenu</kudo>
      <kudo>HiDpiIcon</kudo>
      <kudo>HiDpiIcon</kudo>
      <kudo>HighContrast</kudo>
      <kudo>ModernToolkit</kudo>
      <kudo>UserDocs</kudo>
      <kudo>UserDocs</kudo>
    </kudos>
    <project_license>GPL-3.0+</project_license>
    <url type="bugtracker">https://gitlab.gnome.org/GNOME/gnome-robots/issues</url>
    <url type="donation">http://www.gnome.org/friends/</url>
    <url type="help">https://help.gnome.org/users/gnome-robots/stable/</url>
    <url type="homepage">https://wiki.gnome.org/Apps/Robots</url>
    <url type="translate">https://wiki.gnome.org/TranslationProject</url>
    <project_group>GNOME</project_group>
    <screenshots>
      <screenshot type="default">
        <image type="source">https://people.gnome.org/~mcatanzaro/gnome-robots.png</image>
      </screenshot>
    </screenshots>
    <content_rating type="oars-1.0">
      <content_attribute id="violence-cartoon">mild</content_attribute>
      <content_attribute id="violence-fantasy">none</content_attribute>
      <content_attribute id="violence-realistic">none</content_attribute>
      <content_attribute id="violence-bloodshed">none</content_attribute>
      <content_attribute id="violence-sexual">none</content_attribute>
      <content_attribute id="drugs-alcohol">none</content_attribute>
      <content_attribute id="drugs-narcotics">none</content_attribute>
      <content_attribute id="drugs-tobacco">none</content_attribute>
      <content_attribute id="sex-nudity">none</content_attribute>
      <content_attribute id="sex-themes">none</content_attribute>
      <content_attribute id="language-profanity">none</content_attribute>
      <content_attribute id="language-humor">none</content_attribute>
      <content_attribute id="language-discrimination">none</content_attribute>
      <content_attribute id="social-chat">none</content_attribute>
      <content_attribute id="social-info">none</content_attribute>
      <content_attribute id="social-audio">none</content_attribute>
      <content_attribute id="social-location">none</content_attribute>
      <content_attribute id="social-contacts">none</content_attribute>
      <content_attribute id="money-purchasing">none</content_attribute>
      <content_attribute id="money-gambling">none</content_attribute>
    </content_rating>
    <releases>
      <release timestamp="1585180800" version="3.36.1"/>
      <release timestamp="1583366400" version="3.36.0"/>
      <release timestamp="1567900800" version="3.34.0"/>
      <release timestamp="1546473600" version="3.35.3"/>
    </releases>
    <provides>
      <id>gnome-robots.desktop</id>
    </provides>
    <launchable type="desktop-id">org.gnome.Robots.desktop</launchable>
  </component>
</components>

