DEBUG:   Getting filename match for gnome-books-3.34.0-2.x86_64.rpm
DEBUG:   Exploding tree for gnome-books
DEBUG:   Processing gnome-books-3.34.0-2.x86_64.rpm with appdata
DEBUG:   Running asb_plugin_process() from appdata
INFO:    Upstream contact <hadess@gnome.org>
WARNING: Unable to currently map Fedora license 'null' to SPDX
DEBUG:   Running asb_plugin_process_app() from desktop
DEBUG:   Running asb_plugin_process_app() from font
DEBUG:   Running asb_plugin_process_app() from gettext
DEBUG:   Running asb_plugin_process_app() from hardcoded
DEBUG:   Running asb_plugin_process_app() from icon
DEBUG:   Saved icon ./tmp/icons/64x64/org.gnome.Books.png
DEBUG:   Saved icon ./tmp/icons/128x128/org.gnome.Books.png
<components version="1.0">
  <component type="desktop">
    <id>org.gnome.Books.desktop</id>
    <pkgname>gnome-books</pkgname>
    <translation type="gettext">gnome-books</translation>
    <name>Books</name>
    <summary>An e-book manager application for GNOME</summary>
    <developer_name>The GNOME Project</developer_name>
    <description><p>A simple application to access and organize your e-books on GNOME. It is meant to be a simple and elegant replacement for using a file manager to deal with e-books.</p><p>It lets you:</p><ul><li>View recent e-books</li><li>Search through e-books</li><li>View e-books (ePubs and comics) fullscreen</li></ul></description>
    <icon type="cached" height="128" width="128">128x128/org.gnome.Books.png</icon>
    <icon type="cached" height="64" width="64">64x64/org.gnome.Books.png</icon>
    <categories>
      <category>Core</category>
      <category>Utility</category>
    </categories>
    <keywords>
      <keyword>Books</keyword>
      <keyword>Comics</keyword>
      <keyword>PDF</keyword>
      <keyword>ePub</keyword>
    </keywords>
    <kudos>
      <kudo>AppMenu</kudo>
      <kudo>HiDpiIcon</kudo>
      <kudo>HiDpiIcon</kudo>
      <kudo>HighContrast</kudo>
      <kudo>ModernToolkit</kudo>
    </kudos>
    <project_license>GPL-2.0+</project_license>
    <url type="bugtracker">https://gitlab.gnome.org/GNOME/gnome-books/issues</url>
    <url type="donation">http://www.gnome.org/friends</url>
    <url type="homepage">https://wiki.gnome.org/Apps/Books</url>
    <url type="translate">https://wiki.gnome.org/TranslationProject</url>
    <project_group>GNOME</project_group>
    <screenshots>
      <screenshot type="default">
        <image type="source">https://gitlab.gnome.org/GNOME/gnome-books/raw/master/data/screenshots/gnome-books-1.png</image>
      </screenshot>
      <screenshot>
        <image type="source">https://gitlab.gnome.org/GNOME/gnome-books/raw/master/data/screenshots/gnome-books-2.png</image>
      </screenshot>
      <screenshot>
        <image type="source">https://gitlab.gnome.org/GNOME/gnome-books/raw/master/data/screenshots/gnome-books-3.png</image>
      </screenshot>
    </screenshots>
    <content_rating type="oars-1.1">
      <content_attribute id="violence-cartoon">none</content_attribute>
      <content_attribute id="violence-fantasy">none</content_attribute>
      <content_attribute id="violence-realistic">none</content_attribute>
      <content_attribute id="violence-bloodshed">none</content_attribute>
      <content_attribute id="violence-sexual">none</content_attribute>
      <content_attribute id="violence-desecration">none</content_attribute>
      <content_attribute id="violence-slavery">none</content_attribute>
      <content_attribute id="violence-worship">none</content_attribute>
      <content_attribute id="drugs-alcohol">none</content_attribute>
      <content_attribute id="drugs-narcotics">none</content_attribute>
      <content_attribute id="drugs-tobacco">none</content_attribute>
      <content_attribute id="sex-nudity">none</content_attribute>
      <content_attribute id="sex-themes">none</content_attribute>
      <content_attribute id="sex-homosexuality">none</content_attribute>
      <content_attribute id="sex-prostitution">none</content_attribute>
      <content_attribute id="sex-adultery">none</content_attribute>
      <content_attribute id="sex-appearance">none</content_attribute>
      <content_attribute id="language-profanity">none</content_attribute>
      <content_attribute id="language-humor">none</content_attribute>
      <content_attribute id="language-discrimination">none</content_attribute>
      <content_attribute id="social-chat">none</content_attribute>
      <content_attribute id="social-info">none</content_attribute>
      <content_attribute id="social-audio">none</content_attribute>
      <content_attribute id="social-location">none</content_attribute>
      <content_attribute id="social-contacts">none</content_attribute>
      <content_attribute id="money-purchasing">none</content_attribute>
      <content_attribute id="money-gambling">none</content_attribute>
    </content_rating>
    <releases>
      <release timestamp="1552003200" version="3.32.0">
        <description><p>We are proud to announce Books 3.32.0 as the latest stable version.</p></description>
      </release>
    </releases>
    <provides>
      <dbus type="session">org.gnome.Books</dbus>
    </provides>
    <launchable type="desktop-id">org.gnome.Books.desktop</launchable>
  </component>
</components>

