DEBUG:   Getting filename match for gnome-weather-3.36.1-1.x86_64.rpm
DEBUG:   Exploding tree for gnome-weather
DEBUG:   Processing gnome-weather-3.36.1-1.x86_64.rpm with appdata
DEBUG:   Running asb_plugin_process() from appdata
INFO:    Upstream contact <christopherdavis@gnome.org>
WARNING: Unable to currently map Fedora license 'null' to SPDX
DEBUG:   Running asb_plugin_process_app() from desktop
DEBUG:   Running asb_plugin_process_app() from font
DEBUG:   Running asb_plugin_process_app() from gettext
DEBUG:   Running asb_plugin_process_app() from hardcoded
DEBUG:   Running asb_plugin_process_app() from icon
DEBUG:   Saved icon ./tmp/icons/64x64/org.gnome.Weather.png
DEBUG:   Saved icon ./tmp/icons/128x128/org.gnome.Weather.png
<components version="1.0">
  <component type="desktop">
    <id>org.gnome.Weather</id>
    <pkgname>gnome-weather</pkgname>
    <translation type="gettext">org.gnome.Weather</translation>
    <name>Weather</name>
    <summary>Show weather conditions and forecast</summary>
    <developer_name>The GNOME Project</developer_name>
    <description><p>A small application that allows you to monitor the current weather conditions for your city, or anywhere in the world.</p><p>It provides access to detailed forecasts, up to 7 days, with hourly details for the current and next day, using various internet services.</p><p>It also optionally integrates with the GNOME Shell, allowing you to see the current conditions of the most recently searched cities by just typing the name in the Activities Overview.</p></description>
    <icon type="cached" height="128" width="128">128x128/org.gnome.Weather.png</icon>
    <icon type="cached" height="64" width="64">64x64/org.gnome.Weather.png</icon>
    <categories>
      <category>Core</category>
      <category>Utility</category>
    </categories>
    <keywords>
      <keyword>Forecast</keyword>
      <keyword>Weather</keyword>
    </keywords>
    <kudos>
      <kudo>HiDpiIcon</kudo>
      <kudo>HiDpiIcon</kudo>
      <kudo>HighContrast</kudo>
      <kudo>ModernToolkit</kudo>
      <kudo>SearchProvider</kudo>
    </kudos>
    <project_license>GPL-2.0+ and CC-BY-3.0 and CC-BY-SA-3.0</project_license>
    <url type="bugtracker">https://gitlab.gnome.org/GNOME/gnome-weather/issues</url>
    <url type="donation">http://www.gnome.org/friends/</url>
    <url type="homepage">https://wiki.gnome.org/Apps/Weather</url>
    <url type="translate">https://wiki.gnome.org/TranslationProject</url>
    <project_group>GNOME</project_group>
    <screenshots>
      <screenshot type="default">
        <image type="source" height="555" width="704">https://gitlab.gnome.org/GNOME/gnome-weather/raw/master/misc/screenshots/city-view.png</image>
      </screenshot>
      <screenshot>
        <image type="source" height="555" width="704">https://gitlab.gnome.org/GNOME/gnome-weather/raw/master/misc/screenshots/world-popover.png</image>
      </screenshot>
    </screenshots>
    <content_rating type="oars-1.1">
      <content_attribute id="social-info">mild</content_attribute>
    </content_rating>
    <releases>
      <release timestamp="1586390400" version="3.36.1"/>
      <release timestamp="1586131200" version="3.36.0"/>
      <release timestamp="1585872000" version="3.34.1"/>
      <release timestamp="1569283200" version="3.34.0">
        <description><p>GNOME Weather 3.34 includes bug fixes and general improvements:</p><ul><li>Export location information to GNOME Shell (Florian Müllner)</li><li>Use weather station's time zone (Jim Mason)</li><li>Allow enter key to show location (James Westman)</li><li>Fix search provider (Florian Müllner)</li></ul><p>It also includes translation updates for the following locales:</p><ul><li>Catalan</li><li>Chinese (China)</li><li>Danish</li><li>Icelandic</li><li>Karbi</li><li>Korean</li><li>Persian</li><li>Tamil</li></ul></description>
      </release>
      <release timestamp="1552262400" version="3.32.0"/>
    </releases>
    <provides>
      <dbus type="session">org.gnome.Weather</dbus>
      <dbus type="session">org.gnome.Weather.BackgroundService</dbus>
      <id>org.gnome.Weather.Application.desktop</id>
      <id>org.gnome.Weather.desktop</id>
    </provides>
    <launchable type="desktop-id">org.gnome.Weather.desktop</launchable>
  </component>
</components>

