DEBUG:   Getting filename match for gnome-calendar-3.36.1-1.x86_64.rpm
DEBUG:   Exploding tree for gnome-calendar
DEBUG:   Processing gnome-calendar-3.36.1-1.x86_64.rpm with appdata
DEBUG:   Running asb_plugin_process() from appdata
INFO:    Upstream contact <gbsneto@gnome.org>
WARNING: Unable to currently map Fedora license 'null' to SPDX
DEBUG:   Running asb_plugin_process_app() from desktop
DEBUG:   Running asb_plugin_process_app() from font
DEBUG:   Running asb_plugin_process_app() from gettext
DEBUG:   Running asb_plugin_process_app() from hardcoded
DEBUG:   Running asb_plugin_process_app() from icon
DEBUG:   Saved icon ./tmp/icons/64x64/org.gnome.Calendar.png
DEBUG:   Saved icon ./tmp/icons/128x128/org.gnome.Calendar.png
<components version="1.0">
  <component type="desktop">
    <id>org.gnome.Calendar.desktop</id>
    <pkgname>gnome-calendar</pkgname>
    <translation type="gettext">gnome-calendar</translation>
    <name>Calendar</name>
    <summary>Calendar for GNOME</summary>
    <description><p>GNOME Calendar is a simple and beautiful calendar application designed to perfectly fit the GNOME desktop. By reusing the components which the GNOME desktop is built on, Calendar nicely integrates with the GNOME ecosystem.</p><p>We aim to find the perfect balance between nicely crafted features and user-centred usability. No excess, nothing missing. You’ll feel comfortable using Calendar, like you’ve been using it for ages!</p></description>
    <icon type="cached" height="128" width="128">128x128/org.gnome.Calendar.png</icon>
    <icon type="cached" height="64" width="64">64x64/org.gnome.Calendar.png</icon>
    <categories>
      <category>Calendar</category>
      <category>Core</category>
      <category>Office</category>
    </categories>
    <keywords>
      <keyword>Calendar</keyword>
      <keyword>Event</keyword>
      <keyword>Reminder</keyword>
    </keywords>
    <kudos>
      <kudo>AppMenu</kudo>
      <kudo>HiDpiIcon</kudo>
      <kudo>HiDpiIcon</kudo>
      <kudo>HighContrast</kudo>
      <kudo>ModernToolkit</kudo>
      <kudo>SearchProvider</kudo>
    </kudos>
    <project_license>GPL-3.0-or-later</project_license>
    <url type="bugtracker">https://gitlab.gnome.org/GNOME/gnome-calendar/issues</url>
    <url type="homepage">https://wiki.gnome.org/Apps/Calendar</url>
    <project_group>GNOME</project_group>
    <screenshots>
      <screenshot type="default">
        <image type="source" height="675" width="1200">https://gitlab.gnome.org/GNOME/gnome-calendar/raw/master/data/appdata/default.png</image>
      </screenshot>
      <screenshot>
        <caption>Calendar management</caption>
        <image type="source" height="681" width="1202">https://gitlab.gnome.org/GNOME/gnome-calendar/raw/master/data/appdata/calendar-management.png</image>
      </screenshot>
      <screenshot>
        <caption>Search for events</caption>
        <image type="source" height="675" width="1200">https://gitlab.gnome.org/GNOME/gnome-calendar/raw/master/data/appdata/search.png</image>
      </screenshot>
      <screenshot>
        <caption>Week view</caption>
        <image type="source" height="675" width="1200">https://gitlab.gnome.org/GNOME/gnome-calendar/raw/master/data/appdata/week-view.png</image>
      </screenshot>
    </screenshots>
    <content_rating type="oars-1.1">
      <content_attribute id="violence-cartoon">none</content_attribute>
      <content_attribute id="violence-fantasy">none</content_attribute>
      <content_attribute id="violence-realistic">none</content_attribute>
      <content_attribute id="violence-bloodshed">none</content_attribute>
      <content_attribute id="violence-sexual">none</content_attribute>
      <content_attribute id="violence-desecration">none</content_attribute>
      <content_attribute id="violence-slavery">none</content_attribute>
      <content_attribute id="violence-worship">none</content_attribute>
      <content_attribute id="drugs-alcohol">none</content_attribute>
      <content_attribute id="drugs-narcotics">none</content_attribute>
      <content_attribute id="drugs-tobacco">none</content_attribute>
      <content_attribute id="sex-nudity">none</content_attribute>
      <content_attribute id="sex-themes">none</content_attribute>
      <content_attribute id="sex-homosexuality">none</content_attribute>
      <content_attribute id="sex-prostitution">none</content_attribute>
      <content_attribute id="sex-adultery">none</content_attribute>
      <content_attribute id="sex-appearance">none</content_attribute>
      <content_attribute id="language-profanity">none</content_attribute>
      <content_attribute id="language-humor">none</content_attribute>
      <content_attribute id="language-discrimination">none</content_attribute>
      <content_attribute id="social-chat">none</content_attribute>
      <content_attribute id="social-info">none</content_attribute>
      <content_attribute id="social-audio">none</content_attribute>
      <content_attribute id="social-location">none</content_attribute>
      <content_attribute id="social-contacts">none</content_attribute>
      <content_attribute id="money-purchasing">none</content_attribute>
      <content_attribute id="money-gambling">none</content_attribute>
    </content_rating>
    <releases>
      <release timestamp="1586995200" version="3.36.1">
        <description><p>This is a stable release that fixes a lot of bugs, and introduces a new engine for Calendar. This new engine should be more robust and stable.</p></description>
      </release>
      <release timestamp="1583452800" version="3.36.0">
        <description><p>GNOME Calendar 3.36 release is here!</p><p>This is an exciting release with many improvements and new features:</p></description>
      </release>
      <release timestamp="1567987200" version="3.34.0">
        <description><p>GNOME Calendar 3.34 release is here!</p><p>This release comes with many improvements and new features:</p></description>
      </release>
      <release timestamp="1552262400" version="3.32.0">
        <description><p>GNOME Calendar 3.32.0 release is here!</p><p>Thanks to all the contributors that worked on GNOME Calendar!</p></description>
      </release>
      <release timestamp="1535932800" version="3.30.0">
        <description><p>GNOME Calendar 3.30.0 release is here!</p><p>The major highlight of this release is the integration with GNOME's Night Light, making GNOME Calendar use the dark variant of the theme when Night Light is active.</p><p>Thanks to all the contributors that worked on GNOME Calendar!</p></description>
      </release>
      <release timestamp="1535328000" version="3.29.92">
        <description><p>This release bring a small improvement and updates many translations.</p><p>Thanks to all the contributors that worked on GNOME Calendar!</p></description>
      </release>
      <release timestamp="1532908800" version="3.29.90">
        <description><p>This release brings small improvements, bug fixes, and updates many translations.</p><p>Thanks to all the contributors that worked on GNOME Calendar!</p></description>
      </release>
      <release timestamp="1520208000" version="3.27.92">
        <description><p>This is the release candidate version of the next big release of GNOME Calendar, and it brings a few Flatpak improvements.</p><p>This release also updates many translations.</p><p>Thanks to all the contributors that worked on GNOME Calendar!</p></description>
      </release>
      <release timestamp="1518393600" version="3.27.90">
        <description><p>This is the alpha version of the next big release of GNOME Calendar, and it brings the following new features and improvements:</p><ul><li>Big code refactorings that lead to more stability and ease of maintainership.</li><li>Follow-up improvements after rewritting the Month view.</li><li>The Flatpak Nightly builds of GNOME Calendar now have debugging and tracing enabled by default. This will allow testers to report bugs with more precision.</li><li>Huge memory leaks were also fixed.</li></ul><p>This release also updates many translations.</p><p>Thanks to all the contributors that worked on GNOME Calendar!</p></description>
      </release>
      <release timestamp="1510704000" version="3.27.2">
        <description><p>This release brings the following new features and improvements:</p><ul><li>Month view was rewritten, and received a substantial redesign.</li><li>Events were also redesigned. All-day events look different than timed events.</li><li>Improvements when adding calendars from files.</li></ul><p>This release also updates many translations.</p><p>Thanks to all the contributors that worked on GNOME Calendar!</p></description>
      </release>
      <release timestamp="1502409600" version="3.25.90">
        <description><p>The GNOME Calendar team is proud to announce the 3.25.90 release of GNOME Calendar, the third release in the next (3.26) unstable series.</p><p>This release brings the following new features and improvements:</p><ul><li>Add the options to add, modify and remove recurrences from events.</li><li>Improve Month view by greying out out-of-range days.</li><li>Completely move to the Meson build system. This allows building Calendar at least 3x faster.</li></ul><p>This release also updates many translations.</p><p>Thanks to all the contributors that worked on GNOME Calendar!</p></description>
      </release>
      <release timestamp="1497830400" version="3.25.3">
        <description><p>The GNOME Calendar team is proud to announce the 3.25.3 release of GNOME Calendar, the first release in the next (3.26) unstable series. This release brings the first steps to modify and delete recurrent events, as well as many bugfixes.</p><p>This release also updates translations.</p><p>Thanks to all the contributors that worked on GNOME Calendar!</p></description>
      </release>
      <release timestamp="1492992000" version="3.25.1">
        <description><p>The GNOME Calendar team is proud to announce the 3.25.1 release of GNOME Calendar, the first release in the next (3.26) unstable series. This release contains most of the changes that landed for 3.24.1, plus a few translation changes.</p><p>This release also updates translations.</p><p>Thanks to all the contributors that worked on GNOME Calendar!</p></description>
      </release>
      <release timestamp="1492992000" version="3.24.1">
        <description><p>The GNOME Calendar team is proud to announce the 3.24.1 release of GNOME Calendar! This is a bugfix release that improves a lot the performance and stability of GNOME Calendar.</p><p>This release also updates translations.</p><p>Thanks to all the contributors that worked on GNOME Calendar!</p></description>
      </release>
      <release timestamp="1489968000" version="3.24.0">
        <description><p>The GNOME Calendar team is proud to announce the 3.24 release of GNOME Calendar! In this release, users will notice big changes, with the inclusion of the new Week view, various improvements to ranging from various bugfixes, improved keyboard flow for creating events using the quick-add popover, cleanups and much more.</p><p>This release also updates translations.</p><p>Thanks to all the contributors that worked on GNOME Calendar!</p></description>
      </release>
      <release timestamp="1489622400" version="3.23.92">
        <description><p>In this release, many bugs were fixed in the Week view. GNOME Calendar is now freeze until the next stable release.</p><p>This release also updates translations.</p><p>Thanks to all the contributors that worked on GNOME Calendar!</p></description>
      </release>
      <release timestamp="1488240000" version="3.23.91.1">
        <description><p>In this release, a couple of minor bugs were fixed. GNOME Calendar is gaining stability fixes until the next stable release now.</p><p>Thanks to all the contributors that worked on GNOME Calendar!</p></description>
      </release>
      <release timestamp="1488153600" version="3.23.91">
        <description><p>In this release, a couple of minor bugs were fixed. GNOME Calendar is gaining stability fixes until the next stable release now.</p><p>This release also updates translations, and adds new translations.</p><p>Thanks to all the contributors that worked on GNOME Calendar!</p></description>
      </release>
      <release timestamp="1487030400" version="3.23.90">
        <description><p>This release candidate for GNOME 3.24 adds many new features and improvements. The major highlight is the new Week view, besides the many stability and bugs that were fixed.</p><p>This release also updates translations, and adds new translations. GNOME Calendar if officially supported on more then 50 languages now.</p><p>Thanks to all the contributors that worked on GNOME Calendar!</p></description>
      </release>
      <release timestamp="1482105600" version="3.22.2">
        <description><p>This is the third stable release for GNOME Calendar 3.22, and focuses on bugfixes and stability issues.</p><p>This release also updates translations, and adds new translations.</p><p>Thanks to all the contributors that worked on GNOME Calendar!</p></description>
      </release>
    </releases>
    <provides>
      <dbus type="session">org.gnome.Calendar</dbus>
    </provides>
    <launchable type="desktop-id">org.gnome.Calendar.desktop</launchable>
  </component>
</components>

