DEBUG:   Getting filename match for gnome-nibbles-3.36.0-1.x86_64.rpm
DEBUG:   Exploding tree for gnome-nibbles
DEBUG:   Processing gnome-nibbles-3.36.0-1.x86_64.rpm with appdata
DEBUG:   Running asb_plugin_process() from appdata
INFO:    Upstream contact <mcatanzaro@gnome.org>
WARNING: Unable to currently map Fedora license 'null' to SPDX
DEBUG:   Running asb_plugin_process_app() from desktop
DEBUG:   Running asb_plugin_process_app() from font
DEBUG:   Running asb_plugin_process_app() from gettext
DEBUG:   Running asb_plugin_process_app() from hardcoded
DEBUG:   Auto-adding kudo UserDocs for org.gnome.Nibbles.desktop
DEBUG:   Running asb_plugin_process_app() from icon
DEBUG:   Saved icon ./tmp/icons/64x64/org.gnome.Nibbles.png
DEBUG:   Saved icon ./tmp/icons/128x128/org.gnome.Nibbles.png
<components version="1.0">
  <component type="desktop">
    <id>org.gnome.Nibbles.desktop</id>
    <pkgname>gnome-nibbles</pkgname>
    <translation type="gettext">gnome-nibbles</translation>
    <name>GNOME Nibbles</name>
    <summary>Guide a worm around a maze</summary>
    <developer_name>The GNOME Project</developer_name>
    <description><p>Control a worm in its quest to eat bonuses and become longer. Outmaneuver enemy worms while eating doughnuts and ice cream to increase your length. Each worm has ten lives and loses one by running into a wall, another worm, or itself. The enemy worms are after the same bonuses that you are, so be careful: if they become too large, you won’t have much room for movement.</p><p>The adventure progresses through 26 maps of increasing difficulty. The early levels are mostly open with a few walls, but later on, cramped spaces and teleporters make things more interesting.</p><p>Play on your own against up to five enemy worms, or share your keyboard to play with a friend.</p></description>
    <icon type="cached" height="128" width="128">128x128/org.gnome.Nibbles.png</icon>
    <icon type="cached" height="64" width="64">64x64/org.gnome.Nibbles.png</icon>
    <categories>
      <category>ArcadeGame</category>
      <category>Game</category>
    </categories>
    <keywords>
      <keyword>board</keyword>
      <keyword>game</keyword>
      <keyword>snake</keyword>
    </keywords>
    <kudos>
      <kudo>HiDpiIcon</kudo>
      <kudo>HiDpiIcon</kudo>
      <kudo>HighContrast</kudo>
      <kudo>ModernToolkit</kudo>
      <kudo>UserDocs</kudo>
      <kudo>UserDocs</kudo>
    </kudos>
    <project_license>GPL-3.0+</project_license>
    <url type="bugtracker">https://gitlab.gnome.org/GNOME/gnome-nibbles/issues</url>
    <url type="donation">http://www.gnome.org/friends/</url>
    <url type="help">https://help.gnome.org/users/gnome-nibbles/stable/</url>
    <url type="homepage">https://wiki.gnome.org/Apps/Nibbles</url>
    <url type="translate">https://wiki.gnome.org/TranslationProject</url>
    <project_group>GNOME</project_group>
    <screenshots>
      <screenshot type="default">
        <image type="source">https://people.gnome.org/~mcatanzaro/gnome-nibbles.png</image>
      </screenshot>
    </screenshots>
    <content_rating type="oars-1.0"/>
    <releases>
      <release timestamp="1583539200" version="3.36.0"/>
      <release timestamp="1570406400" version="3.34.1"/>
      <release timestamp="1568073600" version="3.34.0"/>
      <release timestamp="1550102400" version="3.35.90"/>
      <release timestamp="1546473600" version="3.34.2"/>
    </releases>
    <launchable type="desktop-id">org.gnome.Nibbles.desktop</launchable>
  </component>
</components>

