DEBUG:   Getting filename match for gnome-dictionary-3.26.1-1.x86_64.rpm
DEBUG:   Exploding tree for gnome-dictionary
DEBUG:   Processing gnome-dictionary-3.26.1-1.x86_64.rpm with appdata
DEBUG:   Running asb_plugin_process() from appdata
INFO:    Upstream contact <juanrgar@gmail.com>
WARNING: Unable to currently map Fedora license 'null' to SPDX
DEBUG:   Running asb_plugin_process_app() from desktop
DEBUG:   Running asb_plugin_process_app() from font
DEBUG:   Running asb_plugin_process_app() from gettext
DEBUG:   Running asb_plugin_process_app() from hardcoded
DEBUG:   Auto-adding kudo UserDocs for org.gnome.Dictionary.desktop
DEBUG:   Running asb_plugin_process_app() from icon
DEBUG:   using stock icon accessories-dictionary
<components version="1.0">
  <component type="desktop">
    <id>org.gnome.Dictionary.desktop</id>
    <pkgname>gnome-dictionary</pkgname>
    <translation type="gettext">gnome-dictionary</translation>
    <name>GNOME Dictionary</name>
    <summary>Check word definitions and spellings in an online dictionary</summary>
    <description><p>GNOME Dictionary is a simple dictionary application that looks up definitions of words online. Though it looks up English definitions by default, you can easily switch to Spanish or add other online dictionaries using the DICT protocol to suit your needs.</p></description>
    <icon type="stock">accessories-dictionary</icon>
    <categories>
      <category>Dictionary</category>
      <category>Office</category>
    </categories>
    <keywords>
      <keyword>definition</keyword>
      <keyword>spelling</keyword>
      <keyword>synonym</keyword>
      <keyword>word</keyword>
    </keywords>
    <kudos>
      <kudo>AppMenu</kudo>
      <kudo>HiDpiIcon</kudo>
      <kudo>HiDpiIcon</kudo>
      <kudo>ModernToolkit</kudo>
      <kudo>UserDocs</kudo>
    </kudos>
    <project_license>GPL-3.0+ AND LGPL-2.0+ AND GFDL-1.3</project_license>
    <url type="bugtracker">https://bugzilla.gnome.org/enter_bug.cgi?product=gnome-dictionary</url>
    <url type="donation">http://www.gnome.org/friends/</url>
    <url type="help">https://help.gnome.org/users/gnome-dictionary/stable/</url>
    <url type="homepage">https://wiki.gnome.org/Dictionary</url>
    <project_group>GNOME</project_group>
    <screenshots>
      <screenshot type="default">
        <image type="source">https://git.gnome.org/browse/gnome-dictionary/plain/data/gnome-dictionary-appdata.png</image>
      </screenshot>
    </screenshots>
    <releases>
      <release timestamp="1505174400" version="3.26.0">
        <description><p>A new stable release of the venerable Dictionary for GNOME. This time it's mostly build fixes to ensure a reliable experience for the fine folks building applications for users; we also have documentation fixes, and better localisation in many languages.</p></description>
      </release>
    </releases>
    <provides>
      <dbus type="session">org.gnome.Dictionary</dbus>
    </provides>
    <launchable type="desktop-id">org.gnome.Dictionary.desktop</launchable>
  </component>
</components>

