DEBUG:   Getting filename match for gnome-screenshot-3.36.0-1.x86_64.rpm
DEBUG:   Exploding tree for gnome-screenshot
DEBUG:   Processing gnome-screenshot-3.36.0-1.x86_64.rpm with appdata
DEBUG:   Running asb_plugin_process() from appdata
INFO:    Upstream contact <ebassi@gnome.org>
WARNING: Unable to currently map Fedora license 'null' to SPDX
DEBUG:   Running asb_plugin_process_app() from desktop
DEBUG:   Running asb_plugin_process_app() from font
DEBUG:   Running asb_plugin_process_app() from gettext
DEBUG:   Running asb_plugin_process_app() from hardcoded
DEBUG:   Running asb_plugin_process_app() from icon
DEBUG:   Saved icon ./tmp/icons/64x64/org.gnome.Screenshot.png
DEBUG:   Saved icon ./tmp/icons/128x128/org.gnome.Screenshot.png
<components version="1.0">
  <component type="desktop">
    <id>org.gnome.Screenshot.desktop</id>
    <pkgname>gnome-screenshot</pkgname>
    <translation type="gettext">gnome-screenshot</translation>
    <name>GNOME Screenshot</name>
    <summary>Save images of your screen or individual windows</summary>
    <description><p>GNOME Screenshot is a simple utility that lets you take pictures of your computer screen. Screenshots can be of your whole screen, any specific application, or a selected rectangular area. You can also copy the captured screenshot directly into the GNOME clipboard and paste it into other applications.</p><p>GNOME Screenshot allows you to take screenshots even when it’s not open: just press the PrtSc button on your keyboard, and a snapshot of your whole screen will be saved to your Pictures folder. Hold Alt while pressing PrtSc and you will get a screenshot of only the currently selected window.</p></description>
    <icon type="cached" height="128" width="128">128x128/org.gnome.Screenshot.png</icon>
    <icon type="cached" height="64" width="64">64x64/org.gnome.Screenshot.png</icon>
    <categories>
      <category>Utility</category>
    </categories>
    <keywords>
      <keyword>capture</keyword>
      <keyword>print</keyword>
      <keyword>screenshot</keyword>
      <keyword>snapshot</keyword>
    </keywords>
    <kudos>
      <kudo>AppMenu</kudo>
      <kudo>HiDpiIcon</kudo>
      <kudo>HiDpiIcon</kudo>
      <kudo>HighContrast</kudo>
      <kudo>ModernToolkit</kudo>
    </kudos>
    <project_license>GPL-2.0+</project_license>
    <url type="bugtracker">https://bugzilla.gnome.org/enter_bug.cgi?product=gnome-screenshot</url>
    <url type="donation">http://www.gnome.org/friends/</url>
    <url type="homepage">https://git.gnome.org/browse/gnome-screenshot/</url>
    <project_group>GNOME</project_group>
    <compulsory_for_desktop>GNOME</compulsory_for_desktop>
    <screenshots>
      <screenshot type="default">
        <image type="source">https://git.gnome.org/browse/gnome-screenshot/plain/src/gnome-screenshot.png</image>
      </screenshot>
    </screenshots>
    <releases>
      <release type="stable" timestamp="1583798400" urgency="medium" version="3.36.0">
        <description><p>Translation updates.</p></description>
      </release>
    </releases>
    <provides>
      <dbus type="session">org.gnome.Screenshot</dbus>
    </provides>
    <launchable type="desktop-id">org.gnome.Screenshot.desktop</launchable>
  </component>
</components>

