DEBUG:   Getting filename match for gnome-twitch-0.4.2-1.x86_64.rpm
DEBUG:   Exploding tree for gnome-twitch
DEBUG:   Processing gnome-twitch-0.4.2-1.x86_64.rpm with appdata
DEBUG:   Running asb_plugin_process() from appdata
INFO:    Upstream contact <vinszent@vinszent.com>
WARNING: Unable to currently map Fedora license 'null' to SPDX
DEBUG:   Running asb_plugin_process_app() from desktop
DEBUG:   Running asb_plugin_process_app() from font
DEBUG:   Running asb_plugin_process_app() from gettext
DEBUG:   Running asb_plugin_process_app() from hardcoded
DEBUG:   Running asb_plugin_process_app() from icon
DEBUG:   Saved icon ./tmp/icons/64x64/com.vinszent.GnomeTwitch.png
DEBUG:   Saved icon ./tmp/icons/128x128/com.vinszent.GnomeTwitch.png
<components version="1.0">
  <component type="desktop">
    <id>com.vinszent.GnomeTwitch.desktop</id>
    <pkgname>gnome-twitch</pkgname>
    <translation type="gettext">gnome-twitch</translation>
    <name>GNOME Twitch</name>
    <summary>Twitch desktop client</summary>
    <developer_name>GNOME Twitch</developer_name>
    <description><p>Allows searching for and watching Twitch streams from the desktop.</p><p>Notable Features:</p><ul><li>Watch your favourite streams natively with fully accelerated video</li><li>Built in chat which can even be overlayed over the video</li><li>Easy favourites/follows management and receive notifications when they are online</li></ul></description>
    <icon type="cached" height="128" width="128">128x128/com.vinszent.GnomeTwitch.png</icon>
    <icon type="cached" height="64" width="64">64x64/com.vinszent.GnomeTwitch.png</icon>
    <categories>
      <category>AudioVideo</category>
      <category>Player</category>
      <category>Video</category>
    </categories>
    <keywords>
      <keyword>games</keyword>
      <keyword>live</keyword>
      <keyword>stream</keyword>
      <keyword>twitch</keyword>
      <keyword>video</keyword>
    </keywords>
    <kudos>
      <kudo>AppMenu</kudo>
      <kudo>HiDpiIcon</kudo>
      <kudo>HiDpiIcon</kudo>
      <kudo>HighContrast</kudo>
      <kudo>ModernToolkit</kudo>
      <kudo>Notifications</kudo>
    </kudos>
    <project_license>GPL-3.0+</project_license>
    <url type="bugtracker">https://github.com/vinszent/gnome-twitch/issues</url>
    <url type="homepage">http://gnome-twitch.vinszent.com/</url>
    <screenshots>
      <screenshot type="default">
        <caption>Watching a stream including chat</caption>
        <image type="source">https://raw.githubusercontent.com/vinszent/gnome-twitch/master/data/screenshots/scrot_player.png</image>
      </screenshot>
      <screenshot>
        <caption>Viewing live channels</caption>
        <image type="source">https://raw.githubusercontent.com/vinszent/gnome-twitch/master/data/screenshots/scrot_streams.png</image>
      </screenshot>
    </screenshots>
    <releases>
      <release timestamp="1491004800" version="0.4.0">
        <description><p>This release is focused on improving stability and having better error handling. Some key features have also been implemented. These include better chat moving and resizing, language selection, various UI additions, and more.</p></description>
      </release>
      <release timestamp="1476489600" version="0.3.1">
        <description><p>This is a minor release to fix an error getting follows.</p></description>
      </release>
    </releases>
    <launchable type="desktop-id">com.vinszent.GnomeTwitch.desktop</launchable>
  </component>
</components>

