DEBUG:   Getting filename match for gnome-clocks-3.36.2-2.x86_64.rpm
DEBUG:   Exploding tree for gnome-clocks
DEBUG:   Processing gnome-clocks-3.36.2-2.x86_64.rpm with appdata
DEBUG:   Running asb_plugin_process() from appdata
INFO:    Upstream contact <pborelli@gnome.org>
WARNING: Unable to currently map Fedora license 'null' to SPDX
DEBUG:   Running asb_plugin_process_app() from desktop
DEBUG:   Running asb_plugin_process_app() from font
DEBUG:   Running asb_plugin_process_app() from gettext
DEBUG:   Running asb_plugin_process_app() from hardcoded
DEBUG:   Auto-adding kudo UserDocs for org.gnome.clocks.desktop
DEBUG:   Running asb_plugin_process_app() from icon
DEBUG:   Saved icon ./tmp/icons/64x64/org.gnome.clocks.png
DEBUG:   Saved icon ./tmp/icons/128x128/org.gnome.clocks.png
<components version="1.0">
  <component type="desktop">
    <id>org.gnome.clocks.desktop</id>
    <pkgname>gnome-clocks</pkgname>
    <translation type="gettext">gnome-clocks</translation>
    <name>GNOME Clocks</name>
    <summary>Clocks for world times, plus alarms, stopwatch and a timer</summary>
    <developer_name>The GNOME Project</developer_name>
    <description><p>A simple and elegant clock application. It includes world clocks, alarms, a stopwatch and a timer.</p><p>Goals:</p><ul><li>Show the time in different cities around the world</li><li>Set alarms to wake you up</li><li>Measure elapsed time with an accurate stopwatch</li><li>Set timers to properly cook your food</li></ul></description>
    <icon type="cached" height="128" width="128">128x128/org.gnome.clocks.png</icon>
    <icon type="cached" height="64" width="64">64x64/org.gnome.clocks.png</icon>
    <categories>
      <category>Clock</category>
      <category>Utility</category>
    </categories>
    <keywords>
      <keyword>alarm</keyword>
      <keyword>stopwatch</keyword>
      <keyword>time</keyword>
      <keyword>time zone</keyword>
      <keyword>timer</keyword>
      <keyword>world clock</keyword>
    </keywords>
    <kudos>
      <kudo>HiDpiIcon</kudo>
      <kudo>HiDpiIcon</kudo>
      <kudo>HighContrast</kudo>
      <kudo>ModernToolkit</kudo>
      <kudo>Notifications</kudo>
      <kudo>SearchProvider</kudo>
      <kudo>UserDocs</kudo>
      <kudo>UserDocs</kudo>
    </kudos>
    <project_license>GPL-2.0</project_license>
    <url type="bugtracker">https://gitlab.gnome.org/GNOME/gnome-clocks/issues</url>
    <url type="donation">http://www.gnome.org/friends/</url>
    <url type="help">https://help.gnome.org/users/gnome-clocks/stable/</url>
    <url type="homepage">https://wiki.gnome.org/Apps/Clocks</url>
    <project_group>GNOME</project_group>
    <screenshots>
      <screenshot type="default">
        <caption>Initial screen</caption>
        <image type="source">https://gitlab.gnome.org/GNOME/gnome-clocks/raw/master/data/appdata/world.png</image>
      </screenshot>
      <screenshot>
        <caption>Alarms screen</caption>
        <image type="source">https://gitlab.gnome.org/GNOME/gnome-clocks/raw/master/data/appdata/alarm.png</image>
      </screenshot>
      <screenshot>
        <caption>Alarms setup</caption>
        <image type="source">https://gitlab.gnome.org/GNOME/gnome-clocks/raw/master/data/appdata/alarm-setup.png</image>
      </screenshot>
      <screenshot>
        <caption>Stopwatch screen</caption>
        <image type="source">https://gitlab.gnome.org/GNOME/gnome-clocks/raw/master/data/appdata/stopwatch.png</image>
      </screenshot>
      <screenshot>
        <caption>Timer screen</caption>
        <image type="source">https://gitlab.gnome.org/GNOME/gnome-clocks/raw/master/data/appdata/timer.png</image>
      </screenshot>
    </screenshots>
    <content_rating type="oars-1.0"/>
    <releases>
      <release type="stable" timestamp="1589068800" version="3.36.2">
        <description><p>Some of the enhancements and bug fixes included in this release</p><ul><li>World: Handle impossible places</li><li>Timer: Fix signal for updating the duration</li></ul></description>
      </release>
      <release type="stable" timestamp="1583020800" version="3.36.0">
        <description><p>A new re-designed release of GNOME Clocks</p><ul><li>Major redesign of the application</li><li>Multiple timers support</li><li>Daylight status for World clocks</li><li>Adaptive layout: Mobile support</li><li>Updated translations</li></ul></description>
      </release>
      <release type="stable" timestamp="1567987200" version="3.34.0"/>
      <release type="development" timestamp="1541894400" version="3.31.1"/>
      <release type="stable" timestamp="1540080000" version="3.30.1"/>
    </releases>
    <provides>
      <dbus type="session">org.gnome.clocks</dbus>
    </provides>
    <launchable type="desktop-id">org.gnome.clocks.desktop</launchable>
  </component>
</components>

