DEBUG:   Getting filename match for emacs-26.3-4.x86_64.rpm
DEBUG:   Exploding tree for emacs
DEBUG:   Processing emacs-26.3-4.x86_64.rpm with appdata
DEBUG:   Running asb_plugin_process() from appdata
INFO:    Upstream contact <emacs-devel_AT_gnu.org>
WARNING: Unable to currently map Fedora license 'null' to SPDX
DEBUG:   Running asb_plugin_process_app() from desktop
WARNING: Ignoring: a desktop file is required for org.gnu.emacs
DEBUG:   Running asb_plugin_process_app() from font
DEBUG:   Running asb_plugin_process_app() from gettext
DEBUG:   Running asb_plugin_process_app() from hardcoded
DEBUG:   Running asb_plugin_process_app() from icon
<components version="1.0">
  <component type="desktop">
    <id>org.gnu.emacs</id>
    <pkgname>emacs</pkgname>
    <name>GNU Emacs</name>
    <summary>An extensible text editor</summary>
    <description><p>GNU Emacs is an extensible, customizable text editor - and more. At its core is an interpreter for Emacs Lisp, a dialect of the Lisp programming language with extensions to support text editing.</p><p>The features of GNU Emacs include:</p><ul><li>Content-sensitive editing modes, including syntax coloring, for a wide-range of file types</li><li>Complete built-in documentation, including a tutorial for new users</li><li>Full Unicode support for nearly all human languages and their scripts</li><li>Highly customizable, using Emacs Lisp code or a graphical interface</li><li>Includes a project planner, mail and news reader, debugger interface, calendar, and more</li></ul></description>
    <vetos>
      <veto>Has no Icon</veto>
    </vetos>
    <project_license>GPL-3.0+ and GFDL-1.3+</project_license>
    <url type="homepage">https://www.gnu.org/software/emacs</url>
    <project_group>GNU</project_group>
    <screenshots>
      <screenshot type="default">
        <image type="source" height="354" width="632">https://www.gnu.org/software/emacs/images/appdata-26.png</image>
      </screenshot>
    </screenshots>
    <launchable type="desktop-id">emacs</launchable>
  </component>
</components>

